INFO - 2023-06-05 01:56:40 --> Session: Class initialized using 'CodeIgniter\Session\Handlers\FileHandler' driver.
INFO - 2023-06-05 01:56:46 --> Session: Class initialized using 'CodeIgniter\Session\Handlers\FileHandler' driver.
INFO - 2023-06-05 01:56:55 --> Session: Class initialized using 'CodeIgniter\Session\Handlers\FileHandler' driver.
INFO - 2023-06-05 01:56:56 --> Session: Class initialized using 'CodeIgniter\Session\Handlers\FileHandler' driver.
INFO - 2023-06-05 01:57:01 --> Session: Class initialized using 'CodeIgniter\Session\Handlers\FileHandler' driver.
CRITICAL - 2023-06-05 07:26:54 --> Undefined variable $peminjamanModel
in APPPATH\Controllers\KaryawanController.php on line 243.
 1 APPPATH\Controllers\KaryawanController.php(243): CodeIgniter\Debug\Exceptions->errorHandler(2, 'Undefined variable $peminjamanModel', 'C:\\xampp\\htdocs\\kelompok4-main\\app\\Controllers\\KaryawanController.php', 243)
 2 SYSTEMPATH\CodeIgniter.php(934): App\Controllers\KaryawanController->updateTracking('2')
 3 SYSTEMPATH\CodeIgniter.php(499): CodeIgniter\CodeIgniter->runController(Object(App\Controllers\KaryawanController))
 4 SYSTEMPATH\CodeIgniter.php(368): CodeIgniter\CodeIgniter->handleRequest(null, Object(Config\Cache), false)
 5 FCPATH\index.php(67): CodeIgniter\CodeIgniter->run()
 6 SYSTEMPATH\Commands\Server\rewrite.php(47): require_once('C:\\xampp\\htdocs\\kelompok4-main\\public\\index.php')
CRITICAL - 2023-06-05 07:27:40 --> Undefined variable $peminjamanModel
in APPPATH\Controllers\KaryawanController.php on line 243.
 1 APPPATH\Controllers\KaryawanController.php(243): CodeIgniter\Debug\Exceptions->errorHandler(2, 'Undefined variable $peminjamanModel', 'C:\\xampp\\htdocs\\kelompok4-main\\app\\Controllers\\KaryawanController.php', 243)
 2 SYSTEMPATH\CodeIgniter.php(934): App\Controllers\KaryawanController->updateTracking('2')
 3 SYSTEMPATH\CodeIgniter.php(499): CodeIgniter\CodeIgniter->runController(Object(App\Controllers\KaryawanController))
 4 SYSTEMPATH\CodeIgniter.php(368): CodeIgniter\CodeIgniter->handleRequest(null, Object(Config\Cache), false)
 5 FCPATH\index.php(67): CodeIgniter\CodeIgniter->run()
 6 SYSTEMPATH\Commands\Server\rewrite.php(47): require_once('C:\\xampp\\htdocs\\kelompok4-main\\public\\index.php')
CRITICAL - 2023-06-05 07:30:51 --> Undefined variable $peminjamanModel
in APPPATH\Controllers\KaryawanController.php on line 243.
 1 APPPATH\Controllers\KaryawanController.php(243): CodeIgniter\Debug\Exceptions->errorHandler(2, 'Undefined variable $peminjamanModel', 'C:\\xampp\\htdocs\\kelompok4-main\\app\\Controllers\\KaryawanController.php', 243)
 2 SYSTEMPATH\CodeIgniter.php(934): App\Controllers\KaryawanController->updateTracking('2')
 3 SYSTEMPATH\CodeIgniter.php(499): CodeIgniter\CodeIgniter->runController(Object(App\Controllers\KaryawanController))
 4 SYSTEMPATH\CodeIgniter.php(368): CodeIgniter\CodeIgniter->handleRequest(null, Object(Config\Cache), false)
 5 FCPATH\index.php(67): CodeIgniter\CodeIgniter->run()
 6 SYSTEMPATH\Commands\Server\rewrite.php(47): require_once('C:\\xampp\\htdocs\\kelompok4-main\\public\\index.php')
CRITICAL - 2023-06-05 07:31:34 --> Undefined variable $deleted
in APPPATH\Controllers\KaryawanController.php on line 264.
 1 APPPATH\Controllers\KaryawanController.php(264): CodeIgniter\Debug\Exceptions->errorHandler(2, 'Undefined variable $deleted', 'C:\\xampp\\htdocs\\kelompok4-main\\app\\Controllers\\KaryawanController.php', 264)
 2 SYSTEMPATH\CodeIgniter.php(934): App\Controllers\KaryawanController->deleteTracking('2')
 3 SYSTEMPATH\CodeIgniter.php(499): CodeIgniter\CodeIgniter->runController(Object(App\Controllers\KaryawanController))
 4 SYSTEMPATH\CodeIgniter.php(368): CodeIgniter\CodeIgniter->handleRequest(null, Object(Config\Cache), false)
 5 FCPATH\index.php(67): CodeIgniter\CodeIgniter->run()
 6 SYSTEMPATH\Commands\Server\rewrite.php(47): require_once('C:\\xampp\\htdocs\\kelompok4-main\\public\\index.php')
CRITICAL - 2023-06-05 07:39:01 --> Undefined variable $peminjamanModel
in APPPATH\Controllers\KaryawanController.php on line 243.
 1 APPPATH\Controllers\KaryawanController.php(243): CodeIgniter\Debug\Exceptions->errorHandler(2, 'Undefined variable $peminjamanModel', 'C:\\xampp\\htdocs\\kelompok4-main\\app\\Controllers\\KaryawanController.php', 243)
 2 SYSTEMPATH\CodeIgniter.php(934): App\Controllers\KaryawanController->updateTracking('undefined')
 3 SYSTEMPATH\CodeIgniter.php(499): CodeIgniter\CodeIgniter->runController(Object(App\Controllers\KaryawanController))
 4 SYSTEMPATH\CodeIgniter.php(368): CodeIgniter\CodeIgniter->handleRequest(null, Object(Config\Cache), false)
 5 FCPATH\index.php(67): CodeIgniter\CodeIgniter->run()
 6 SYSTEMPATH\Commands\Server\rewrite.php(47): require_once('C:\\xampp\\htdocs\\kelompok4-main\\public\\index.php')
CRITICAL - 2023-06-05 10:41:19 --> Undefined array key "status"
in APPPATH\Views\karyawan.php on line 248.
 1 APPPATH\Views\karyawan.php(248): CodeIgniter\Debug\Exceptions->errorHandler(2, 'Undefined array key "status"', 'C:\\xampp\\htdocs\\kelompok4-main\\app\\Views\\karyawan.php', 248)
 2 SYSTEMPATH\View\View.php(213): include('C:\\xampp\\htdocs\\kelompok4-main\\app\\Views\\karyawan.php')
 3 SYSTEMPATH\View\View.php(216): CodeIgniter\View\View->CodeIgniter\View\{closure}()
 4 SYSTEMPATH\Common.php(1184): CodeIgniter\View\View->render('karyawan', [], true)
 5 APPPATH\Controllers\KaryawanController.php(27): view('karyawan', [...])
 6 SYSTEMPATH\CodeIgniter.php(934): App\Controllers\KaryawanController->index()
 7 SYSTEMPATH\CodeIgniter.php(499): CodeIgniter\CodeIgniter->runController(Object(App\Controllers\KaryawanController))
 8 SYSTEMPATH\CodeIgniter.php(368): CodeIgniter\CodeIgniter->handleRequest(null, Object(Config\Cache), false)
 9 FCPATH\index.php(67): CodeIgniter\CodeIgniter->run()
10 SYSTEMPATH\Commands\Server\rewrite.php(47): require_once('C:\\xampp\\htdocs\\kelompok4-main\\public\\index.php')
CRITICAL - 2023-06-05 10:46:35 --> Undefined array key "status"
in APPPATH\Views\karyawan.php on line 250.
 1 APPPATH\Views\karyawan.php(250): CodeIgniter\Debug\Exceptions->errorHandler(2, 'Undefined array key "status"', 'C:\\xampp\\htdocs\\kelompok4-main\\app\\Views\\karyawan.php', 250)
 2 SYSTEMPATH\View\View.php(213): include('C:\\xampp\\htdocs\\kelompok4-main\\app\\Views\\karyawan.php')
 3 SYSTEMPATH\View\View.php(216): CodeIgniter\View\View->CodeIgniter\View\{closure}()
 4 SYSTEMPATH\Common.php(1184): CodeIgniter\View\View->render('karyawan', [], true)
 5 APPPATH\Controllers\KaryawanController.php(27): view('karyawan', [...])
 6 SYSTEMPATH\CodeIgniter.php(934): App\Controllers\KaryawanController->index()
 7 SYSTEMPATH\CodeIgniter.php(499): CodeIgniter\CodeIgniter->runController(Object(App\Controllers\KaryawanController))
 8 SYSTEMPATH\CodeIgniter.php(368): CodeIgniter\CodeIgniter->handleRequest(null, Object(Config\Cache), false)
 9 FCPATH\index.php(67): CodeIgniter\CodeIgniter->run()
10 SYSTEMPATH\Commands\Server\rewrite.php(47): require_once('C:\\xampp\\htdocs\\kelompok4-main\\public\\index.php')
