CRITICAL - 2023-05-20 00:32:36 --> Call to a member function getPost() on null
in APPPATH\Models\PeminjamanModel.php on line 48.
 1 APPPATH\Controllers\Peminjaman.php(64): App\Models\PeminjamanModel->savePeminjaman()
 2 SYSTEMPATH\CodeIgniter.php(934): App\Controllers\Peminjaman->save()
 3 SYSTEMPATH\CodeIgniter.php(499): CodeIgniter\CodeIgniter->runController(Object(App\Controllers\Peminjaman))
 4 SYSTEMPATH\CodeIgniter.php(368): CodeIgniter\CodeIgniter->handleRequest(null, Object(Config\Cache), false)
 5 FCPATH\index.php(67): CodeIgniter\CodeIgniter->run()
 6 SYSTEMPATH\Commands\Server\rewrite.php(47): require_once('C:\\xampp\\htdocs\\kelompok4-main\\public\\index.php')
CRITICAL - 2023-05-20 00:34:33 --> Call to a member function getPost() on null
in APPPATH\Models\PeminjamanModel.php on line 48.
 1 APPPATH\Controllers\Peminjaman.php(64): App\Models\PeminjamanModel->savePeminjaman()
 2 SYSTEMPATH\CodeIgniter.php(934): App\Controllers\Peminjaman->save()
 3 SYSTEMPATH\CodeIgniter.php(499): CodeIgniter\CodeIgniter->runController(Object(App\Controllers\Peminjaman))
 4 SYSTEMPATH\CodeIgniter.php(368): CodeIgniter\CodeIgniter->handleRequest(null, Object(Config\Cache), false)
 5 FCPATH\index.php(67): CodeIgniter\CodeIgniter->run()
 6 SYSTEMPATH\Commands\Server\rewrite.php(47): require_once('C:\\xampp\\htdocs\\kelompok4-main\\public\\index.php')
CRITICAL - 2023-05-20 00:35:32 --> Call to a member function helper() on null
in APPPATH\Models\PeminjamanModel.php on line 48.
 1 APPPATH\Controllers\Peminjaman.php(64): App\Models\PeminjamanModel->savePeminjaman()
 2 SYSTEMPATH\CodeIgniter.php(934): App\Controllers\Peminjaman->save()
 3 SYSTEMPATH\CodeIgniter.php(499): CodeIgniter\CodeIgniter->runController(Object(App\Controllers\Peminjaman))
 4 SYSTEMPATH\CodeIgniter.php(368): CodeIgniter\CodeIgniter->handleRequest(null, Object(Config\Cache), false)
 5 FCPATH\index.php(67): CodeIgniter\CodeIgniter->run()
 6 SYSTEMPATH\Commands\Server\rewrite.php(47): require_once('C:\\xampp\\htdocs\\kelompok4-main\\public\\index.php')
CRITICAL - 2023-05-20 00:37:27 --> Call to a member function getPost() on null
in APPPATH\Models\PeminjamanModel.php on line 48.
 1 APPPATH\Controllers\Peminjaman.php(64): App\Models\PeminjamanModel->savePeminjaman()
 2 SYSTEMPATH\CodeIgniter.php(934): App\Controllers\Peminjaman->save()
 3 SYSTEMPATH\CodeIgniter.php(499): CodeIgniter\CodeIgniter->runController(Object(App\Controllers\Peminjaman))
 4 SYSTEMPATH\CodeIgniter.php(368): CodeIgniter\CodeIgniter->handleRequest(null, Object(Config\Cache), false)
 5 FCPATH\index.php(67): CodeIgniter\CodeIgniter->run()
 6 SYSTEMPATH\Commands\Server\rewrite.php(47): require_once('C:\\xampp\\htdocs\\kelompok4-main\\public\\index.php')
CRITICAL - 2023-05-20 00:46:23 --> Call to a member function getPost() on array
in APPPATH\Models\PeminjamanModel.php on line 47.
 1 APPPATH\Controllers\Peminjaman.php(72): App\Models\PeminjamanModel->savePeminjaman([...])
 2 SYSTEMPATH\CodeIgniter.php(934): App\Controllers\Peminjaman->save()
 3 SYSTEMPATH\CodeIgniter.php(499): CodeIgniter\CodeIgniter->runController(Object(App\Controllers\Peminjaman))
 4 SYSTEMPATH\CodeIgniter.php(368): CodeIgniter\CodeIgniter->handleRequest(null, Object(Config\Cache), false)
 5 FCPATH\index.php(67): CodeIgniter\CodeIgniter->run()
 6 SYSTEMPATH\Commands\Server\rewrite.php(47): require_once('C:\\xampp\\htdocs\\kelompok4-main\\public\\index.php')
CRITICAL - 2023-05-20 00:50:08 --> Call to a member function getPost() on array
in APPPATH\Models\PeminjamanModel.php on line 47.
 1 APPPATH\Controllers\Peminjaman.php(72): App\Models\PeminjamanModel->savePeminjaman([...])
 2 SYSTEMPATH\CodeIgniter.php(934): App\Controllers\Peminjaman->save()
 3 SYSTEMPATH\CodeIgniter.php(499): CodeIgniter\CodeIgniter->runController(Object(App\Controllers\Peminjaman))
 4 SYSTEMPATH\CodeIgniter.php(368): CodeIgniter\CodeIgniter->handleRequest(null, Object(Config\Cache), false)
 5 FCPATH\index.php(67): CodeIgniter\CodeIgniter->run()
 6 SYSTEMPATH\Commands\Server\rewrite.php(47): require_once('C:\\xampp\\htdocs\\kelompok4-main\\public\\index.php')
CRITICAL - 2023-05-20 01:04:25 --> Call to undefined method App\Models\PeminjamanModel::savePeminjaman
in SYSTEMPATH\Model.php on line 842.
 1 APPPATH\Controllers\Peminjaman.php(67): CodeIgniter\Model->__call('savePeminjaman', [...])
 2 SYSTEMPATH\CodeIgniter.php(934): App\Controllers\Peminjaman->save()
 3 SYSTEMPATH\CodeIgniter.php(499): CodeIgniter\CodeIgniter->runController(Object(App\Controllers\Peminjaman))
 4 SYSTEMPATH\CodeIgniter.php(368): CodeIgniter\CodeIgniter->handleRequest(null, Object(Config\Cache), false)
 5 FCPATH\index.php(67): CodeIgniter\CodeIgniter->run()
 6 SYSTEMPATH\Commands\Server\rewrite.php(47): require_once('C:\\xampp\\htdocs\\kelompok4-main\\public\\index.php')
CRITICAL - 2023-05-20 01:10:19 --> Undefined array key "id"
in APPPATH\Views\karyawan.php on line 131.
 1 APPPATH\Views\karyawan.php(131): CodeIgniter\Debug\Exceptions->errorHandler(2, 'Undefined array key "id"', 'C:\\xampp\\htdocs\\kelompok4-main\\app\\Views\\karyawan.php', 131)
 2 SYSTEMPATH\View\View.php(213): include('C:\\xampp\\htdocs\\kelompok4-main\\app\\Views\\karyawan.php')
 3 SYSTEMPATH\View\View.php(216): CodeIgniter\View\View->CodeIgniter\View\{closure}()
 4 SYSTEMPATH\Common.php(1184): CodeIgniter\View\View->render('karyawan', [], true)
 5 APPPATH\Controllers\Peminjaman.php(19): view('karyawan', [...])
 6 SYSTEMPATH\CodeIgniter.php(934): App\Controllers\Peminjaman->index()
 7 SYSTEMPATH\CodeIgniter.php(499): CodeIgniter\CodeIgniter->runController(Object(App\Controllers\Peminjaman))
 8 SYSTEMPATH\CodeIgniter.php(368): CodeIgniter\CodeIgniter->handleRequest(null, Object(Config\Cache), false)
 9 FCPATH\index.php(67): CodeIgniter\CodeIgniter->run()
10 SYSTEMPATH\Commands\Server\rewrite.php(47): require_once('C:\\xampp\\htdocs\\kelompok4-main\\public\\index.php')
CRITICAL - 2023-05-20 01:15:33 --> Undefined array key "id"
in APPPATH\Views\karyawan.php on line 131.
 1 APPPATH\Views\karyawan.php(131): CodeIgniter\Debug\Exceptions->errorHandler(2, 'Undefined array key "id"', 'C:\\xampp\\htdocs\\kelompok4-main\\app\\Views\\karyawan.php', 131)
 2 SYSTEMPATH\View\View.php(213): include('C:\\xampp\\htdocs\\kelompok4-main\\app\\Views\\karyawan.php')
 3 SYSTEMPATH\View\View.php(216): CodeIgniter\View\View->CodeIgniter\View\{closure}()
 4 SYSTEMPATH\Common.php(1184): CodeIgniter\View\View->render('karyawan', [], true)
 5 APPPATH\Controllers\Peminjaman.php(19): view('karyawan', [...])
 6 SYSTEMPATH\CodeIgniter.php(934): App\Controllers\Peminjaman->index()
 7 SYSTEMPATH\CodeIgniter.php(499): CodeIgniter\CodeIgniter->runController(Object(App\Controllers\Peminjaman))
 8 SYSTEMPATH\CodeIgniter.php(368): CodeIgniter\CodeIgniter->handleRequest(null, Object(Config\Cache), false)
 9 FCPATH\index.php(67): CodeIgniter\CodeIgniter->run()
10 SYSTEMPATH\Commands\Server\rewrite.php(47): require_once('C:\\xampp\\htdocs\\kelompok4-main\\public\\index.php')
CRITICAL - 2023-05-20 01:15:37 --> Undefined array key "id"
in APPPATH\Views\karyawan.php on line 131.
 1 APPPATH\Views\karyawan.php(131): CodeIgniter\Debug\Exceptions->errorHandler(2, 'Undefined array key "id"', 'C:\\xampp\\htdocs\\kelompok4-main\\app\\Views\\karyawan.php', 131)
 2 SYSTEMPATH\View\View.php(213): include('C:\\xampp\\htdocs\\kelompok4-main\\app\\Views\\karyawan.php')
 3 SYSTEMPATH\View\View.php(216): CodeIgniter\View\View->CodeIgniter\View\{closure}()
 4 SYSTEMPATH\Common.php(1184): CodeIgniter\View\View->render('karyawan', [], true)
 5 APPPATH\Controllers\Peminjaman.php(19): view('karyawan', [...])
 6 SYSTEMPATH\CodeIgniter.php(934): App\Controllers\Peminjaman->index()
 7 SYSTEMPATH\CodeIgniter.php(499): CodeIgniter\CodeIgniter->runController(Object(App\Controllers\Peminjaman))
 8 SYSTEMPATH\CodeIgniter.php(368): CodeIgniter\CodeIgniter->handleRequest(null, Object(Config\Cache), false)
 9 FCPATH\index.php(67): CodeIgniter\CodeIgniter->run()
10 SYSTEMPATH\Commands\Server\rewrite.php(47): require_once('C:\\xampp\\htdocs\\kelompok4-main\\public\\index.php')
CRITICAL - 2023-05-20 01:15:37 --> Undefined array key "id"
in APPPATH\Views\karyawan.php on line 131.
 1 APPPATH\Views\karyawan.php(131): CodeIgniter\Debug\Exceptions->errorHandler(2, 'Undefined array key "id"', 'C:\\xampp\\htdocs\\kelompok4-main\\app\\Views\\karyawan.php', 131)
 2 SYSTEMPATH\View\View.php(213): include('C:\\xampp\\htdocs\\kelompok4-main\\app\\Views\\karyawan.php')
 3 SYSTEMPATH\View\View.php(216): CodeIgniter\View\View->CodeIgniter\View\{closure}()
 4 SYSTEMPATH\Common.php(1184): CodeIgniter\View\View->render('karyawan', [], true)
 5 APPPATH\Controllers\Peminjaman.php(19): view('karyawan', [...])
 6 SYSTEMPATH\CodeIgniter.php(934): App\Controllers\Peminjaman->index()
 7 SYSTEMPATH\CodeIgniter.php(499): CodeIgniter\CodeIgniter->runController(Object(App\Controllers\Peminjaman))
 8 SYSTEMPATH\CodeIgniter.php(368): CodeIgniter\CodeIgniter->handleRequest(null, Object(Config\Cache), false)
 9 FCPATH\index.php(67): CodeIgniter\CodeIgniter->run()
10 SYSTEMPATH\Commands\Server\rewrite.php(47): require_once('C:\\xampp\\htdocs\\kelompok4-main\\public\\index.php')
CRITICAL - 2023-05-20 01:15:38 --> Undefined array key "id"
in APPPATH\Views\karyawan.php on line 131.
 1 APPPATH\Views\karyawan.php(131): CodeIgniter\Debug\Exceptions->errorHandler(2, 'Undefined array key "id"', 'C:\\xampp\\htdocs\\kelompok4-main\\app\\Views\\karyawan.php', 131)
 2 SYSTEMPATH\View\View.php(213): include('C:\\xampp\\htdocs\\kelompok4-main\\app\\Views\\karyawan.php')
 3 SYSTEMPATH\View\View.php(216): CodeIgniter\View\View->CodeIgniter\View\{closure}()
 4 SYSTEMPATH\Common.php(1184): CodeIgniter\View\View->render('karyawan', [], true)
 5 APPPATH\Controllers\Peminjaman.php(19): view('karyawan', [...])
 6 SYSTEMPATH\CodeIgniter.php(934): App\Controllers\Peminjaman->index()
 7 SYSTEMPATH\CodeIgniter.php(499): CodeIgniter\CodeIgniter->runController(Object(App\Controllers\Peminjaman))
 8 SYSTEMPATH\CodeIgniter.php(368): CodeIgniter\CodeIgniter->handleRequest(null, Object(Config\Cache), false)
 9 FCPATH\index.php(67): CodeIgniter\CodeIgniter->run()
10 SYSTEMPATH\Commands\Server\rewrite.php(47): require_once('C:\\xampp\\htdocs\\kelompok4-main\\public\\index.php')
CRITICAL - 2023-05-20 01:15:38 --> Undefined array key "id"
in APPPATH\Views\karyawan.php on line 131.
 1 APPPATH\Views\karyawan.php(131): CodeIgniter\Debug\Exceptions->errorHandler(2, 'Undefined array key "id"', 'C:\\xampp\\htdocs\\kelompok4-main\\app\\Views\\karyawan.php', 131)
 2 SYSTEMPATH\View\View.php(213): include('C:\\xampp\\htdocs\\kelompok4-main\\app\\Views\\karyawan.php')
 3 SYSTEMPATH\View\View.php(216): CodeIgniter\View\View->CodeIgniter\View\{closure}()
 4 SYSTEMPATH\Common.php(1184): CodeIgniter\View\View->render('karyawan', [], true)
 5 APPPATH\Controllers\Peminjaman.php(19): view('karyawan', [...])
 6 SYSTEMPATH\CodeIgniter.php(934): App\Controllers\Peminjaman->index()
 7 SYSTEMPATH\CodeIgniter.php(499): CodeIgniter\CodeIgniter->runController(Object(App\Controllers\Peminjaman))
 8 SYSTEMPATH\CodeIgniter.php(368): CodeIgniter\CodeIgniter->handleRequest(null, Object(Config\Cache), false)
 9 FCPATH\index.php(67): CodeIgniter\CodeIgniter->run()
10 SYSTEMPATH\Commands\Server\rewrite.php(47): require_once('C:\\xampp\\htdocs\\kelompok4-main\\public\\index.php')
CRITICAL - 2023-05-20 01:15:39 --> Undefined array key "id"
in APPPATH\Views\karyawan.php on line 131.
 1 APPPATH\Views\karyawan.php(131): CodeIgniter\Debug\Exceptions->errorHandler(2, 'Undefined array key "id"', 'C:\\xampp\\htdocs\\kelompok4-main\\app\\Views\\karyawan.php', 131)
 2 SYSTEMPATH\View\View.php(213): include('C:\\xampp\\htdocs\\kelompok4-main\\app\\Views\\karyawan.php')
 3 SYSTEMPATH\View\View.php(216): CodeIgniter\View\View->CodeIgniter\View\{closure}()
 4 SYSTEMPATH\Common.php(1184): CodeIgniter\View\View->render('karyawan', [], true)
 5 APPPATH\Controllers\Peminjaman.php(19): view('karyawan', [...])
 6 SYSTEMPATH\CodeIgniter.php(934): App\Controllers\Peminjaman->index()
 7 SYSTEMPATH\CodeIgniter.php(499): CodeIgniter\CodeIgniter->runController(Object(App\Controllers\Peminjaman))
 8 SYSTEMPATH\CodeIgniter.php(368): CodeIgniter\CodeIgniter->handleRequest(null, Object(Config\Cache), false)
 9 FCPATH\index.php(67): CodeIgniter\CodeIgniter->run()
10 SYSTEMPATH\Commands\Server\rewrite.php(47): require_once('C:\\xampp\\htdocs\\kelompok4-main\\public\\index.php')
CRITICAL - 2023-05-20 01:15:40 --> Undefined array key "id"
in APPPATH\Views\karyawan.php on line 131.
 1 APPPATH\Views\karyawan.php(131): CodeIgniter\Debug\Exceptions->errorHandler(2, 'Undefined array key "id"', 'C:\\xampp\\htdocs\\kelompok4-main\\app\\Views\\karyawan.php', 131)
 2 SYSTEMPATH\View\View.php(213): include('C:\\xampp\\htdocs\\kelompok4-main\\app\\Views\\karyawan.php')
 3 SYSTEMPATH\View\View.php(216): CodeIgniter\View\View->CodeIgniter\View\{closure}()
 4 SYSTEMPATH\Common.php(1184): CodeIgniter\View\View->render('karyawan', [], true)
 5 APPPATH\Controllers\Peminjaman.php(19): view('karyawan', [...])
 6 SYSTEMPATH\CodeIgniter.php(934): App\Controllers\Peminjaman->index()
 7 SYSTEMPATH\CodeIgniter.php(499): CodeIgniter\CodeIgniter->runController(Object(App\Controllers\Peminjaman))
 8 SYSTEMPATH\CodeIgniter.php(368): CodeIgniter\CodeIgniter->handleRequest(null, Object(Config\Cache), false)
 9 FCPATH\index.php(67): CodeIgniter\CodeIgniter->run()
10 SYSTEMPATH\Commands\Server\rewrite.php(47): require_once('C:\\xampp\\htdocs\\kelompok4-main\\public\\index.php')
CRITICAL - 2023-05-20 01:16:41 --> Undefined array key "id"
in APPPATH\Views\karyawan.php on line 131.
 1 APPPATH\Views\karyawan.php(131): CodeIgniter\Debug\Exceptions->errorHandler(2, 'Undefined array key "id"', 'C:\\xampp\\htdocs\\kelompok4-main\\app\\Views\\karyawan.php', 131)
 2 SYSTEMPATH\View\View.php(213): include('C:\\xampp\\htdocs\\kelompok4-main\\app\\Views\\karyawan.php')
 3 SYSTEMPATH\View\View.php(216): CodeIgniter\View\View->CodeIgniter\View\{closure}()
 4 SYSTEMPATH\Common.php(1184): CodeIgniter\View\View->render('karyawan', [], true)
 5 APPPATH\Controllers\Peminjaman.php(19): view('karyawan', [...])
 6 SYSTEMPATH\CodeIgniter.php(934): App\Controllers\Peminjaman->index()
 7 SYSTEMPATH\CodeIgniter.php(499): CodeIgniter\CodeIgniter->runController(Object(App\Controllers\Peminjaman))
 8 SYSTEMPATH\CodeIgniter.php(368): CodeIgniter\CodeIgniter->handleRequest(null, Object(Config\Cache), false)
 9 FCPATH\index.php(67): CodeIgniter\CodeIgniter->run()
10 SYSTEMPATH\Commands\Server\rewrite.php(47): require_once('C:\\xampp\\htdocs\\kelompok4-main\\public\\index.php')
CRITICAL - 2023-05-20 01:16:43 --> Undefined array key "id"
in APPPATH\Views\karyawan.php on line 131.
 1 APPPATH\Views\karyawan.php(131): CodeIgniter\Debug\Exceptions->errorHandler(2, 'Undefined array key "id"', 'C:\\xampp\\htdocs\\kelompok4-main\\app\\Views\\karyawan.php', 131)
 2 SYSTEMPATH\View\View.php(213): include('C:\\xampp\\htdocs\\kelompok4-main\\app\\Views\\karyawan.php')
 3 SYSTEMPATH\View\View.php(216): CodeIgniter\View\View->CodeIgniter\View\{closure}()
 4 SYSTEMPATH\Common.php(1184): CodeIgniter\View\View->render('karyawan', [], true)
 5 APPPATH\Controllers\Peminjaman.php(19): view('karyawan', [...])
 6 SYSTEMPATH\CodeIgniter.php(934): App\Controllers\Peminjaman->index()
 7 SYSTEMPATH\CodeIgniter.php(499): CodeIgniter\CodeIgniter->runController(Object(App\Controllers\Peminjaman))
 8 SYSTEMPATH\CodeIgniter.php(368): CodeIgniter\CodeIgniter->handleRequest(null, Object(Config\Cache), false)
 9 FCPATH\index.php(67): CodeIgniter\CodeIgniter->run()
10 SYSTEMPATH\Commands\Server\rewrite.php(47): require_once('C:\\xampp\\htdocs\\kelompok4-main\\public\\index.php')
CRITICAL - 2023-05-20 01:19:35 --> Undefined array key "nama_peminjam"
in APPPATH\Views\karyawan.php on line 132.
 1 APPPATH\Views\karyawan.php(132): CodeIgniter\Debug\Exceptions->errorHandler(2, 'Undefined array key "nama_peminjam"', 'C:\\xampp\\htdocs\\kelompok4-main\\app\\Views\\karyawan.php', 132)
 2 SYSTEMPATH\View\View.php(213): include('C:\\xampp\\htdocs\\kelompok4-main\\app\\Views\\karyawan.php')
 3 SYSTEMPATH\View\View.php(216): CodeIgniter\View\View->CodeIgniter\View\{closure}()
 4 SYSTEMPATH\Common.php(1184): CodeIgniter\View\View->render('karyawan', [], true)
 5 APPPATH\Controllers\Peminjaman.php(19): view('karyawan', [...])
 6 SYSTEMPATH\CodeIgniter.php(934): App\Controllers\Peminjaman->index()
 7 SYSTEMPATH\CodeIgniter.php(499): CodeIgniter\CodeIgniter->runController(Object(App\Controllers\Peminjaman))
 8 SYSTEMPATH\CodeIgniter.php(368): CodeIgniter\CodeIgniter->handleRequest(null, Object(Config\Cache), false)
 9 FCPATH\index.php(67): CodeIgniter\CodeIgniter->run()
10 SYSTEMPATH\Commands\Server\rewrite.php(47): require_once('C:\\xampp\\htdocs\\kelompok4-main\\public\\index.php')
CRITICAL - 2023-05-20 01:22:49 --> Undefined array key "nama_barang"
in APPPATH\Views\karyawan.php on line 133.
 1 APPPATH\Views\karyawan.php(133): CodeIgniter\Debug\Exceptions->errorHandler(2, 'Undefined array key "nama_barang"', 'C:\\xampp\\htdocs\\kelompok4-main\\app\\Views\\karyawan.php', 133)
 2 SYSTEMPATH\View\View.php(213): include('C:\\xampp\\htdocs\\kelompok4-main\\app\\Views\\karyawan.php')
 3 SYSTEMPATH\View\View.php(216): CodeIgniter\View\View->CodeIgniter\View\{closure}()
 4 SYSTEMPATH\Common.php(1184): CodeIgniter\View\View->render('karyawan', [], true)
 5 APPPATH\Controllers\Peminjaman.php(19): view('karyawan', [...])
 6 SYSTEMPATH\CodeIgniter.php(934): App\Controllers\Peminjaman->index()
 7 SYSTEMPATH\CodeIgniter.php(499): CodeIgniter\CodeIgniter->runController(Object(App\Controllers\Peminjaman))
 8 SYSTEMPATH\CodeIgniter.php(368): CodeIgniter\CodeIgniter->handleRequest(null, Object(Config\Cache), false)
 9 FCPATH\index.php(67): CodeIgniter\CodeIgniter->run()
10 SYSTEMPATH\Commands\Server\rewrite.php(47): require_once('C:\\xampp\\htdocs\\kelompok4-main\\public\\index.php')
CRITICAL - 2023-05-20 01:25:21 --> Unsupported operand types: string + int
in APPPATH\Views\karyawan.php on line 114.
 1 SYSTEMPATH\View\View.php(213): include()
 2 SYSTEMPATH\View\View.php(216): CodeIgniter\View\View->CodeIgniter\View\{closure}()
 3 SYSTEMPATH\Common.php(1184): CodeIgniter\View\View->render('karyawan', [], true)
 4 APPPATH\Controllers\Peminjaman.php(33): view('karyawan', [...])
 5 SYSTEMPATH\CodeIgniter.php(934): App\Controllers\Peminjaman->edit('1')
 6 SYSTEMPATH\CodeIgniter.php(499): CodeIgniter\CodeIgniter->runController(Object(App\Controllers\Peminjaman))
 7 SYSTEMPATH\CodeIgniter.php(368): CodeIgniter\CodeIgniter->handleRequest(null, Object(Config\Cache), false)
 8 FCPATH\index.php(67): CodeIgniter\CodeIgniter->run()
 9 SYSTEMPATH\Commands\Server\rewrite.php(47): require_once('C:\\xampp\\htdocs\\kelompok4-main\\public\\index.php')
CRITICAL - 2023-05-20 01:29:08 --> Undefined array key "id"
in APPPATH\Views\karyawan.php on line 131.
 1 APPPATH\Views\karyawan.php(131): CodeIgniter\Debug\Exceptions->errorHandler(2, 'Undefined array key "id"', 'C:\\xampp\\htdocs\\kelompok4-main\\app\\Views\\karyawan.php', 131)
 2 SYSTEMPATH\View\View.php(213): include('C:\\xampp\\htdocs\\kelompok4-main\\app\\Views\\karyawan.php')
 3 SYSTEMPATH\View\View.php(216): CodeIgniter\View\View->CodeIgniter\View\{closure}()
 4 SYSTEMPATH\Common.php(1184): CodeIgniter\View\View->render('karyawan', [], true)
 5 APPPATH\Controllers\Peminjaman.php(19): view('karyawan', [...])
 6 SYSTEMPATH\CodeIgniter.php(934): App\Controllers\Peminjaman->index()
 7 SYSTEMPATH\CodeIgniter.php(499): CodeIgniter\CodeIgniter->runController(Object(App\Controllers\Peminjaman))
 8 SYSTEMPATH\CodeIgniter.php(368): CodeIgniter\CodeIgniter->handleRequest(null, Object(Config\Cache), false)
 9 FCPATH\index.php(67): CodeIgniter\CodeIgniter->run()
10 SYSTEMPATH\Commands\Server\rewrite.php(47): require_once('C:\\xampp\\htdocs\\kelompok4-main\\public\\index.php')
CRITICAL - 2023-05-20 01:30:27 --> Undefined array key "id"
in APPPATH\Views\karyawan.php on line 131.
 1 APPPATH\Views\karyawan.php(131): CodeIgniter\Debug\Exceptions->errorHandler(2, 'Undefined array key "id"', 'C:\\xampp\\htdocs\\kelompok4-main\\app\\Views\\karyawan.php', 131)
 2 SYSTEMPATH\View\View.php(213): include('C:\\xampp\\htdocs\\kelompok4-main\\app\\Views\\karyawan.php')
 3 SYSTEMPATH\View\View.php(216): CodeIgniter\View\View->CodeIgniter\View\{closure}()
 4 SYSTEMPATH\Common.php(1184): CodeIgniter\View\View->render('karyawan', [], true)
 5 APPPATH\Controllers\Peminjaman.php(19): view('karyawan', [...])
 6 SYSTEMPATH\CodeIgniter.php(934): App\Controllers\Peminjaman->index()
 7 SYSTEMPATH\CodeIgniter.php(499): CodeIgniter\CodeIgniter->runController(Object(App\Controllers\Peminjaman))
 8 SYSTEMPATH\CodeIgniter.php(368): CodeIgniter\CodeIgniter->handleRequest(null, Object(Config\Cache), false)
 9 FCPATH\index.php(67): CodeIgniter\CodeIgniter->run()
10 SYSTEMPATH\Commands\Server\rewrite.php(47): require_once('C:\\xampp\\htdocs\\kelompok4-main\\public\\index.php')
CRITICAL - 2023-05-20 01:30:28 --> Undefined array key "id"
in APPPATH\Views\karyawan.php on line 131.
 1 APPPATH\Views\karyawan.php(131): CodeIgniter\Debug\Exceptions->errorHandler(2, 'Undefined array key "id"', 'C:\\xampp\\htdocs\\kelompok4-main\\app\\Views\\karyawan.php', 131)
 2 SYSTEMPATH\View\View.php(213): include('C:\\xampp\\htdocs\\kelompok4-main\\app\\Views\\karyawan.php')
 3 SYSTEMPATH\View\View.php(216): CodeIgniter\View\View->CodeIgniter\View\{closure}()
 4 SYSTEMPATH\Common.php(1184): CodeIgniter\View\View->render('karyawan', [], true)
 5 APPPATH\Controllers\Peminjaman.php(19): view('karyawan', [...])
 6 SYSTEMPATH\CodeIgniter.php(934): App\Controllers\Peminjaman->index()
 7 SYSTEMPATH\CodeIgniter.php(499): CodeIgniter\CodeIgniter->runController(Object(App\Controllers\Peminjaman))
 8 SYSTEMPATH\CodeIgniter.php(368): CodeIgniter\CodeIgniter->handleRequest(null, Object(Config\Cache), false)
 9 FCPATH\index.php(67): CodeIgniter\CodeIgniter->run()
10 SYSTEMPATH\Commands\Server\rewrite.php(47): require_once('C:\\xampp\\htdocs\\kelompok4-main\\public\\index.php')
CRITICAL - 2023-05-20 01:30:29 --> Undefined array key "id"
in APPPATH\Views\karyawan.php on line 131.
 1 APPPATH\Views\karyawan.php(131): CodeIgniter\Debug\Exceptions->errorHandler(2, 'Undefined array key "id"', 'C:\\xampp\\htdocs\\kelompok4-main\\app\\Views\\karyawan.php', 131)
 2 SYSTEMPATH\View\View.php(213): include('C:\\xampp\\htdocs\\kelompok4-main\\app\\Views\\karyawan.php')
 3 SYSTEMPATH\View\View.php(216): CodeIgniter\View\View->CodeIgniter\View\{closure}()
 4 SYSTEMPATH\Common.php(1184): CodeIgniter\View\View->render('karyawan', [], true)
 5 APPPATH\Controllers\Peminjaman.php(19): view('karyawan', [...])
 6 SYSTEMPATH\CodeIgniter.php(934): App\Controllers\Peminjaman->index()
 7 SYSTEMPATH\CodeIgniter.php(499): CodeIgniter\CodeIgniter->runController(Object(App\Controllers\Peminjaman))
 8 SYSTEMPATH\CodeIgniter.php(368): CodeIgniter\CodeIgniter->handleRequest(null, Object(Config\Cache), false)
 9 FCPATH\index.php(67): CodeIgniter\CodeIgniter->run()
10 SYSTEMPATH\Commands\Server\rewrite.php(47): require_once('C:\\xampp\\htdocs\\kelompok4-main\\public\\index.php')
CRITICAL - 2023-05-20 01:30:30 --> Undefined array key "id"
in APPPATH\Views\karyawan.php on line 131.
 1 APPPATH\Views\karyawan.php(131): CodeIgniter\Debug\Exceptions->errorHandler(2, 'Undefined array key "id"', 'C:\\xampp\\htdocs\\kelompok4-main\\app\\Views\\karyawan.php', 131)
 2 SYSTEMPATH\View\View.php(213): include('C:\\xampp\\htdocs\\kelompok4-main\\app\\Views\\karyawan.php')
 3 SYSTEMPATH\View\View.php(216): CodeIgniter\View\View->CodeIgniter\View\{closure}()
 4 SYSTEMPATH\Common.php(1184): CodeIgniter\View\View->render('karyawan', [], true)
 5 APPPATH\Controllers\Peminjaman.php(19): view('karyawan', [...])
 6 SYSTEMPATH\CodeIgniter.php(934): App\Controllers\Peminjaman->index()
 7 SYSTEMPATH\CodeIgniter.php(499): CodeIgniter\CodeIgniter->runController(Object(App\Controllers\Peminjaman))
 8 SYSTEMPATH\CodeIgniter.php(368): CodeIgniter\CodeIgniter->handleRequest(null, Object(Config\Cache), false)
 9 FCPATH\index.php(67): CodeIgniter\CodeIgniter->run()
10 SYSTEMPATH\Commands\Server\rewrite.php(47): require_once('C:\\xampp\\htdocs\\kelompok4-main\\public\\index.php')
CRITICAL - 2023-05-20 01:30:43 --> Unsupported operand types: string + int
in APPPATH\Views\karyawan.php on line 114.
 1 SYSTEMPATH\View\View.php(213): include()
 2 SYSTEMPATH\View\View.php(216): CodeIgniter\View\View->CodeIgniter\View\{closure}()
 3 SYSTEMPATH\Common.php(1184): CodeIgniter\View\View->render('karyawan', [], true)
 4 APPPATH\Controllers\Peminjaman.php(33): view('karyawan', [...])
 5 SYSTEMPATH\CodeIgniter.php(934): App\Controllers\Peminjaman->edit('1')
 6 SYSTEMPATH\CodeIgniter.php(499): CodeIgniter\CodeIgniter->runController(Object(App\Controllers\Peminjaman))
 7 SYSTEMPATH\CodeIgniter.php(368): CodeIgniter\CodeIgniter->handleRequest(null, Object(Config\Cache), false)
 8 FCPATH\index.php(67): CodeIgniter\CodeIgniter->run()
 9 SYSTEMPATH\Commands\Server\rewrite.php(47): require_once('C:\\xampp\\htdocs\\kelompok4-main\\public\\index.php')
CRITICAL - 2023-05-20 01:32:58 --> Unsupported operand types: string - int
in APPPATH\Views\karyawan.php on line 114.
 1 SYSTEMPATH\View\View.php(213): include()
 2 SYSTEMPATH\View\View.php(216): CodeIgniter\View\View->CodeIgniter\View\{closure}()
 3 SYSTEMPATH\Common.php(1184): CodeIgniter\View\View->render('karyawan', [], true)
 4 APPPATH\Controllers\Peminjaman.php(33): view('karyawan', [...])
 5 SYSTEMPATH\CodeIgniter.php(934): App\Controllers\Peminjaman->edit('1')
 6 SYSTEMPATH\CodeIgniter.php(499): CodeIgniter\CodeIgniter->runController(Object(App\Controllers\Peminjaman))
 7 SYSTEMPATH\CodeIgniter.php(368): CodeIgniter\CodeIgniter->handleRequest(null, Object(Config\Cache), false)
 8 FCPATH\index.php(67): CodeIgniter\CodeIgniter->run()
 9 SYSTEMPATH\Commands\Server\rewrite.php(47): require_once('C:\\xampp\\htdocs\\kelompok4-main\\public\\index.php')
CRITICAL - 2023-05-20 01:34:03 --> Unsupported operand types: string + int
in APPPATH\Views\karyawan.php on line 114.
 1 SYSTEMPATH\View\View.php(213): include()
 2 SYSTEMPATH\View\View.php(216): CodeIgniter\View\View->CodeIgniter\View\{closure}()
 3 SYSTEMPATH\Common.php(1184): CodeIgniter\View\View->render('karyawan', [], true)
 4 APPPATH\Controllers\Peminjaman.php(33): view('karyawan', [...])
 5 SYSTEMPATH\CodeIgniter.php(934): App\Controllers\Peminjaman->edit('1')
 6 SYSTEMPATH\CodeIgniter.php(499): CodeIgniter\CodeIgniter->runController(Object(App\Controllers\Peminjaman))
 7 SYSTEMPATH\CodeIgniter.php(368): CodeIgniter\CodeIgniter->handleRequest(null, Object(Config\Cache), false)
 8 FCPATH\index.php(67): CodeIgniter\CodeIgniter->run()
 9 SYSTEMPATH\Commands\Server\rewrite.php(47): require_once('C:\\xampp\\htdocs\\kelompok4-main\\public\\index.php')
CRITICAL - 2023-05-20 01:34:04 --> Unsupported operand types: string + int
in APPPATH\Views\karyawan.php on line 114.
 1 SYSTEMPATH\View\View.php(213): include()
 2 SYSTEMPATH\View\View.php(216): CodeIgniter\View\View->CodeIgniter\View\{closure}()
 3 SYSTEMPATH\Common.php(1184): CodeIgniter\View\View->render('karyawan', [], true)
 4 APPPATH\Controllers\Peminjaman.php(33): view('karyawan', [...])
 5 SYSTEMPATH\CodeIgniter.php(934): App\Controllers\Peminjaman->edit('1')
 6 SYSTEMPATH\CodeIgniter.php(499): CodeIgniter\CodeIgniter->runController(Object(App\Controllers\Peminjaman))
 7 SYSTEMPATH\CodeIgniter.php(368): CodeIgniter\CodeIgniter->handleRequest(null, Object(Config\Cache), false)
 8 FCPATH\index.php(67): CodeIgniter\CodeIgniter->run()
 9 SYSTEMPATH\Commands\Server\rewrite.php(47): require_once('C:\\xampp\\htdocs\\kelompok4-main\\public\\index.php')
CRITICAL - 2023-05-20 01:34:05 --> Unsupported operand types: string + int
in APPPATH\Views\karyawan.php on line 114.
 1 SYSTEMPATH\View\View.php(213): include()
 2 SYSTEMPATH\View\View.php(216): CodeIgniter\View\View->CodeIgniter\View\{closure}()
 3 SYSTEMPATH\Common.php(1184): CodeIgniter\View\View->render('karyawan', [], true)
 4 APPPATH\Controllers\Peminjaman.php(33): view('karyawan', [...])
 5 SYSTEMPATH\CodeIgniter.php(934): App\Controllers\Peminjaman->edit('1')
 6 SYSTEMPATH\CodeIgniter.php(499): CodeIgniter\CodeIgniter->runController(Object(App\Controllers\Peminjaman))
 7 SYSTEMPATH\CodeIgniter.php(368): CodeIgniter\CodeIgniter->handleRequest(null, Object(Config\Cache), false)
 8 FCPATH\index.php(67): CodeIgniter\CodeIgniter->run()
 9 SYSTEMPATH\Commands\Server\rewrite.php(47): require_once('C:\\xampp\\htdocs\\kelompok4-main\\public\\index.php')
CRITICAL - 2023-05-20 01:34:06 --> Unsupported operand types: string + int
in APPPATH\Views\karyawan.php on line 114.
 1 SYSTEMPATH\View\View.php(213): include()
 2 SYSTEMPATH\View\View.php(216): CodeIgniter\View\View->CodeIgniter\View\{closure}()
 3 SYSTEMPATH\Common.php(1184): CodeIgniter\View\View->render('karyawan', [], true)
 4 APPPATH\Controllers\Peminjaman.php(33): view('karyawan', [...])
 5 SYSTEMPATH\CodeIgniter.php(934): App\Controllers\Peminjaman->edit('1')
 6 SYSTEMPATH\CodeIgniter.php(499): CodeIgniter\CodeIgniter->runController(Object(App\Controllers\Peminjaman))
 7 SYSTEMPATH\CodeIgniter.php(368): CodeIgniter\CodeIgniter->handleRequest(null, Object(Config\Cache), false)
 8 FCPATH\index.php(67): CodeIgniter\CodeIgniter->run()
 9 SYSTEMPATH\Commands\Server\rewrite.php(47): require_once('C:\\xampp\\htdocs\\kelompok4-main\\public\\index.php')
CRITICAL - 2023-05-20 01:34:07 --> Unsupported operand types: string + int
in APPPATH\Views\karyawan.php on line 114.
 1 SYSTEMPATH\View\View.php(213): include()
 2 SYSTEMPATH\View\View.php(216): CodeIgniter\View\View->CodeIgniter\View\{closure}()
 3 SYSTEMPATH\Common.php(1184): CodeIgniter\View\View->render('karyawan', [], true)
 4 APPPATH\Controllers\Peminjaman.php(33): view('karyawan', [...])
 5 SYSTEMPATH\CodeIgniter.php(934): App\Controllers\Peminjaman->edit('1')
 6 SYSTEMPATH\CodeIgniter.php(499): CodeIgniter\CodeIgniter->runController(Object(App\Controllers\Peminjaman))
 7 SYSTEMPATH\CodeIgniter.php(368): CodeIgniter\CodeIgniter->handleRequest(null, Object(Config\Cache), false)
 8 FCPATH\index.php(67): CodeIgniter\CodeIgniter->run()
 9 SYSTEMPATH\Commands\Server\rewrite.php(47): require_once('C:\\xampp\\htdocs\\kelompok4-main\\public\\index.php')
CRITICAL - 2023-05-20 01:34:08 --> Unsupported operand types: string + int
in APPPATH\Views\karyawan.php on line 114.
 1 SYSTEMPATH\View\View.php(213): include()
 2 SYSTEMPATH\View\View.php(216): CodeIgniter\View\View->CodeIgniter\View\{closure}()
 3 SYSTEMPATH\Common.php(1184): CodeIgniter\View\View->render('karyawan', [], true)
 4 APPPATH\Controllers\Peminjaman.php(33): view('karyawan', [...])
 5 SYSTEMPATH\CodeIgniter.php(934): App\Controllers\Peminjaman->edit('1')
 6 SYSTEMPATH\CodeIgniter.php(499): CodeIgniter\CodeIgniter->runController(Object(App\Controllers\Peminjaman))
 7 SYSTEMPATH\CodeIgniter.php(368): CodeIgniter\CodeIgniter->handleRequest(null, Object(Config\Cache), false)
 8 FCPATH\index.php(67): CodeIgniter\CodeIgniter->run()
 9 SYSTEMPATH\Commands\Server\rewrite.php(47): require_once('C:\\xampp\\htdocs\\kelompok4-main\\public\\index.php')
CRITICAL - 2023-05-20 01:35:34 --> Unsupported operand types: string + int
in APPPATH\Views\karyawan.php on line 114.
 1 SYSTEMPATH\View\View.php(213): include()
 2 SYSTEMPATH\View\View.php(216): CodeIgniter\View\View->CodeIgniter\View\{closure}()
 3 SYSTEMPATH\Common.php(1184): CodeIgniter\View\View->render('karyawan', [], true)
 4 APPPATH\Controllers\Peminjaman.php(33): view('karyawan', [...])
 5 SYSTEMPATH\CodeIgniter.php(934): App\Controllers\Peminjaman->edit('1')
 6 SYSTEMPATH\CodeIgniter.php(499): CodeIgniter\CodeIgniter->runController(Object(App\Controllers\Peminjaman))
 7 SYSTEMPATH\CodeIgniter.php(368): CodeIgniter\CodeIgniter->handleRequest(null, Object(Config\Cache), false)
 8 FCPATH\index.php(67): CodeIgniter\CodeIgniter->run()
 9 SYSTEMPATH\Commands\Server\rewrite.php(47): require_once('C:\\xampp\\htdocs\\kelompok4-main\\public\\index.php')
CRITICAL - 2023-05-20 01:37:29 --> Unsupported operand types: string + int
in APPPATH\Views\karyawan.php on line 113.
 1 SYSTEMPATH\View\View.php(213): include()
 2 SYSTEMPATH\View\View.php(216): CodeIgniter\View\View->CodeIgniter\View\{closure}()
 3 SYSTEMPATH\Common.php(1184): CodeIgniter\View\View->render('karyawan', [], true)
 4 APPPATH\Controllers\Peminjaman.php(33): view('karyawan', [...])
 5 SYSTEMPATH\CodeIgniter.php(934): App\Controllers\Peminjaman->edit('1')
 6 SYSTEMPATH\CodeIgniter.php(499): CodeIgniter\CodeIgniter->runController(Object(App\Controllers\Peminjaman))
 7 SYSTEMPATH\CodeIgniter.php(368): CodeIgniter\CodeIgniter->handleRequest(null, Object(Config\Cache), false)
 8 FCPATH\index.php(67): CodeIgniter\CodeIgniter->run()
 9 SYSTEMPATH\Commands\Server\rewrite.php(47): require_once('C:\\xampp\\htdocs\\kelompok4-main\\public\\index.php')
CRITICAL - 2023-05-20 01:39:25 --> Undefined variable $index
in APPPATH\Views\karyawan.php on line 114.
 1 APPPATH\Views\karyawan.php(114): CodeIgniter\Debug\Exceptions->errorHandler(2, 'Undefined variable $index', 'C:\\xampp\\htdocs\\kelompok4-main\\app\\Views\\karyawan.php', 114)
 2 SYSTEMPATH\View\View.php(213): include('C:\\xampp\\htdocs\\kelompok4-main\\app\\Views\\karyawan.php')
 3 SYSTEMPATH\View\View.php(216): CodeIgniter\View\View->CodeIgniter\View\{closure}()
 4 SYSTEMPATH\Common.php(1184): CodeIgniter\View\View->render('karyawan', [], true)
 5 APPPATH\Controllers\Peminjaman.php(33): view('karyawan', [...])
 6 SYSTEMPATH\CodeIgniter.php(934): App\Controllers\Peminjaman->edit('1')
 7 SYSTEMPATH\CodeIgniter.php(499): CodeIgniter\CodeIgniter->runController(Object(App\Controllers\Peminjaman))
 8 SYSTEMPATH\CodeIgniter.php(368): CodeIgniter\CodeIgniter->handleRequest(null, Object(Config\Cache), false)
 9 FCPATH\index.php(67): CodeIgniter\CodeIgniter->run()
10 SYSTEMPATH\Commands\Server\rewrite.php(47): require_once('C:\\xampp\\htdocs\\kelompok4-main\\public\\index.php')
CRITICAL - 2023-05-20 01:51:01 --> Unsupported operand types: string + int
in APPPATH\Views\karyawan.php on line 114.
 1 SYSTEMPATH\View\View.php(213): include()
 2 SYSTEMPATH\View\View.php(216): CodeIgniter\View\View->CodeIgniter\View\{closure}()
 3 SYSTEMPATH\Common.php(1184): CodeIgniter\View\View->render('karyawan', [], true)
 4 APPPATH\Controllers\Peminjaman.php(33): view('karyawan', [...])
 5 SYSTEMPATH\CodeIgniter.php(934): App\Controllers\Peminjaman->edit('1')
 6 SYSTEMPATH\CodeIgniter.php(499): CodeIgniter\CodeIgniter->runController(Object(App\Controllers\Peminjaman))
 7 SYSTEMPATH\CodeIgniter.php(368): CodeIgniter\CodeIgniter->handleRequest(null, Object(Config\Cache), false)
 8 FCPATH\index.php(67): CodeIgniter\CodeIgniter->run()
 9 SYSTEMPATH\Commands\Server\rewrite.php(47): require_once('C:\\xampp\\htdocs\\kelompok4-main\\public\\index.php')
CRITICAL - 2023-05-20 01:53:27 --> Unsupported operand types: string * int
in APPPATH\Views\karyawan.php on line 114.
 1 SYSTEMPATH\View\View.php(213): include()
 2 SYSTEMPATH\View\View.php(216): CodeIgniter\View\View->CodeIgniter\View\{closure}()
 3 SYSTEMPATH\Common.php(1184): CodeIgniter\View\View->render('karyawan', [], true)
 4 APPPATH\Controllers\Peminjaman.php(33): view('karyawan', [...])
 5 SYSTEMPATH\CodeIgniter.php(934): App\Controllers\Peminjaman->edit('1')
 6 SYSTEMPATH\CodeIgniter.php(499): CodeIgniter\CodeIgniter->runController(Object(App\Controllers\Peminjaman))
 7 SYSTEMPATH\CodeIgniter.php(368): CodeIgniter\CodeIgniter->handleRequest(null, Object(Config\Cache), false)
 8 FCPATH\index.php(67): CodeIgniter\CodeIgniter->run()
 9 SYSTEMPATH\Commands\Server\rewrite.php(47): require_once('C:\\xampp\\htdocs\\kelompok4-main\\public\\index.php')
CRITICAL - 2023-05-20 01:54:42 --> Unsupported operand types: string * int
in APPPATH\Views\karyawan.php on line 114.
 1 SYSTEMPATH\View\View.php(213): include()
 2 SYSTEMPATH\View\View.php(216): CodeIgniter\View\View->CodeIgniter\View\{closure}()
 3 SYSTEMPATH\Common.php(1184): CodeIgniter\View\View->render('karyawan', [], true)
 4 APPPATH\Controllers\Peminjaman.php(33): view('karyawan', [...])
 5 SYSTEMPATH\CodeIgniter.php(934): App\Controllers\Peminjaman->edit('1')
 6 SYSTEMPATH\CodeIgniter.php(499): CodeIgniter\CodeIgniter->runController(Object(App\Controllers\Peminjaman))
 7 SYSTEMPATH\CodeIgniter.php(368): CodeIgniter\CodeIgniter->handleRequest(null, Object(Config\Cache), false)
 8 FCPATH\index.php(67): CodeIgniter\CodeIgniter->run()
 9 SYSTEMPATH\Commands\Server\rewrite.php(47): require_once('C:\\xampp\\htdocs\\kelompok4-main\\public\\index.php')
CRITICAL - 2023-05-20 01:54:43 --> Unsupported operand types: string * int
in APPPATH\Views\karyawan.php on line 114.
 1 SYSTEMPATH\View\View.php(213): include()
 2 SYSTEMPATH\View\View.php(216): CodeIgniter\View\View->CodeIgniter\View\{closure}()
 3 SYSTEMPATH\Common.php(1184): CodeIgniter\View\View->render('karyawan', [], true)
 4 APPPATH\Controllers\Peminjaman.php(33): view('karyawan', [...])
 5 SYSTEMPATH\CodeIgniter.php(934): App\Controllers\Peminjaman->edit('1')
 6 SYSTEMPATH\CodeIgniter.php(499): CodeIgniter\CodeIgniter->runController(Object(App\Controllers\Peminjaman))
 7 SYSTEMPATH\CodeIgniter.php(368): CodeIgniter\CodeIgniter->handleRequest(null, Object(Config\Cache), false)
 8 FCPATH\index.php(67): CodeIgniter\CodeIgniter->run()
 9 SYSTEMPATH\Commands\Server\rewrite.php(47): require_once('C:\\xampp\\htdocs\\kelompok4-main\\public\\index.php')
CRITICAL - 2023-05-20 02:01:41 --> Unsupported operand types: string + int
in APPPATH\Views\karyawan.php on line 114.
 1 SYSTEMPATH\View\View.php(213): include()
 2 SYSTEMPATH\View\View.php(216): CodeIgniter\View\View->CodeIgniter\View\{closure}()
 3 SYSTEMPATH\Common.php(1184): CodeIgniter\View\View->render('karyawan', [], true)
 4 APPPATH\Controllers\Peminjaman.php(33): view('karyawan', [...])
 5 SYSTEMPATH\CodeIgniter.php(934): App\Controllers\Peminjaman->edit('1')
 6 SYSTEMPATH\CodeIgniter.php(499): CodeIgniter\CodeIgniter->runController(Object(App\Controllers\Peminjaman))
 7 SYSTEMPATH\CodeIgniter.php(368): CodeIgniter\CodeIgniter->handleRequest(null, Object(Config\Cache), false)
 8 FCPATH\index.php(67): CodeIgniter\CodeIgniter->run()
 9 SYSTEMPATH\Commands\Server\rewrite.php(47): require_once('C:\\xampp\\htdocs\\kelompok4-main\\public\\index.php')
CRITICAL - 2023-05-20 02:01:42 --> Unsupported operand types: string + int
in APPPATH\Views\karyawan.php on line 114.
 1 SYSTEMPATH\View\View.php(213): include()
 2 SYSTEMPATH\View\View.php(216): CodeIgniter\View\View->CodeIgniter\View\{closure}()
 3 SYSTEMPATH\Common.php(1184): CodeIgniter\View\View->render('karyawan', [], true)
 4 APPPATH\Controllers\Peminjaman.php(33): view('karyawan', [...])
 5 SYSTEMPATH\CodeIgniter.php(934): App\Controllers\Peminjaman->edit('1')
 6 SYSTEMPATH\CodeIgniter.php(499): CodeIgniter\CodeIgniter->runController(Object(App\Controllers\Peminjaman))
 7 SYSTEMPATH\CodeIgniter.php(368): CodeIgniter\CodeIgniter->handleRequest(null, Object(Config\Cache), false)
 8 FCPATH\index.php(67): CodeIgniter\CodeIgniter->run()
 9 SYSTEMPATH\Commands\Server\rewrite.php(47): require_once('C:\\xampp\\htdocs\\kelompok4-main\\public\\index.php')
CRITICAL - 2023-05-20 02:01:43 --> Unsupported operand types: string + int
in APPPATH\Views\karyawan.php on line 114.
 1 SYSTEMPATH\View\View.php(213): include()
 2 SYSTEMPATH\View\View.php(216): CodeIgniter\View\View->CodeIgniter\View\{closure}()
 3 SYSTEMPATH\Common.php(1184): CodeIgniter\View\View->render('karyawan', [], true)
 4 APPPATH\Controllers\Peminjaman.php(33): view('karyawan', [...])
 5 SYSTEMPATH\CodeIgniter.php(934): App\Controllers\Peminjaman->edit('1')
 6 SYSTEMPATH\CodeIgniter.php(499): CodeIgniter\CodeIgniter->runController(Object(App\Controllers\Peminjaman))
 7 SYSTEMPATH\CodeIgniter.php(368): CodeIgniter\CodeIgniter->handleRequest(null, Object(Config\Cache), false)
 8 FCPATH\index.php(67): CodeIgniter\CodeIgniter->run()
 9 SYSTEMPATH\Commands\Server\rewrite.php(47): require_once('C:\\xampp\\htdocs\\kelompok4-main\\public\\index.php')
CRITICAL - 2023-05-20 02:01:43 --> Unsupported operand types: string + int
in APPPATH\Views\karyawan.php on line 114.
 1 SYSTEMPATH\View\View.php(213): include()
 2 SYSTEMPATH\View\View.php(216): CodeIgniter\View\View->CodeIgniter\View\{closure}()
 3 SYSTEMPATH\Common.php(1184): CodeIgniter\View\View->render('karyawan', [], true)
 4 APPPATH\Controllers\Peminjaman.php(33): view('karyawan', [...])
 5 SYSTEMPATH\CodeIgniter.php(934): App\Controllers\Peminjaman->edit('1')
 6 SYSTEMPATH\CodeIgniter.php(499): CodeIgniter\CodeIgniter->runController(Object(App\Controllers\Peminjaman))
 7 SYSTEMPATH\CodeIgniter.php(368): CodeIgniter\CodeIgniter->handleRequest(null, Object(Config\Cache), false)
 8 FCPATH\index.php(67): CodeIgniter\CodeIgniter->run()
 9 SYSTEMPATH\Commands\Server\rewrite.php(47): require_once('C:\\xampp\\htdocs\\kelompok4-main\\public\\index.php')
CRITICAL - 2023-05-20 02:10:42 --> Unsupported operand types: string + int
in APPPATH\Views\karyawan.php on line 114.
 1 SYSTEMPATH\View\View.php(213): include()
 2 SYSTEMPATH\View\View.php(216): CodeIgniter\View\View->CodeIgniter\View\{closure}()
 3 SYSTEMPATH\Common.php(1184): CodeIgniter\View\View->render('karyawan', [], true)
 4 APPPATH\Controllers\Peminjaman.php(33): view('karyawan', [...])
 5 SYSTEMPATH\CodeIgniter.php(934): App\Controllers\Peminjaman->edit('1')
 6 SYSTEMPATH\CodeIgniter.php(499): CodeIgniter\CodeIgniter->runController(Object(App\Controllers\Peminjaman))
 7 SYSTEMPATH\CodeIgniter.php(368): CodeIgniter\CodeIgniter->handleRequest(null, Object(Config\Cache), false)
 8 FCPATH\index.php(67): CodeIgniter\CodeIgniter->run()
 9 SYSTEMPATH\Commands\Server\rewrite.php(47): require_once('C:\\xampp\\htdocs\\kelompok4-main\\public\\index.php')
CRITICAL - 2023-05-20 02:11:28 --> Unsupported operand types: string + int
in APPPATH\Views\karyawan.php on line 114.
 1 SYSTEMPATH\View\View.php(213): include()
 2 SYSTEMPATH\View\View.php(216): CodeIgniter\View\View->CodeIgniter\View\{closure}()
 3 SYSTEMPATH\Common.php(1184): CodeIgniter\View\View->render('karyawan', [], true)
 4 APPPATH\Controllers\Peminjaman.php(33): view('karyawan', [...])
 5 SYSTEMPATH\CodeIgniter.php(934): App\Controllers\Peminjaman->edit('1')
 6 SYSTEMPATH\CodeIgniter.php(499): CodeIgniter\CodeIgniter->runController(Object(App\Controllers\Peminjaman))
 7 SYSTEMPATH\CodeIgniter.php(368): CodeIgniter\CodeIgniter->handleRequest(null, Object(Config\Cache), false)
 8 FCPATH\index.php(67): CodeIgniter\CodeIgniter->run()
 9 SYSTEMPATH\Commands\Server\rewrite.php(47): require_once('C:\\xampp\\htdocs\\kelompok4-main\\public\\index.php')
CRITICAL - 2023-05-20 02:11:30 --> Unsupported operand types: string + int
in APPPATH\Views\karyawan.php on line 114.
 1 SYSTEMPATH\View\View.php(213): include()
 2 SYSTEMPATH\View\View.php(216): CodeIgniter\View\View->CodeIgniter\View\{closure}()
 3 SYSTEMPATH\Common.php(1184): CodeIgniter\View\View->render('karyawan', [], true)
 4 APPPATH\Controllers\Peminjaman.php(33): view('karyawan', [...])
 5 SYSTEMPATH\CodeIgniter.php(934): App\Controllers\Peminjaman->edit('1')
 6 SYSTEMPATH\CodeIgniter.php(499): CodeIgniter\CodeIgniter->runController(Object(App\Controllers\Peminjaman))
 7 SYSTEMPATH\CodeIgniter.php(368): CodeIgniter\CodeIgniter->handleRequest(null, Object(Config\Cache), false)
 8 FCPATH\index.php(67): CodeIgniter\CodeIgniter->run()
 9 SYSTEMPATH\Commands\Server\rewrite.php(47): require_once('C:\\xampp\\htdocs\\kelompok4-main\\public\\index.php')
CRITICAL - 2023-05-20 02:11:31 --> Unsupported operand types: string + int
in APPPATH\Views\karyawan.php on line 114.
 1 SYSTEMPATH\View\View.php(213): include()
 2 SYSTEMPATH\View\View.php(216): CodeIgniter\View\View->CodeIgniter\View\{closure}()
 3 SYSTEMPATH\Common.php(1184): CodeIgniter\View\View->render('karyawan', [], true)
 4 APPPATH\Controllers\Peminjaman.php(33): view('karyawan', [...])
 5 SYSTEMPATH\CodeIgniter.php(934): App\Controllers\Peminjaman->edit('1')
 6 SYSTEMPATH\CodeIgniter.php(499): CodeIgniter\CodeIgniter->runController(Object(App\Controllers\Peminjaman))
 7 SYSTEMPATH\CodeIgniter.php(368): CodeIgniter\CodeIgniter->handleRequest(null, Object(Config\Cache), false)
 8 FCPATH\index.php(67): CodeIgniter\CodeIgniter->run()
 9 SYSTEMPATH\Commands\Server\rewrite.php(47): require_once('C:\\xampp\\htdocs\\kelompok4-main\\public\\index.php')
CRITICAL - 2023-05-20 02:11:31 --> Unsupported operand types: string + int
in APPPATH\Views\karyawan.php on line 114.
 1 SYSTEMPATH\View\View.php(213): include()
 2 SYSTEMPATH\View\View.php(216): CodeIgniter\View\View->CodeIgniter\View\{closure}()
 3 SYSTEMPATH\Common.php(1184): CodeIgniter\View\View->render('karyawan', [], true)
 4 APPPATH\Controllers\Peminjaman.php(33): view('karyawan', [...])
 5 SYSTEMPATH\CodeIgniter.php(934): App\Controllers\Peminjaman->edit('1')
 6 SYSTEMPATH\CodeIgniter.php(499): CodeIgniter\CodeIgniter->runController(Object(App\Controllers\Peminjaman))
 7 SYSTEMPATH\CodeIgniter.php(368): CodeIgniter\CodeIgniter->handleRequest(null, Object(Config\Cache), false)
 8 FCPATH\index.php(67): CodeIgniter\CodeIgniter->run()
 9 SYSTEMPATH\Commands\Server\rewrite.php(47): require_once('C:\\xampp\\htdocs\\kelompok4-main\\public\\index.php')
CRITICAL - 2023-05-20 02:12:46 --> Undefined variable $id
in APPPATH\Controllers\Peminjaman.php on line 28.
 1 APPPATH\Controllers\Peminjaman.php(28): CodeIgniter\Debug\Exceptions->errorHandler(2, 'Undefined variable $id', 'C:\\xampp\\htdocs\\kelompok4-main\\app\\Controllers\\Peminjaman.php', 28)
 2 SYSTEMPATH\CodeIgniter.php(934): App\Controllers\Peminjaman->edit('1')
 3 SYSTEMPATH\CodeIgniter.php(499): CodeIgniter\CodeIgniter->runController(Object(App\Controllers\Peminjaman))
 4 SYSTEMPATH\CodeIgniter.php(368): CodeIgniter\CodeIgniter->handleRequest(null, Object(Config\Cache), false)
 5 FCPATH\index.php(67): CodeIgniter\CodeIgniter->run()
 6 SYSTEMPATH\Commands\Server\rewrite.php(47): require_once('C:\\xampp\\htdocs\\kelompok4-main\\public\\index.php')
CRITICAL - 2023-05-20 02:15:05 --> Too few arguments to function App\Models\PeminjamanModel::getPeminjamanById(), 0 passed in C:\xampp\htdocs\kelompok4-main\app\Controllers\Peminjaman.php on line 28 and exactly 1 expected
in APPPATH\Models\PeminjamanModel.php on line 18.
 1 APPPATH\Controllers\Peminjaman.php(28): App\Models\PeminjamanModel->getPeminjamanById()
 2 SYSTEMPATH\CodeIgniter.php(934): App\Controllers\Peminjaman->edit('1')
 3 SYSTEMPATH\CodeIgniter.php(499): CodeIgniter\CodeIgniter->runController(Object(App\Controllers\Peminjaman))
 4 SYSTEMPATH\CodeIgniter.php(368): CodeIgniter\CodeIgniter->handleRequest(null, Object(Config\Cache), false)
 5 FCPATH\index.php(67): CodeIgniter\CodeIgniter->run()
 6 SYSTEMPATH\Commands\Server\rewrite.php(47): require_once('C:\\xampp\\htdocs\\kelompok4-main\\public\\index.php')
CRITICAL - 2023-05-20 02:16:52 --> Unsupported operand types: string + int
in APPPATH\Views\karyawan.php on line 114.
 1 SYSTEMPATH\View\View.php(213): include()
 2 SYSTEMPATH\View\View.php(216): CodeIgniter\View\View->CodeIgniter\View\{closure}()
 3 SYSTEMPATH\Common.php(1184): CodeIgniter\View\View->render('karyawan', [], true)
 4 APPPATH\Controllers\Peminjaman.php(33): view('karyawan', [...])
 5 SYSTEMPATH\CodeIgniter.php(934): App\Controllers\Peminjaman->edit('1')
 6 SYSTEMPATH\CodeIgniter.php(499): CodeIgniter\CodeIgniter->runController(Object(App\Controllers\Peminjaman))
 7 SYSTEMPATH\CodeIgniter.php(368): CodeIgniter\CodeIgniter->handleRequest(null, Object(Config\Cache), false)
 8 FCPATH\index.php(67): CodeIgniter\CodeIgniter->run()
 9 SYSTEMPATH\Commands\Server\rewrite.php(47): require_once('C:\\xampp\\htdocs\\kelompok4-main\\public\\index.php')
CRITICAL - 2023-05-20 02:19:14 --> Cannot access offset of type string on string
in APPPATH\Views\karyawan.php on line 114.
 1 SYSTEMPATH\View\View.php(213): include()
 2 SYSTEMPATH\View\View.php(216): CodeIgniter\View\View->CodeIgniter\View\{closure}()
 3 SYSTEMPATH\Common.php(1184): CodeIgniter\View\View->render('karyawan', [], true)
 4 APPPATH\Controllers\Peminjaman.php(33): view('karyawan', [...])
 5 SYSTEMPATH\CodeIgniter.php(934): App\Controllers\Peminjaman->edit('1')
 6 SYSTEMPATH\CodeIgniter.php(499): CodeIgniter\CodeIgniter->runController(Object(App\Controllers\Peminjaman))
 7 SYSTEMPATH\CodeIgniter.php(368): CodeIgniter\CodeIgniter->handleRequest(null, Object(Config\Cache), false)
 8 FCPATH\index.php(67): CodeIgniter\CodeIgniter->run()
 9 SYSTEMPATH\Commands\Server\rewrite.php(47): require_once('C:\\xampp\\htdocs\\kelompok4-main\\public\\index.php')
CRITICAL - 2023-05-20 02:19:16 --> Cannot access offset of type string on string
in APPPATH\Views\karyawan.php on line 114.
 1 SYSTEMPATH\View\View.php(213): include()
 2 SYSTEMPATH\View\View.php(216): CodeIgniter\View\View->CodeIgniter\View\{closure}()
 3 SYSTEMPATH\Common.php(1184): CodeIgniter\View\View->render('karyawan', [], true)
 4 APPPATH\Controllers\Peminjaman.php(33): view('karyawan', [...])
 5 SYSTEMPATH\CodeIgniter.php(934): App\Controllers\Peminjaman->edit('1')
 6 SYSTEMPATH\CodeIgniter.php(499): CodeIgniter\CodeIgniter->runController(Object(App\Controllers\Peminjaman))
 7 SYSTEMPATH\CodeIgniter.php(368): CodeIgniter\CodeIgniter->handleRequest(null, Object(Config\Cache), false)
 8 FCPATH\index.php(67): CodeIgniter\CodeIgniter->run()
 9 SYSTEMPATH\Commands\Server\rewrite.php(47): require_once('C:\\xampp\\htdocs\\kelompok4-main\\public\\index.php')
CRITICAL - 2023-05-20 02:19:35 --> Unsupported operand types: string + int
in APPPATH\Views\karyawan.php on line 114.
 1 SYSTEMPATH\View\View.php(213): include()
 2 SYSTEMPATH\View\View.php(216): CodeIgniter\View\View->CodeIgniter\View\{closure}()
 3 SYSTEMPATH\Common.php(1184): CodeIgniter\View\View->render('karyawan', [], true)
 4 APPPATH\Controllers\Peminjaman.php(33): view('karyawan', [...])
 5 SYSTEMPATH\CodeIgniter.php(934): App\Controllers\Peminjaman->edit('1')
 6 SYSTEMPATH\CodeIgniter.php(499): CodeIgniter\CodeIgniter->runController(Object(App\Controllers\Peminjaman))
 7 SYSTEMPATH\CodeIgniter.php(368): CodeIgniter\CodeIgniter->handleRequest(null, Object(Config\Cache), false)
 8 FCPATH\index.php(67): CodeIgniter\CodeIgniter->run()
 9 SYSTEMPATH\Commands\Server\rewrite.php(47): require_once('C:\\xampp\\htdocs\\kelompok4-main\\public\\index.php')
CRITICAL - 2023-05-20 02:22:34 --> Cannot access offset of type string on string
in APPPATH\Views\karyawan.php on line 115.
 1 SYSTEMPATH\View\View.php(213): include()
 2 SYSTEMPATH\View\View.php(216): CodeIgniter\View\View->CodeIgniter\View\{closure}()
 3 SYSTEMPATH\Common.php(1184): CodeIgniter\View\View->render('karyawan', [], true)
 4 APPPATH\Controllers\Peminjaman.php(33): view('karyawan', [...])
 5 SYSTEMPATH\CodeIgniter.php(934): App\Controllers\Peminjaman->edit('1')
 6 SYSTEMPATH\CodeIgniter.php(499): CodeIgniter\CodeIgniter->runController(Object(App\Controllers\Peminjaman))
 7 SYSTEMPATH\CodeIgniter.php(368): CodeIgniter\CodeIgniter->handleRequest(null, Object(Config\Cache), false)
 8 FCPATH\index.php(67): CodeIgniter\CodeIgniter->run()
 9 SYSTEMPATH\Commands\Server\rewrite.php(47): require_once('C:\\xampp\\htdocs\\kelompok4-main\\public\\index.php')
CRITICAL - 2023-05-20 02:26:41 --> Cannot access offset of type string on string
in APPPATH\Views\karyawan.php on line 120.
 1 SYSTEMPATH\View\View.php(213): include()
 2 SYSTEMPATH\View\View.php(216): CodeIgniter\View\View->CodeIgniter\View\{closure}()
 3 SYSTEMPATH\Common.php(1184): CodeIgniter\View\View->render('karyawan', [], true)
 4 APPPATH\Controllers\Peminjaman.php(33): view('karyawan', [...])
 5 SYSTEMPATH\CodeIgniter.php(934): App\Controllers\Peminjaman->edit('1')
 6 SYSTEMPATH\CodeIgniter.php(499): CodeIgniter\CodeIgniter->runController(Object(App\Controllers\Peminjaman))
 7 SYSTEMPATH\CodeIgniter.php(368): CodeIgniter\CodeIgniter->handleRequest(null, Object(Config\Cache), false)
 8 FCPATH\index.php(67): CodeIgniter\CodeIgniter->run()
 9 SYSTEMPATH\Commands\Server\rewrite.php(47): require_once('C:\\xampp\\htdocs\\kelompok4-main\\public\\index.php')
CRITICAL - 2023-05-20 02:26:43 --> Cannot access offset of type string on string
in APPPATH\Views\karyawan.php on line 120.
 1 SYSTEMPATH\View\View.php(213): include()
 2 SYSTEMPATH\View\View.php(216): CodeIgniter\View\View->CodeIgniter\View\{closure}()
 3 SYSTEMPATH\Common.php(1184): CodeIgniter\View\View->render('karyawan', [], true)
 4 APPPATH\Controllers\Peminjaman.php(33): view('karyawan', [...])
 5 SYSTEMPATH\CodeIgniter.php(934): App\Controllers\Peminjaman->edit('1')
 6 SYSTEMPATH\CodeIgniter.php(499): CodeIgniter\CodeIgniter->runController(Object(App\Controllers\Peminjaman))
 7 SYSTEMPATH\CodeIgniter.php(368): CodeIgniter\CodeIgniter->handleRequest(null, Object(Config\Cache), false)
 8 FCPATH\index.php(67): CodeIgniter\CodeIgniter->run()
 9 SYSTEMPATH\Commands\Server\rewrite.php(47): require_once('C:\\xampp\\htdocs\\kelompok4-main\\public\\index.php')
ERROR - 2023-05-20 02:33:21 --> mysqli_sql_exception: Duplicate entry '0' for key 'PRIMARY' in C:\xampp\htdocs\kelompok4-main\vendor\codeigniter4\framework\system\Database\MySQLi\Connection.php:295
Stack trace:
#0 C:\xampp\htdocs\kelompok4-main\vendor\codeigniter4\framework\system\Database\MySQLi\Connection.php(295): mysqli->query('INSERT INTO `pe...', 0)
#1 C:\xampp\htdocs\kelompok4-main\vendor\codeigniter4\framework\system\Database\BaseConnection.php(691): CodeIgniter\Database\MySQLi\Connection->execute('INSERT INTO `pe...')
#2 C:\xampp\htdocs\kelompok4-main\vendor\codeigniter4\framework\system\Database\BaseConnection.php(605): CodeIgniter\Database\BaseConnection->simpleQuery('INSERT INTO `pe...')
#3 C:\xampp\htdocs\kelompok4-main\vendor\codeigniter4\framework\system\Database\BaseBuilder.php(2309): CodeIgniter\Database\BaseConnection->query('INSERT INTO `pe...', Array, false)
#4 C:\xampp\htdocs\kelompok4-main\vendor\codeigniter4\framework\system\Model.php(330): CodeIgniter\Database\BaseBuilder->insert()
#5 C:\xampp\htdocs\kelompok4-main\vendor\codeigniter4\framework\system\BaseModel.php(782): CodeIgniter\Model->doInsert(Array)
#6 C:\xampp\htdocs\kelompok4-main\vendor\codeigniter4\framework\system\Model.php(730): CodeIgniter\BaseModel->insert(Array, true)
#7 C:\xampp\htdocs\kelompok4-main\app\Models\PeminjamanModel.php(35): CodeIgniter\Model->insert(Array)
#8 C:\xampp\htdocs\kelompok4-main\app\Controllers\Peminjaman.php(82): App\Models\PeminjamanModel->savePeminjaman(Array)
#9 C:\xampp\htdocs\kelompok4-main\vendor\codeigniter4\framework\system\CodeIgniter.php(934): App\Controllers\Peminjaman->save()
#10 C:\xampp\htdocs\kelompok4-main\vendor\codeigniter4\framework\system\CodeIgniter.php(499): CodeIgniter\CodeIgniter->runController(Object(App\Controllers\Peminjaman))
#11 C:\xampp\htdocs\kelompok4-main\vendor\codeigniter4\framework\system\CodeIgniter.php(368): CodeIgniter\CodeIgniter->handleRequest(NULL, Object(Config\Cache), false)
#12 C:\xampp\htdocs\kelompok4-main\public\index.php(67): CodeIgniter\CodeIgniter->run()
#13 C:\xampp\htdocs\kelompok4-main\vendor\codeigniter4\framework\system\Commands\Server\rewrite.php(47): require_once('C:\\xampp\\htdocs...')
#14 {main}
CRITICAL - 2023-05-20 02:33:21 --> Duplicate entry '0' for key 'PRIMARY'
in SYSTEMPATH\Database\MySQLi\Connection.php on line 295.
 1 SYSTEMPATH\Database\MySQLi\Connection.php(295): mysqli->query('INSERT INTO `peminjaman` (`nama_peminjam`, `nama_barang`, `tanggal`, `nama_penanggung_jawab`) VALUES (\'nyoman\', \'komputer\', \'2023-05-02\', \'agus\')', 0)
 2 SYSTEMPATH\Database\BaseConnection.php(691): CodeIgniter\Database\MySQLi\Connection->execute('INSERT INTO `peminjaman` (`nama_peminjam`, `nama_barang`, `tanggal`, `nama_penanggung_jawab`) VALUES (\'nyoman\', \'komputer\', \'2023-05-02\', \'agus\')')
 3 SYSTEMPATH\Database\BaseConnection.php(605): CodeIgniter\Database\BaseConnection->simpleQuery('INSERT INTO `peminjaman` (`nama_peminjam`, `nama_barang`, `tanggal`, `nama_penanggung_jawab`) VALUES (\'nyoman\', \'komputer\', \'2023-05-02\', \'agus\')')
 4 SYSTEMPATH\Database\BaseBuilder.php(2309): CodeIgniter\Database\BaseConnection->query('INSERT INTO `peminjaman` (`nama_peminjam`, `nama_barang`, `tanggal`, `nama_penanggung_jawab`) VALUES (:nama_peminjam:, :nama_barang:, :tanggal:, :nama_penanggung_jawab:)', [...], false)
 5 SYSTEMPATH\Model.php(330): CodeIgniter\Database\BaseBuilder->insert()
 6 SYSTEMPATH\BaseModel.php(782): CodeIgniter\Model->doInsert([...])
 7 SYSTEMPATH\Model.php(730): CodeIgniter\BaseModel->insert([...], true)
 8 APPPATH\Models\PeminjamanModel.php(35): CodeIgniter\Model->insert([...])
 9 APPPATH\Controllers\Peminjaman.php(82): App\Models\PeminjamanModel->savePeminjaman([...])
10 SYSTEMPATH\CodeIgniter.php(934): App\Controllers\Peminjaman->save()
11 SYSTEMPATH\CodeIgniter.php(499): CodeIgniter\CodeIgniter->runController(Object(App\Controllers\Peminjaman))
12 SYSTEMPATH\CodeIgniter.php(368): CodeIgniter\CodeIgniter->handleRequest(null, Object(Config\Cache), false)
13 FCPATH\index.php(67): CodeIgniter\CodeIgniter->run()
14 SYSTEMPATH\Commands\Server\rewrite.php(47): require_once('C:\\xampp\\htdocs\\kelompok4-main\\public\\index.php')
ERROR - 2023-05-20 02:33:44 --> mysqli_sql_exception: Duplicate entry '0' for key 'PRIMARY' in C:\xampp\htdocs\kelompok4-main\vendor\codeigniter4\framework\system\Database\MySQLi\Connection.php:295
Stack trace:
#0 C:\xampp\htdocs\kelompok4-main\vendor\codeigniter4\framework\system\Database\MySQLi\Connection.php(295): mysqli->query('INSERT INTO `pe...', 0)
#1 C:\xampp\htdocs\kelompok4-main\vendor\codeigniter4\framework\system\Database\BaseConnection.php(691): CodeIgniter\Database\MySQLi\Connection->execute('INSERT INTO `pe...')
#2 C:\xampp\htdocs\kelompok4-main\vendor\codeigniter4\framework\system\Database\BaseConnection.php(605): CodeIgniter\Database\BaseConnection->simpleQuery('INSERT INTO `pe...')
#3 C:\xampp\htdocs\kelompok4-main\vendor\codeigniter4\framework\system\Database\BaseBuilder.php(2309): CodeIgniter\Database\BaseConnection->query('INSERT INTO `pe...', Array, false)
#4 C:\xampp\htdocs\kelompok4-main\vendor\codeigniter4\framework\system\Model.php(330): CodeIgniter\Database\BaseBuilder->insert()
#5 C:\xampp\htdocs\kelompok4-main\vendor\codeigniter4\framework\system\BaseModel.php(782): CodeIgniter\Model->doInsert(Array)
#6 C:\xampp\htdocs\kelompok4-main\vendor\codeigniter4\framework\system\Model.php(730): CodeIgniter\BaseModel->insert(Array, true)
#7 C:\xampp\htdocs\kelompok4-main\app\Models\PeminjamanModel.php(35): CodeIgniter\Model->insert(Array)
#8 C:\xampp\htdocs\kelompok4-main\app\Controllers\Peminjaman.php(82): App\Models\PeminjamanModel->savePeminjaman(Array)
#9 C:\xampp\htdocs\kelompok4-main\vendor\codeigniter4\framework\system\CodeIgniter.php(934): App\Controllers\Peminjaman->save()
#10 C:\xampp\htdocs\kelompok4-main\vendor\codeigniter4\framework\system\CodeIgniter.php(499): CodeIgniter\CodeIgniter->runController(Object(App\Controllers\Peminjaman))
#11 C:\xampp\htdocs\kelompok4-main\vendor\codeigniter4\framework\system\CodeIgniter.php(368): CodeIgniter\CodeIgniter->handleRequest(NULL, Object(Config\Cache), false)
#12 C:\xampp\htdocs\kelompok4-main\public\index.php(67): CodeIgniter\CodeIgniter->run()
#13 C:\xampp\htdocs\kelompok4-main\vendor\codeigniter4\framework\system\Commands\Server\rewrite.php(47): require_once('C:\\xampp\\htdocs...')
#14 {main}
CRITICAL - 2023-05-20 02:33:44 --> Duplicate entry '0' for key 'PRIMARY'
in SYSTEMPATH\Database\MySQLi\Connection.php on line 295.
 1 SYSTEMPATH\Database\MySQLi\Connection.php(295): mysqli->query('INSERT INTO `peminjaman` (`nama_peminjam`, `nama_barang`, `tanggal`, `nama_penanggung_jawab`) VALUES (\'nyoman\', \'komputer\', \'2023-05-02\', \'agus\')', 0)
 2 SYSTEMPATH\Database\BaseConnection.php(691): CodeIgniter\Database\MySQLi\Connection->execute('INSERT INTO `peminjaman` (`nama_peminjam`, `nama_barang`, `tanggal`, `nama_penanggung_jawab`) VALUES (\'nyoman\', \'komputer\', \'2023-05-02\', \'agus\')')
 3 SYSTEMPATH\Database\BaseConnection.php(605): CodeIgniter\Database\BaseConnection->simpleQuery('INSERT INTO `peminjaman` (`nama_peminjam`, `nama_barang`, `tanggal`, `nama_penanggung_jawab`) VALUES (\'nyoman\', \'komputer\', \'2023-05-02\', \'agus\')')
 4 SYSTEMPATH\Database\BaseBuilder.php(2309): CodeIgniter\Database\BaseConnection->query('INSERT INTO `peminjaman` (`nama_peminjam`, `nama_barang`, `tanggal`, `nama_penanggung_jawab`) VALUES (:nama_peminjam:, :nama_barang:, :tanggal:, :nama_penanggung_jawab:)', [...], false)
 5 SYSTEMPATH\Model.php(330): CodeIgniter\Database\BaseBuilder->insert()
 6 SYSTEMPATH\BaseModel.php(782): CodeIgniter\Model->doInsert([...])
 7 SYSTEMPATH\Model.php(730): CodeIgniter\BaseModel->insert([...], true)
 8 APPPATH\Models\PeminjamanModel.php(35): CodeIgniter\Model->insert([...])
 9 APPPATH\Controllers\Peminjaman.php(82): App\Models\PeminjamanModel->savePeminjaman([...])
10 SYSTEMPATH\CodeIgniter.php(934): App\Controllers\Peminjaman->save()
11 SYSTEMPATH\CodeIgniter.php(499): CodeIgniter\CodeIgniter->runController(Object(App\Controllers\Peminjaman))
12 SYSTEMPATH\CodeIgniter.php(368): CodeIgniter\CodeIgniter->handleRequest(null, Object(Config\Cache), false)
13 FCPATH\index.php(67): CodeIgniter\CodeIgniter->run()
14 SYSTEMPATH\Commands\Server\rewrite.php(47): require_once('C:\\xampp\\htdocs\\kelompok4-main\\public\\index.php')
ERROR - 2023-05-20 02:33:49 --> mysqli_sql_exception: Duplicate entry '0' for key 'PRIMARY' in C:\xampp\htdocs\kelompok4-main\vendor\codeigniter4\framework\system\Database\MySQLi\Connection.php:295
Stack trace:
#0 C:\xampp\htdocs\kelompok4-main\vendor\codeigniter4\framework\system\Database\MySQLi\Connection.php(295): mysqli->query('INSERT INTO `pe...', 0)
#1 C:\xampp\htdocs\kelompok4-main\vendor\codeigniter4\framework\system\Database\BaseConnection.php(691): CodeIgniter\Database\MySQLi\Connection->execute('INSERT INTO `pe...')
#2 C:\xampp\htdocs\kelompok4-main\vendor\codeigniter4\framework\system\Database\BaseConnection.php(605): CodeIgniter\Database\BaseConnection->simpleQuery('INSERT INTO `pe...')
#3 C:\xampp\htdocs\kelompok4-main\vendor\codeigniter4\framework\system\Database\BaseBuilder.php(2309): CodeIgniter\Database\BaseConnection->query('INSERT INTO `pe...', Array, false)
#4 C:\xampp\htdocs\kelompok4-main\vendor\codeigniter4\framework\system\Model.php(330): CodeIgniter\Database\BaseBuilder->insert()
#5 C:\xampp\htdocs\kelompok4-main\vendor\codeigniter4\framework\system\BaseModel.php(782): CodeIgniter\Model->doInsert(Array)
#6 C:\xampp\htdocs\kelompok4-main\vendor\codeigniter4\framework\system\Model.php(730): CodeIgniter\BaseModel->insert(Array, true)
#7 C:\xampp\htdocs\kelompok4-main\app\Models\PeminjamanModel.php(35): CodeIgniter\Model->insert(Array)
#8 C:\xampp\htdocs\kelompok4-main\app\Controllers\Peminjaman.php(82): App\Models\PeminjamanModel->savePeminjaman(Array)
#9 C:\xampp\htdocs\kelompok4-main\vendor\codeigniter4\framework\system\CodeIgniter.php(934): App\Controllers\Peminjaman->save()
#10 C:\xampp\htdocs\kelompok4-main\vendor\codeigniter4\framework\system\CodeIgniter.php(499): CodeIgniter\CodeIgniter->runController(Object(App\Controllers\Peminjaman))
#11 C:\xampp\htdocs\kelompok4-main\vendor\codeigniter4\framework\system\CodeIgniter.php(368): CodeIgniter\CodeIgniter->handleRequest(NULL, Object(Config\Cache), false)
#12 C:\xampp\htdocs\kelompok4-main\public\index.php(67): CodeIgniter\CodeIgniter->run()
#13 C:\xampp\htdocs\kelompok4-main\vendor\codeigniter4\framework\system\Commands\Server\rewrite.php(47): require_once('C:\\xampp\\htdocs...')
#14 {main}
CRITICAL - 2023-05-20 02:33:49 --> Duplicate entry '0' for key 'PRIMARY'
in SYSTEMPATH\Database\MySQLi\Connection.php on line 295.
 1 SYSTEMPATH\Database\MySQLi\Connection.php(295): mysqli->query('INSERT INTO `peminjaman` (`nama_peminjam`, `nama_barang`, `tanggal`, `nama_penanggung_jawab`) VALUES (\'nyoman\', \'komputer\', \'2023-05-02\', \'agus\')', 0)
 2 SYSTEMPATH\Database\BaseConnection.php(691): CodeIgniter\Database\MySQLi\Connection->execute('INSERT INTO `peminjaman` (`nama_peminjam`, `nama_barang`, `tanggal`, `nama_penanggung_jawab`) VALUES (\'nyoman\', \'komputer\', \'2023-05-02\', \'agus\')')
 3 SYSTEMPATH\Database\BaseConnection.php(605): CodeIgniter\Database\BaseConnection->simpleQuery('INSERT INTO `peminjaman` (`nama_peminjam`, `nama_barang`, `tanggal`, `nama_penanggung_jawab`) VALUES (\'nyoman\', \'komputer\', \'2023-05-02\', \'agus\')')
 4 SYSTEMPATH\Database\BaseBuilder.php(2309): CodeIgniter\Database\BaseConnection->query('INSERT INTO `peminjaman` (`nama_peminjam`, `nama_barang`, `tanggal`, `nama_penanggung_jawab`) VALUES (:nama_peminjam:, :nama_barang:, :tanggal:, :nama_penanggung_jawab:)', [...], false)
 5 SYSTEMPATH\Model.php(330): CodeIgniter\Database\BaseBuilder->insert()
 6 SYSTEMPATH\BaseModel.php(782): CodeIgniter\Model->doInsert([...])
 7 SYSTEMPATH\Model.php(730): CodeIgniter\BaseModel->insert([...], true)
 8 APPPATH\Models\PeminjamanModel.php(35): CodeIgniter\Model->insert([...])
 9 APPPATH\Controllers\Peminjaman.php(82): App\Models\PeminjamanModel->savePeminjaman([...])
10 SYSTEMPATH\CodeIgniter.php(934): App\Controllers\Peminjaman->save()
11 SYSTEMPATH\CodeIgniter.php(499): CodeIgniter\CodeIgniter->runController(Object(App\Controllers\Peminjaman))
12 SYSTEMPATH\CodeIgniter.php(368): CodeIgniter\CodeIgniter->handleRequest(null, Object(Config\Cache), false)
13 FCPATH\index.php(67): CodeIgniter\CodeIgniter->run()
14 SYSTEMPATH\Commands\Server\rewrite.php(47): require_once('C:\\xampp\\htdocs\\kelompok4-main\\public\\index.php')
INFO - 2023-05-20 03:57:40 --> Session: Class initialized using 'CodeIgniter\Session\Handlers\FileHandler' driver.
INFO - 2023-05-20 03:57:43 --> Session: Class initialized using 'CodeIgniter\Session\Handlers\FileHandler' driver.
CRITICAL - 2023-05-20 04:04:27 --> Call to undefined function CodeIgniter\Router\dot_array_search()
in SYSTEMPATH\Router\RouteCollection.php on line 1380.
 1 SYSTEMPATH\Router\RouteCollection.php(917): CodeIgniter\Router\RouteCollection->create('get', 'karyawan', '\\App\\Controllers\\Asset::', [])
 2 APPPATH\Config\Routes.php(19): CodeIgniter\Router\RouteCollection->get('/karyawan', 'Asset::')
 3 SYSTEMPATH\Router\RouteCollection.php(267): require('C:\\xampp\\htdocs\\kelompok4-main\\app\\Config\\Routes.php')
 4 SYSTEMPATH\CodeIgniter.php(802): CodeIgniter\Router\RouteCollection->loadRoutes()
 5 SYSTEMPATH\CodeIgniter.php(449): CodeIgniter\CodeIgniter->tryToRouteIt(null)
 6 SYSTEMPATH\CodeIgniter.php(368): CodeIgniter\CodeIgniter->handleRequest(null, Object(Config\Cache), false)
 7 FCPATH\index.php(67): CodeIgniter\CodeIgniter->run()
 8 SYSTEMPATH\Commands\Server\rewrite.php(47): require_once('C:\\xampp\\htdocs\\kelompok4-main\\public\\index.php')
CRITICAL - 2023-05-20 04:22:34 --> Call to undefined method CodeIgniter\Router\RouteCollection::group1()
in APPPATH\Config\Routes.php on line 18.
 1 SYSTEMPATH\Router\RouteCollection.php(267): require()
 2 SYSTEMPATH\CodeIgniter.php(802): CodeIgniter\Router\RouteCollection->loadRoutes()
 3 SYSTEMPATH\CodeIgniter.php(449): CodeIgniter\CodeIgniter->tryToRouteIt(null)
 4 SYSTEMPATH\CodeIgniter.php(368): CodeIgniter\CodeIgniter->handleRequest(null, Object(Config\Cache), false)
 5 FCPATH\index.php(67): CodeIgniter\CodeIgniter->run()
 6 SYSTEMPATH\Commands\Server\rewrite.php(47): require_once('C:\\xampp\\htdocs\\kelompok4-main\\public\\index.php')
INFO - 2023-05-20 06:09:00 --> Session: Class initialized using 'CodeIgniter\Session\Handlers\FileHandler' driver.
INFO - 2023-05-20 06:09:03 --> Session: Class initialized using 'CodeIgniter\Session\Handlers\FileHandler' driver.
CRITICAL - 2023-05-20 06:16:42 --> Unsupported operand types: string + int
in APPPATH\Views\karyawan.php on line 114.
 1 SYSTEMPATH\View\View.php(213): include()
 2 SYSTEMPATH\View\View.php(216): CodeIgniter\View\View->CodeIgniter\View\{closure}()
 3 SYSTEMPATH\Common.php(1184): CodeIgniter\View\View->render('karyawan', [], true)
 4 APPPATH\Controllers\Peminjaman.php(44): view('karyawan', [...])
 5 SYSTEMPATH\CodeIgniter.php(934): App\Controllers\Peminjaman->edit('6')
 6 SYSTEMPATH\CodeIgniter.php(499): CodeIgniter\CodeIgniter->runController(Object(App\Controllers\Peminjaman))
 7 SYSTEMPATH\CodeIgniter.php(368): CodeIgniter\CodeIgniter->handleRequest(null, Object(Config\Cache), false)
 8 FCPATH\index.php(67): CodeIgniter\CodeIgniter->run()
 9 SYSTEMPATH\Commands\Server\rewrite.php(47): require_once('C:\\xampp\\htdocs\\kelompok4-main\\public\\index.php')
CRITICAL - 2023-05-20 06:17:36 --> Unsupported operand types: string + int
in APPPATH\Views\karyawan.php on line 114.
 1 SYSTEMPATH\View\View.php(213): include()
 2 SYSTEMPATH\View\View.php(216): CodeIgniter\View\View->CodeIgniter\View\{closure}()
 3 SYSTEMPATH\Common.php(1184): CodeIgniter\View\View->render('karyawan', [], true)
 4 APPPATH\Controllers\Peminjaman.php(44): view('karyawan', [...])
 5 SYSTEMPATH\CodeIgniter.php(934): App\Controllers\Peminjaman->edit('6')
 6 SYSTEMPATH\CodeIgniter.php(499): CodeIgniter\CodeIgniter->runController(Object(App\Controllers\Peminjaman))
 7 SYSTEMPATH\CodeIgniter.php(368): CodeIgniter\CodeIgniter->handleRequest(null, Object(Config\Cache), false)
 8 FCPATH\index.php(67): CodeIgniter\CodeIgniter->run()
 9 SYSTEMPATH\Commands\Server\rewrite.php(47): require_once('C:\\xampp\\htdocs\\kelompok4-main\\public\\index.php')
INFO - 2023-05-20 11:32:35 --> Session: Class initialized using 'CodeIgniter\Session\Handlers\FileHandler' driver.
INFO - 2023-05-20 11:32:47 --> Session: Class initialized using 'CodeIgniter\Session\Handlers\FileHandler' driver.
CRITICAL - 2023-05-20 12:52:22 --> Class "Config\Routes\Services" not found
in APPPATH\Config\Routes.php on line 7.
 1 SYSTEMPATH\Router\RouteCollection.php(267): require()
 2 SYSTEMPATH\CodeIgniter.php(802): CodeIgniter\Router\RouteCollection->loadRoutes()
 3 SYSTEMPATH\CodeIgniter.php(449): CodeIgniter\CodeIgniter->tryToRouteIt(null)
 4 SYSTEMPATH\CodeIgniter.php(368): CodeIgniter\CodeIgniter->handleRequest(null, Object(Config\Cache), false)
 5 FCPATH\index.php(67): CodeIgniter\CodeIgniter->run()
 6 SYSTEMPATH\Commands\Server\rewrite.php(47): require_once('C:\\xampp\\htdocs\\kelompok4-main\\public\\index.php')
CRITICAL - 2023-05-20 13:09:17 --> Undefined variable $routes
in APPPATH\Config\Routes.php on line 20.
 1 APPPATH\Config\Routes.php(20): CodeIgniter\Debug\Exceptions->errorHandler(2, 'Undefined variable $routes', 'C:\\xampp\\htdocs\\kelompok4-main\\app\\Config\\Routes.php', 20)
 2 SYSTEMPATH\Router\RouteCollection.php(676): CodeIgniter\Router\RouteCollection->Config\{closure}(Object(CodeIgniter\Router\RouteCollection))
 3 APPPATH\Config\Routes.php(19): CodeIgniter\Router\RouteCollection->group('/karyawan', Object(Closure))
 4 SYSTEMPATH\Router\RouteCollection.php(267): require('C:\\xampp\\htdocs\\kelompok4-main\\app\\Config\\Routes.php')
 5 SYSTEMPATH\CodeIgniter.php(802): CodeIgniter\Router\RouteCollection->loadRoutes()
 6 SYSTEMPATH\CodeIgniter.php(449): CodeIgniter\CodeIgniter->tryToRouteIt(null)
 7 SYSTEMPATH\CodeIgniter.php(368): CodeIgniter\CodeIgniter->handleRequest(null, Object(Config\Cache), false)
 8 FCPATH\index.php(67): CodeIgniter\CodeIgniter->run()
 9 SYSTEMPATH\Commands\Server\rewrite.php(47): require_once('C:\\xampp\\htdocs\\kelompok4-main\\public\\index.php')
CRITICAL - 2023-05-20 13:10:34 --> Undefined variable $routes1
in APPPATH\Config\Routes.php on line 19.
 1 APPPATH\Config\Routes.php(19): CodeIgniter\Debug\Exceptions->errorHandler(2, 'Undefined variable $routes1', 'C:\\xampp\\htdocs\\kelompok4-main\\app\\Config\\Routes.php', 19)
 2 SYSTEMPATH\Router\RouteCollection.php(267): require('C:\\xampp\\htdocs\\kelompok4-main\\app\\Config\\Routes.php')
 3 SYSTEMPATH\CodeIgniter.php(802): CodeIgniter\Router\RouteCollection->loadRoutes()
 4 SYSTEMPATH\CodeIgniter.php(449): CodeIgniter\CodeIgniter->tryToRouteIt(null)
 5 SYSTEMPATH\CodeIgniter.php(368): CodeIgniter\CodeIgniter->handleRequest(null, Object(Config\Cache), false)
 6 FCPATH\index.php(67): CodeIgniter\CodeIgniter->run()
 7 SYSTEMPATH\Commands\Server\rewrite.php(47): require_once('C:\\xampp\\htdocs\\kelompok4-main\\public\\index.php')
CRITICAL - 2023-05-20 13:41:33 --> Invalid file: "karyawan/asset.php"
in SYSTEMPATH\Exceptions\FrameworkException.php on line 33.
 1 SYSTEMPATH\View\View.php(201): CodeIgniter\Exceptions\FrameworkException::forInvalidFile('karyawan/asset.php')
 2 SYSTEMPATH\Common.php(1184): CodeIgniter\View\View->render('karyawan/asset', [], true)
 3 APPPATH\Controllers\Asset.php(14): view('karyawan/asset', [...])
 4 SYSTEMPATH\CodeIgniter.php(934): App\Controllers\Asset->index()
 5 SYSTEMPATH\CodeIgniter.php(499): CodeIgniter\CodeIgniter->runController(Object(App\Controllers\Asset))
 6 SYSTEMPATH\CodeIgniter.php(368): CodeIgniter\CodeIgniter->handleRequest(null, Object(Config\Cache), false)
 7 FCPATH\index.php(67): CodeIgniter\CodeIgniter->run()
 8 SYSTEMPATH\Commands\Server\rewrite.php(47): require_once('C:\\xampp\\htdocs\\kelompok4-main\\public\\index.php')
CRITICAL - 2023-05-20 13:51:11 --> Undefined variable $assetRoutes
in APPPATH\Config\Routes.php on line 19.
 1 APPPATH\Config\Routes.php(19): CodeIgniter\Debug\Exceptions->errorHandler(2, 'Undefined variable $assetRoutes', 'C:\\xampp\\htdocs\\kelompok4-main\\app\\Config\\Routes.php', 19)
 2 SYSTEMPATH\Router\RouteCollection.php(267): require('C:\\xampp\\htdocs\\kelompok4-main\\app\\Config\\Routes.php')
 3 SYSTEMPATH\CodeIgniter.php(802): CodeIgniter\Router\RouteCollection->loadRoutes()
 4 SYSTEMPATH\CodeIgniter.php(449): CodeIgniter\CodeIgniter->tryToRouteIt(null)
 5 SYSTEMPATH\CodeIgniter.php(368): CodeIgniter\CodeIgniter->handleRequest(null, Object(Config\Cache), false)
 6 FCPATH\index.php(67): CodeIgniter\CodeIgniter->run()
 7 SYSTEMPATH\Commands\Server\rewrite.php(47): require_once('C:\\xampp\\htdocs\\kelompok4-main\\public\\index.php')
CRITICAL - 2023-05-20 14:34:00 --> Invalid file: "peminjaman/index.php"
in SYSTEMPATH\Exceptions\FrameworkException.php on line 33.
 1 SYSTEMPATH\View\View.php(201): CodeIgniter\Exceptions\FrameworkException::forInvalidFile('peminjaman/index.php')
 2 SYSTEMPATH\Common.php(1184): CodeIgniter\View\View->render('peminjaman/index', [], true)
 3 APPPATH\Controllers\Peminjaman.php(15): view('peminjaman/index', [...])
 4 SYSTEMPATH\CodeIgniter.php(934): App\Controllers\Peminjaman->index()
 5 SYSTEMPATH\CodeIgniter.php(499): CodeIgniter\CodeIgniter->runController(Object(App\Controllers\Peminjaman))
 6 SYSTEMPATH\CodeIgniter.php(368): CodeIgniter\CodeIgniter->handleRequest(null, Object(Config\Cache), false)
 7 FCPATH\index.php(67): CodeIgniter\CodeIgniter->run()
 8 SYSTEMPATH\Commands\Server\rewrite.php(47): require_once('C:\\xampp\\htdocs\\kelompok4-main\\public\\index.php')
