CRITICAL - 2023-05-25 19:34:03 --> Undefined array key "harga"
in APPPATH\Views\karyawan.php on line 69.
 1 APPPATH\Views\karyawan.php(69): CodeIgniter\Debug\Exceptions->errorHandler(2, 'Undefined array key "harga"', 'C:\\xampp\\htdocs\\kelompok4-main\\app\\Views\\karyawan.php', 69)
 2 SYSTEMPATH\View\View.php(213): include('C:\\xampp\\htdocs\\kelompok4-main\\app\\Views\\karyawan.php')
 3 SYSTEMPATH\View\View.php(216): CodeIgniter\View\View->CodeIgniter\View\{closure}()
 4 SYSTEMPATH\Common.php(1184): CodeIgniter\View\View->render('karyawan', [], true)
 5 APPPATH\Controllers\KaryawanController.php(27): view('karyawan', [...])
 6 SYSTEMPATH\CodeIgniter.php(934): App\Controllers\KaryawanController->index()
 7 SYSTEMPATH\CodeIgniter.php(499): CodeIgniter\CodeIgniter->runController(Object(App\Controllers\KaryawanController))
 8 SYSTEMPATH\CodeIgniter.php(368): CodeIgniter\CodeIgniter->handleRequest(null, Object(Config\Cache), false)
 9 FCPATH\index.php(67): CodeIgniter\CodeIgniter->run()
10 SYSTEMPATH\Commands\Server\rewrite.php(47): require_once('C:\\xampp\\htdocs\\kelompok4-main\\public\\index.php')
CRITICAL - 2023-05-25 19:38:51 --> Undefined array key "harga"
in APPPATH\Views\karyawan.php on line 69.
 1 APPPATH\Views\karyawan.php(69): CodeIgniter\Debug\Exceptions->errorHandler(2, 'Undefined array key "harga"', 'C:\\xampp\\htdocs\\kelompok4-main\\app\\Views\\karyawan.php', 69)
 2 SYSTEMPATH\View\View.php(213): include('C:\\xampp\\htdocs\\kelompok4-main\\app\\Views\\karyawan.php')
 3 SYSTEMPATH\View\View.php(216): CodeIgniter\View\View->CodeIgniter\View\{closure}()
 4 SYSTEMPATH\Common.php(1184): CodeIgniter\View\View->render('karyawan', [], true)
 5 APPPATH\Controllers\KaryawanController.php(27): view('karyawan', [...])
 6 SYSTEMPATH\CodeIgniter.php(934): App\Controllers\KaryawanController->index()
 7 SYSTEMPATH\CodeIgniter.php(499): CodeIgniter\CodeIgniter->runController(Object(App\Controllers\KaryawanController))
 8 SYSTEMPATH\CodeIgniter.php(368): CodeIgniter\CodeIgniter->handleRequest(null, Object(Config\Cache), false)
 9 FCPATH\index.php(67): CodeIgniter\CodeIgniter->run()
10 SYSTEMPATH\Commands\Server\rewrite.php(47): require_once('C:\\xampp\\htdocs\\kelompok4-main\\public\\index.php')
CRITICAL - 2023-05-25 19:40:41 --> Undefined variable $harga
in APPPATH\Controllers\KaryawanController.php on line 73.
 1 APPPATH\Controllers\KaryawanController.php(73): CodeIgniter\Debug\Exceptions->errorHandler(2, 'Undefined variable $harga', 'C:\\xampp\\htdocs\\kelompok4-main\\app\\Controllers\\KaryawanController.php', 73)
 2 SYSTEMPATH\CodeIgniter.php(934): App\Controllers\KaryawanController->updateAsset('18')
 3 SYSTEMPATH\CodeIgniter.php(499): CodeIgniter\CodeIgniter->runController(Object(App\Controllers\KaryawanController))
 4 SYSTEMPATH\CodeIgniter.php(368): CodeIgniter\CodeIgniter->handleRequest(null, Object(Config\Cache), false)
 5 FCPATH\index.php(67): CodeIgniter\CodeIgniter->run()
 6 SYSTEMPATH\Commands\Server\rewrite.php(47): require_once('C:\\xampp\\htdocs\\kelompok4-main\\public\\index.php')
CRITICAL - 2023-05-25 21:33:20 --> Undefined variable $harga_beli
in APPPATH\Controllers\KaryawanController.php on line 42.
 1 APPPATH\Controllers\KaryawanController.php(42): CodeIgniter\Debug\Exceptions->errorHandler(2, 'Undefined variable $harga_beli', 'C:\\xampp\\htdocs\\kelompok4-main\\app\\Controllers\\KaryawanController.php', 42)
 2 SYSTEMPATH\CodeIgniter.php(934): App\Controllers\KaryawanController->saveAsset()
 3 SYSTEMPATH\CodeIgniter.php(499): CodeIgniter\CodeIgniter->runController(Object(App\Controllers\KaryawanController))
 4 SYSTEMPATH\CodeIgniter.php(368): CodeIgniter\CodeIgniter->handleRequest(null, Object(Config\Cache), false)
 5 FCPATH\index.php(67): CodeIgniter\CodeIgniter->run()
 6 SYSTEMPATH\Commands\Server\rewrite.php(47): require_once('C:\\xampp\\htdocs\\kelompok4-main\\public\\index.php')
CRITICAL - 2023-05-25 23:46:11 --> Call to undefined function script_tag()
in APPPATH\Views\karyawan.php on line 361.
 1 SYSTEMPATH\View\View.php(213): include()
 2 SYSTEMPATH\View\View.php(216): CodeIgniter\View\View->CodeIgniter\View\{closure}()
 3 SYSTEMPATH\Common.php(1184): CodeIgniter\View\View->render('karyawan', [], true)
 4 APPPATH\Controllers\KaryawanController.php(27): view('karyawan', [...])
 5 SYSTEMPATH\CodeIgniter.php(934): App\Controllers\KaryawanController->index()
 6 SYSTEMPATH\CodeIgniter.php(499): CodeIgniter\CodeIgniter->runController(Object(App\Controllers\KaryawanController))
 7 SYSTEMPATH\CodeIgniter.php(368): CodeIgniter\CodeIgniter->handleRequest(null, Object(Config\Cache), false)
 8 FCPATH\index.php(67): CodeIgniter\CodeIgniter->run()
 9 SYSTEMPATH\Commands\Server\rewrite.php(47): require_once('C:\\xampp\\htdocs\\kelompok4-main\\public\\index.php')
