INFO - 2023-06-08 01:52:25 --> Session: Class initialized using 'CodeIgniter\Session\Handlers\FileHandler' driver.
INFO - 2023-06-08 01:52:29 --> Session: Class initialized using 'CodeIgniter\Session\Handlers\FileHandler' driver.
CRITICAL - 2023-06-08 02:17:21 --> Undefined variable $tracking
in APPPATH\Views\karyawan.php on line 252.
 1 APPPATH\Views\karyawan.php(252): CodeIgniter\Debug\Exceptions->errorHandler(2, 'Undefined variable $tracking', 'C:\\xampp\\htdocs\\kelompok4-main\\app\\Views\\karyawan.php', 252)
 2 SYSTEMPATH\View\View.php(213): include('C:\\xampp\\htdocs\\kelompok4-main\\app\\Views\\karyawan.php')
 3 SYSTEMPATH\View\View.php(216): CodeIgniter\View\View->CodeIgniter\View\{closure}()
 4 SYSTEMPATH\Common.php(1184): CodeIgniter\View\View->render('karyawan', [], true)
 5 APPPATH\Controllers\KaryawanController.php(305): view('karyawan', [...])
 6 SYSTEMPATH\CodeIgniter.php(934): App\Controllers\KaryawanController->editInvestasi('sasa')
 7 SYSTEMPATH\CodeIgniter.php(499): CodeIgniter\CodeIgniter->runController(Object(App\Controllers\KaryawanController))
 8 SYSTEMPATH\CodeIgniter.php(368): CodeIgniter\CodeIgniter->handleRequest(null, Object(Config\Cache), false)
 9 FCPATH\index.php(67): CodeIgniter\CodeIgniter->run()
10 SYSTEMPATH\Commands\Server\rewrite.php(47): require_once('C:\\xampp\\htdocs\\kelompok4-main\\public\\index.php')
CRITICAL - 2023-06-08 02:18:23 --> Undefined variable $tracking
in APPPATH\Views\karyawan.php on line 252.
 1 APPPATH\Views\karyawan.php(252): CodeIgniter\Debug\Exceptions->errorHandler(2, 'Undefined variable $tracking', 'C:\\xampp\\htdocs\\kelompok4-main\\app\\Views\\karyawan.php', 252)
 2 SYSTEMPATH\View\View.php(213): include('C:\\xampp\\htdocs\\kelompok4-main\\app\\Views\\karyawan.php')
 3 SYSTEMPATH\View\View.php(216): CodeIgniter\View\View->CodeIgniter\View\{closure}()
 4 SYSTEMPATH\Common.php(1184): CodeIgniter\View\View->render('karyawan', [], true)
 5 APPPATH\Controllers\KaryawanController.php(305): view('karyawan', [...])
 6 SYSTEMPATH\CodeIgniter.php(934): App\Controllers\KaryawanController->editInvestasi('sasa')
 7 SYSTEMPATH\CodeIgniter.php(499): CodeIgniter\CodeIgniter->runController(Object(App\Controllers\KaryawanController))
 8 SYSTEMPATH\CodeIgniter.php(368): CodeIgniter\CodeIgniter->handleRequest(null, Object(Config\Cache), false)
 9 FCPATH\index.php(67): CodeIgniter\CodeIgniter->run()
10 SYSTEMPATH\Commands\Server\rewrite.php(47): require_once('C:\\xampp\\htdocs\\kelompok4-main\\public\\index.php')
CRITICAL - 2023-06-08 02:20:22 --> Undefined variable $tracking
in APPPATH\Views\karyawan.php on line 252.
 1 APPPATH\Views\karyawan.php(252): CodeIgniter\Debug\Exceptions->errorHandler(2, 'Undefined variable $tracking', 'C:\\xampp\\htdocs\\kelompok4-main\\app\\Views\\karyawan.php', 252)
 2 SYSTEMPATH\View\View.php(213): include('C:\\xampp\\htdocs\\kelompok4-main\\app\\Views\\karyawan.php')
 3 SYSTEMPATH\View\View.php(216): CodeIgniter\View\View->CodeIgniter\View\{closure}()
 4 SYSTEMPATH\Common.php(1184): CodeIgniter\View\View->render('karyawan', [], true)
 5 APPPATH\Controllers\Karyawan.php(9): view('karyawan')
 6 SYSTEMPATH\CodeIgniter.php(934): App\Controllers\Karyawan->index()
 7 SYSTEMPATH\CodeIgniter.php(499): CodeIgniter\CodeIgniter->runController(Object(App\Controllers\Karyawan))
 8 SYSTEMPATH\CodeIgniter.php(368): CodeIgniter\CodeIgniter->handleRequest(null, Object(Config\Cache), false)
 9 FCPATH\index.php(67): CodeIgniter\CodeIgniter->run()
10 SYSTEMPATH\Commands\Server\rewrite.php(47): require_once('C:\\xampp\\htdocs\\kelompok4-main\\public\\index.php')
CRITICAL - 2023-06-08 02:20:48 --> Undefined variable $tracking
in APPPATH\Views\karyawan.php on line 252.
 1 APPPATH\Views\karyawan.php(252): CodeIgniter\Debug\Exceptions->errorHandler(2, 'Undefined variable $tracking', 'C:\\xampp\\htdocs\\kelompok4-main\\app\\Views\\karyawan.php', 252)
 2 SYSTEMPATH\View\View.php(213): include('C:\\xampp\\htdocs\\kelompok4-main\\app\\Views\\karyawan.php')
 3 SYSTEMPATH\View\View.php(216): CodeIgniter\View\View->CodeIgniter\View\{closure}()
 4 SYSTEMPATH\Common.php(1184): CodeIgniter\View\View->render('karyawan', [], true)
 5 APPPATH\Controllers\KaryawanController.php(305): view('karyawan', [...])
 6 SYSTEMPATH\CodeIgniter.php(934): App\Controllers\KaryawanController->editInvestasi('oooo')
 7 SYSTEMPATH\CodeIgniter.php(499): CodeIgniter\CodeIgniter->runController(Object(App\Controllers\KaryawanController))
 8 SYSTEMPATH\CodeIgniter.php(368): CodeIgniter\CodeIgniter->handleRequest(null, Object(Config\Cache), false)
 9 FCPATH\index.php(67): CodeIgniter\CodeIgniter->run()
10 SYSTEMPATH\Commands\Server\rewrite.php(47): require_once('C:\\xampp\\htdocs\\kelompok4-main\\public\\index.php')
CRITICAL - 2023-06-08 02:41:47 --> Class "App\Controllers\InvestasiModel" not found
in APPPATH\Controllers\KaryawanController.php on line 19.
 1 SYSTEMPATH\CodeIgniter.php(934): App\Controllers\KaryawanController->index()
 2 SYSTEMPATH\CodeIgniter.php(499): CodeIgniter\CodeIgniter->runController(Object(App\Controllers\KaryawanController))
 3 SYSTEMPATH\CodeIgniter.php(368): CodeIgniter\CodeIgniter->handleRequest(null, Object(Config\Cache), false)
 4 FCPATH\index.php(67): CodeIgniter\CodeIgniter->run()
 5 SYSTEMPATH\Commands\Server\rewrite.php(47): require_once('C:\\xampp\\htdocs\\kelompok4-main\\public\\index.php')
CRITICAL - 2023-06-08 02:43:03 --> Class "App\Models\PerhitunganModel" not found
in APPPATH\Controllers\KaryawanController.php on line 19.
 1 SYSTEMPATH\CodeIgniter.php(934): App\Controllers\KaryawanController->index()
 2 SYSTEMPATH\CodeIgniter.php(499): CodeIgniter\CodeIgniter->runController(Object(App\Controllers\KaryawanController))
 3 SYSTEMPATH\CodeIgniter.php(368): CodeIgniter\CodeIgniter->handleRequest(null, Object(Config\Cache), false)
 4 FCPATH\index.php(67): CodeIgniter\CodeIgniter->run()
 5 SYSTEMPATH\Commands\Server\rewrite.php(47): require_once('C:\\xampp\\htdocs\\kelompok4-main\\public\\index.php')
CRITICAL - 2023-06-08 02:43:48 --> Class "App\Models\PerhitunganModel" not found
in APPPATH\Controllers\KaryawanController.php on line 19.
 1 SYSTEMPATH\CodeIgniter.php(934): App\Controllers\KaryawanController->index()
 2 SYSTEMPATH\CodeIgniter.php(499): CodeIgniter\CodeIgniter->runController(Object(App\Controllers\KaryawanController))
 3 SYSTEMPATH\CodeIgniter.php(368): CodeIgniter\CodeIgniter->handleRequest(null, Object(Config\Cache), false)
 4 FCPATH\index.php(67): CodeIgniter\CodeIgniter->run()
 5 SYSTEMPATH\Commands\Server\rewrite.php(47): require_once('C:\\xampp\\htdocs\\kelompok4-main\\public\\index.php')
CRITICAL - 2023-06-08 02:47:53 --> Class "App\Models\PerhitunganModel" not found
in APPPATH\Controllers\KaryawanController.php on line 19.
 1 SYSTEMPATH\CodeIgniter.php(934): App\Controllers\KaryawanController->index()
 2 SYSTEMPATH\CodeIgniter.php(499): CodeIgniter\CodeIgniter->runController(Object(App\Controllers\KaryawanController))
 3 SYSTEMPATH\CodeIgniter.php(368): CodeIgniter\CodeIgniter->handleRequest(null, Object(Config\Cache), false)
 4 FCPATH\index.php(67): CodeIgniter\CodeIgniter->run()
 5 SYSTEMPATH\Commands\Server\rewrite.php(47): require_once('C:\\xampp\\htdocs\\kelompok4-main\\public\\index.php')
CRITICAL - 2023-06-08 02:47:55 --> Class "App\Models\PerhitunganModel" not found
in APPPATH\Controllers\KaryawanController.php on line 19.
 1 SYSTEMPATH\CodeIgniter.php(934): App\Controllers\KaryawanController->index()
 2 SYSTEMPATH\CodeIgniter.php(499): CodeIgniter\CodeIgniter->runController(Object(App\Controllers\KaryawanController))
 3 SYSTEMPATH\CodeIgniter.php(368): CodeIgniter\CodeIgniter->handleRequest(null, Object(Config\Cache), false)
 4 FCPATH\index.php(67): CodeIgniter\CodeIgniter->run()
 5 SYSTEMPATH\Commands\Server\rewrite.php(47): require_once('C:\\xampp\\htdocs\\kelompok4-main\\public\\index.php')
CRITICAL - 2023-06-08 02:50:52 --> Class "App\Models\PeminjamanModel" not found
in APPPATH\Controllers\KaryawanController.php on line 16.
 1 SYSTEMPATH\CodeIgniter.php(934): App\Controllers\KaryawanController->index()
 2 SYSTEMPATH\CodeIgniter.php(499): CodeIgniter\CodeIgniter->runController(Object(App\Controllers\KaryawanController))
 3 SYSTEMPATH\CodeIgniter.php(368): CodeIgniter\CodeIgniter->handleRequest(null, Object(Config\Cache), false)
 4 FCPATH\index.php(67): CodeIgniter\CodeIgniter->run()
 5 SYSTEMPATH\Commands\Server\rewrite.php(47): require_once('C:\\xampp\\htdocs\\kelompok4-main\\public\\index.php')
CRITICAL - 2023-06-08 02:51:23 --> Undefined variable $investasi
in APPPATH\Views\karyawan.php on line 360.
 1 APPPATH\Views\karyawan.php(360): CodeIgniter\Debug\Exceptions->errorHandler(2, 'Undefined variable $investasi', 'C:\\xampp\\htdocs\\kelompok4-main\\app\\Views\\karyawan.php', 360)
 2 SYSTEMPATH\View\View.php(213): include('C:\\xampp\\htdocs\\kelompok4-main\\app\\Views\\karyawan.php')
 3 SYSTEMPATH\View\View.php(216): CodeIgniter\View\View->CodeIgniter\View\{closure}()
 4 SYSTEMPATH\Common.php(1184): CodeIgniter\View\View->render('karyawan', [], true)
 5 APPPATH\Controllers\KaryawanController.php(27): view('karyawan', [...])
 6 SYSTEMPATH\CodeIgniter.php(934): App\Controllers\KaryawanController->index()
 7 SYSTEMPATH\CodeIgniter.php(499): CodeIgniter\CodeIgniter->runController(Object(App\Controllers\KaryawanController))
 8 SYSTEMPATH\CodeIgniter.php(368): CodeIgniter\CodeIgniter->handleRequest(null, Object(Config\Cache), false)
 9 FCPATH\index.php(67): CodeIgniter\CodeIgniter->run()
10 SYSTEMPATH\Commands\Server\rewrite.php(47): require_once('C:\\xampp\\htdocs\\kelompok4-main\\public\\index.php')
CRITICAL - 2023-06-08 02:53:40 --> Undefined variable $investasi
in APPPATH\Views\karyawan.php on line 360.
 1 APPPATH\Views\karyawan.php(360): CodeIgniter\Debug\Exceptions->errorHandler(2, 'Undefined variable $investasi', 'C:\\xampp\\htdocs\\kelompok4-main\\app\\Views\\karyawan.php', 360)
 2 SYSTEMPATH\View\View.php(213): include('C:\\xampp\\htdocs\\kelompok4-main\\app\\Views\\karyawan.php')
 3 SYSTEMPATH\View\View.php(216): CodeIgniter\View\View->CodeIgniter\View\{closure}()
 4 SYSTEMPATH\Common.php(1184): CodeIgniter\View\View->render('karyawan', [], true)
 5 APPPATH\Controllers\KaryawanController.php(27): view('karyawan', [...])
 6 SYSTEMPATH\CodeIgniter.php(934): App\Controllers\KaryawanController->index()
 7 SYSTEMPATH\CodeIgniter.php(499): CodeIgniter\CodeIgniter->runController(Object(App\Controllers\KaryawanController))
 8 SYSTEMPATH\CodeIgniter.php(368): CodeIgniter\CodeIgniter->handleRequest(null, Object(Config\Cache), false)
 9 FCPATH\index.php(67): CodeIgniter\CodeIgniter->run()
10 SYSTEMPATH\Commands\Server\rewrite.php(47): require_once('C:\\xampp\\htdocs\\kelompok4-main\\public\\index.php')
CRITICAL - 2023-06-08 02:54:43 --> Undefined array key "id"
in APPPATH\Views\karyawan.php on line 360.
 1 APPPATH\Views\karyawan.php(360): CodeIgniter\Debug\Exceptions->errorHandler(2, 'Undefined array key "id"', 'C:\\xampp\\htdocs\\kelompok4-main\\app\\Views\\karyawan.php', 360)
 2 SYSTEMPATH\View\View.php(213): include('C:\\xampp\\htdocs\\kelompok4-main\\app\\Views\\karyawan.php')
 3 SYSTEMPATH\View\View.php(216): CodeIgniter\View\View->CodeIgniter\View\{closure}()
 4 SYSTEMPATH\Common.php(1184): CodeIgniter\View\View->render('karyawan', [], true)
 5 APPPATH\Controllers\KaryawanController.php(27): view('karyawan', [...])
 6 SYSTEMPATH\CodeIgniter.php(934): App\Controllers\KaryawanController->index()
 7 SYSTEMPATH\CodeIgniter.php(499): CodeIgniter\CodeIgniter->runController(Object(App\Controllers\KaryawanController))
 8 SYSTEMPATH\CodeIgniter.php(368): CodeIgniter\CodeIgniter->handleRequest(null, Object(Config\Cache), false)
 9 FCPATH\index.php(67): CodeIgniter\CodeIgniter->run()
10 SYSTEMPATH\Commands\Server\rewrite.php(47): require_once('C:\\xampp\\htdocs\\kelompok4-main\\public\\index.php')
CRITICAL - 2023-06-08 02:57:17 --> Undefined array key "id"
in APPPATH\Views\karyawan.php on line 360.
 1 APPPATH\Views\karyawan.php(360): CodeIgniter\Debug\Exceptions->errorHandler(2, 'Undefined array key "id"', 'C:\\xampp\\htdocs\\kelompok4-main\\app\\Views\\karyawan.php', 360)
 2 SYSTEMPATH\View\View.php(213): include('C:\\xampp\\htdocs\\kelompok4-main\\app\\Views\\karyawan.php')
 3 SYSTEMPATH\View\View.php(216): CodeIgniter\View\View->CodeIgniter\View\{closure}()
 4 SYSTEMPATH\Common.php(1184): CodeIgniter\View\View->render('karyawan', [], true)
 5 APPPATH\Controllers\KaryawanController.php(27): view('karyawan', [...])
 6 SYSTEMPATH\CodeIgniter.php(934): App\Controllers\KaryawanController->index()
 7 SYSTEMPATH\CodeIgniter.php(499): CodeIgniter\CodeIgniter->runController(Object(App\Controllers\KaryawanController))
 8 SYSTEMPATH\CodeIgniter.php(368): CodeIgniter\CodeIgniter->handleRequest(null, Object(Config\Cache), false)
 9 FCPATH\index.php(67): CodeIgniter\CodeIgniter->run()
10 SYSTEMPATH\Commands\Server\rewrite.php(47): require_once('C:\\xampp\\htdocs\\kelompok4-main\\public\\index.php')
CRITICAL - 2023-06-08 04:32:35 --> Invalid file: "perhitungan/create.php"
in SYSTEMPATH\Exceptions\FrameworkException.php on line 33.
 1 SYSTEMPATH\View\View.php(201): CodeIgniter\Exceptions\FrameworkException::forInvalidFile('perhitungan/create.php')
 2 SYSTEMPATH\Common.php(1184): CodeIgniter\View\View->render('perhitungan/create', [], true)
 3 APPPATH\Controllers\KaryawanController.php(277): view('perhitungan/create')
 4 SYSTEMPATH\CodeIgniter.php(934): App\Controllers\KaryawanController->create()
 5 SYSTEMPATH\CodeIgniter.php(499): CodeIgniter\CodeIgniter->runController(Object(App\Controllers\KaryawanController))
 6 SYSTEMPATH\CodeIgniter.php(368): CodeIgniter\CodeIgniter->handleRequest(null, Object(Config\Cache), false)
 7 FCPATH\index.php(67): CodeIgniter\CodeIgniter->run()
 8 SYSTEMPATH\Commands\Server\rewrite.php(47): require_once('C:\\xampp\\htdocs\\kelompok4-main\\public\\index.php')
CRITICAL - 2023-06-08 04:47:29 --> Undefined variable $tracking
in APPPATH\Views\karyawan.php on line 252.
 1 APPPATH\Views\karyawan.php(252): CodeIgniter\Debug\Exceptions->errorHandler(2, 'Undefined variable $tracking', 'C:\\xampp\\htdocs\\kelompok4-main\\app\\Views\\karyawan.php', 252)
 2 SYSTEMPATH\View\View.php(213): include('C:\\xampp\\htdocs\\kelompok4-main\\app\\Views\\karyawan.php')
 3 SYSTEMPATH\View\View.php(216): CodeIgniter\View\View->CodeIgniter\View\{closure}()
 4 SYSTEMPATH\Common.php(1184): CodeIgniter\View\View->render('karyawan', [], true)
 5 APPPATH\Controllers\KaryawanController.php(305): view('karyawan', [...])
 6 SYSTEMPATH\CodeIgniter.php(934): App\Controllers\KaryawanController->editInvestasi('1')
 7 SYSTEMPATH\CodeIgniter.php(499): CodeIgniter\CodeIgniter->runController(Object(App\Controllers\KaryawanController))
 8 SYSTEMPATH\CodeIgniter.php(368): CodeIgniter\CodeIgniter->handleRequest(null, Object(Config\Cache), false)
 9 FCPATH\index.php(67): CodeIgniter\CodeIgniter->run()
10 SYSTEMPATH\Commands\Server\rewrite.php(47): require_once('C:\\xampp\\htdocs\\kelompok4-main\\public\\index.php')
CRITICAL - 2023-06-08 04:50:00 --> Undefined variable $tracking
in APPPATH\Views\karyawan.php on line 252.
 1 APPPATH\Views\karyawan.php(252): CodeIgniter\Debug\Exceptions->errorHandler(2, 'Undefined variable $tracking', 'C:\\xampp\\htdocs\\kelompok4-main\\app\\Views\\karyawan.php', 252)
 2 SYSTEMPATH\View\View.php(213): include('C:\\xampp\\htdocs\\kelompok4-main\\app\\Views\\karyawan.php')
 3 SYSTEMPATH\View\View.php(216): CodeIgniter\View\View->CodeIgniter\View\{closure}()
 4 SYSTEMPATH\Common.php(1184): CodeIgniter\View\View->render('karyawan', [], true)
 5 APPPATH\Controllers\KaryawanController.php(305): view('karyawan', [...])
 6 SYSTEMPATH\CodeIgniter.php(934): App\Controllers\KaryawanController->editInvestasi('1')
 7 SYSTEMPATH\CodeIgniter.php(499): CodeIgniter\CodeIgniter->runController(Object(App\Controllers\KaryawanController))
 8 SYSTEMPATH\CodeIgniter.php(368): CodeIgniter\CodeIgniter->handleRequest(null, Object(Config\Cache), false)
 9 FCPATH\index.php(67): CodeIgniter\CodeIgniter->run()
10 SYSTEMPATH\Commands\Server\rewrite.php(47): require_once('C:\\xampp\\htdocs\\kelompok4-main\\public\\index.php')
CRITICAL - 2023-06-08 04:53:34 --> Undefined variable $tracking
in APPPATH\Views\karyawan.php on line 252.
 1 APPPATH\Views\karyawan.php(252): CodeIgniter\Debug\Exceptions->errorHandler(2, 'Undefined variable $tracking', 'C:\\xampp\\htdocs\\kelompok4-main\\app\\Views\\karyawan.php', 252)
 2 SYSTEMPATH\View\View.php(213): include('C:\\xampp\\htdocs\\kelompok4-main\\app\\Views\\karyawan.php')
 3 SYSTEMPATH\View\View.php(216): CodeIgniter\View\View->CodeIgniter\View\{closure}()
 4 SYSTEMPATH\Common.php(1184): CodeIgniter\View\View->render('karyawan', [], true)
 5 APPPATH\Controllers\KaryawanController.php(305): view('karyawan', [...])
 6 SYSTEMPATH\CodeIgniter.php(934): App\Controllers\KaryawanController->editInvestasi('1')
 7 SYSTEMPATH\CodeIgniter.php(499): CodeIgniter\CodeIgniter->runController(Object(App\Controllers\KaryawanController))
 8 SYSTEMPATH\CodeIgniter.php(368): CodeIgniter\CodeIgniter->handleRequest(null, Object(Config\Cache), false)
 9 FCPATH\index.php(67): CodeIgniter\CodeIgniter->run()
10 SYSTEMPATH\Commands\Server\rewrite.php(47): require_once('C:\\xampp\\htdocs\\kelompok4-main\\public\\index.php')
CRITICAL - 2023-06-08 04:56:07 --> Undefined variable $tracking
in APPPATH\Views\karyawan.php on line 252.
 1 APPPATH\Views\karyawan.php(252): CodeIgniter\Debug\Exceptions->errorHandler(2, 'Undefined variable $tracking', 'C:\\xampp\\htdocs\\kelompok4-main\\app\\Views\\karyawan.php', 252)
 2 SYSTEMPATH\View\View.php(213): include('C:\\xampp\\htdocs\\kelompok4-main\\app\\Views\\karyawan.php')
 3 SYSTEMPATH\View\View.php(216): CodeIgniter\View\View->CodeIgniter\View\{closure}()
 4 SYSTEMPATH\Common.php(1184): CodeIgniter\View\View->render('karyawan', [], true)
 5 APPPATH\Controllers\KaryawanController.php(305): view('karyawan', [...])
 6 SYSTEMPATH\CodeIgniter.php(934): App\Controllers\KaryawanController->editInvestasi('sasa')
 7 SYSTEMPATH\CodeIgniter.php(499): CodeIgniter\CodeIgniter->runController(Object(App\Controllers\KaryawanController))
 8 SYSTEMPATH\CodeIgniter.php(368): CodeIgniter\CodeIgniter->handleRequest(null, Object(Config\Cache), false)
 9 FCPATH\index.php(67): CodeIgniter\CodeIgniter->run()
10 SYSTEMPATH\Commands\Server\rewrite.php(47): require_once('C:\\xampp\\htdocs\\kelompok4-main\\public\\index.php')
CRITICAL - 2023-06-08 05:01:36 --> Undefined variable $tracking
in APPPATH\Views\karyawan.php on line 252.
 1 APPPATH\Views\karyawan.php(252): CodeIgniter\Debug\Exceptions->errorHandler(2, 'Undefined variable $tracking', 'C:\\xampp\\htdocs\\kelompok4-main\\app\\Views\\karyawan.php', 252)
 2 SYSTEMPATH\View\View.php(213): include('C:\\xampp\\htdocs\\kelompok4-main\\app\\Views\\karyawan.php')
 3 SYSTEMPATH\View\View.php(216): CodeIgniter\View\View->CodeIgniter\View\{closure}()
 4 SYSTEMPATH\Common.php(1184): CodeIgniter\View\View->render('karyawan', [], true)
 5 APPPATH\Controllers\KaryawanController.php(305): view('karyawan', [...])
 6 SYSTEMPATH\CodeIgniter.php(934): App\Controllers\KaryawanController->editInvestasi('1')
 7 SYSTEMPATH\CodeIgniter.php(499): CodeIgniter\CodeIgniter->runController(Object(App\Controllers\KaryawanController))
 8 SYSTEMPATH\CodeIgniter.php(368): CodeIgniter\CodeIgniter->handleRequest(null, Object(Config\Cache), false)
 9 FCPATH\index.php(67): CodeIgniter\CodeIgniter->run()
10 SYSTEMPATH\Commands\Server\rewrite.php(47): require_once('C:\\xampp\\htdocs\\kelompok4-main\\public\\index.php')
CRITICAL - 2023-06-08 05:03:03 --> Undefined variable $tracking
in APPPATH\Views\karyawan.php on line 252.
 1 APPPATH\Views\karyawan.php(252): CodeIgniter\Debug\Exceptions->errorHandler(2, 'Undefined variable $tracking', 'C:\\xampp\\htdocs\\kelompok4-main\\app\\Views\\karyawan.php', 252)
 2 SYSTEMPATH\View\View.php(213): include('C:\\xampp\\htdocs\\kelompok4-main\\app\\Views\\karyawan.php')
 3 SYSTEMPATH\View\View.php(216): CodeIgniter\View\View->CodeIgniter\View\{closure}()
 4 SYSTEMPATH\Common.php(1184): CodeIgniter\View\View->render('karyawan', [], true)
 5 APPPATH\Controllers\KaryawanController.php(305): view('karyawan', [...])
 6 SYSTEMPATH\CodeIgniter.php(934): App\Controllers\KaryawanController->editInvestasi('1')
 7 SYSTEMPATH\CodeIgniter.php(499): CodeIgniter\CodeIgniter->runController(Object(App\Controllers\KaryawanController))
 8 SYSTEMPATH\CodeIgniter.php(368): CodeIgniter\CodeIgniter->handleRequest(null, Object(Config\Cache), false)
 9 FCPATH\index.php(67): CodeIgniter\CodeIgniter->run()
10 SYSTEMPATH\Commands\Server\rewrite.php(47): require_once('C:\\xampp\\htdocs\\kelompok4-main\\public\\index.php')
CRITICAL - 2023-06-08 05:03:08 --> Undefined variable $tracking
in APPPATH\Views\karyawan.php on line 252.
 1 APPPATH\Views\karyawan.php(252): CodeIgniter\Debug\Exceptions->errorHandler(2, 'Undefined variable $tracking', 'C:\\xampp\\htdocs\\kelompok4-main\\app\\Views\\karyawan.php', 252)
 2 SYSTEMPATH\View\View.php(213): include('C:\\xampp\\htdocs\\kelompok4-main\\app\\Views\\karyawan.php')
 3 SYSTEMPATH\View\View.php(216): CodeIgniter\View\View->CodeIgniter\View\{closure}()
 4 SYSTEMPATH\Common.php(1184): CodeIgniter\View\View->render('karyawan', [], true)
 5 APPPATH\Controllers\KaryawanController.php(305): view('karyawan', [...])
 6 SYSTEMPATH\CodeIgniter.php(934): App\Controllers\KaryawanController->editInvestasi('sasa')
 7 SYSTEMPATH\CodeIgniter.php(499): CodeIgniter\CodeIgniter->runController(Object(App\Controllers\KaryawanController))
 8 SYSTEMPATH\CodeIgniter.php(368): CodeIgniter\CodeIgniter->handleRequest(null, Object(Config\Cache), false)
 9 FCPATH\index.php(67): CodeIgniter\CodeIgniter->run()
10 SYSTEMPATH\Commands\Server\rewrite.php(47): require_once('C:\\xampp\\htdocs\\kelompok4-main\\public\\index.php')
CRITICAL - 2023-06-08 05:08:06 --> Undefined variable $tracking
in APPPATH\Views\karyawan.php on line 252.
 1 APPPATH\Views\karyawan.php(252): CodeIgniter\Debug\Exceptions->errorHandler(2, 'Undefined variable $tracking', 'C:\\xampp\\htdocs\\kelompok4-main\\app\\Views\\karyawan.php', 252)
 2 SYSTEMPATH\View\View.php(213): include('C:\\xampp\\htdocs\\kelompok4-main\\app\\Views\\karyawan.php')
 3 SYSTEMPATH\View\View.php(216): CodeIgniter\View\View->CodeIgniter\View\{closure}()
 4 SYSTEMPATH\Common.php(1184): CodeIgniter\View\View->render('karyawan', [], true)
 5 APPPATH\Controllers\KaryawanController.php(305): view('karyawan', [...])
 6 SYSTEMPATH\CodeIgniter.php(934): App\Controllers\KaryawanController->editInvestasi('sasa')
 7 SYSTEMPATH\CodeIgniter.php(499): CodeIgniter\CodeIgniter->runController(Object(App\Controllers\KaryawanController))
 8 SYSTEMPATH\CodeIgniter.php(368): CodeIgniter\CodeIgniter->handleRequest(null, Object(Config\Cache), false)
 9 FCPATH\index.php(67): CodeIgniter\CodeIgniter->run()
10 SYSTEMPATH\Commands\Server\rewrite.php(47): require_once('C:\\xampp\\htdocs\\kelompok4-main\\public\\index.php')
CRITICAL - 2023-06-08 05:08:11 --> Undefined variable $tracking
in APPPATH\Views\karyawan.php on line 252.
 1 APPPATH\Views\karyawan.php(252): CodeIgniter\Debug\Exceptions->errorHandler(2, 'Undefined variable $tracking', 'C:\\xampp\\htdocs\\kelompok4-main\\app\\Views\\karyawan.php', 252)
 2 SYSTEMPATH\View\View.php(213): include('C:\\xampp\\htdocs\\kelompok4-main\\app\\Views\\karyawan.php')
 3 SYSTEMPATH\View\View.php(216): CodeIgniter\View\View->CodeIgniter\View\{closure}()
 4 SYSTEMPATH\Common.php(1184): CodeIgniter\View\View->render('karyawan', [], true)
 5 APPPATH\Controllers\KaryawanController.php(305): view('karyawan', [...])
 6 SYSTEMPATH\CodeIgniter.php(934): App\Controllers\KaryawanController->editInvestasi('sasa')
 7 SYSTEMPATH\CodeIgniter.php(499): CodeIgniter\CodeIgniter->runController(Object(App\Controllers\KaryawanController))
 8 SYSTEMPATH\CodeIgniter.php(368): CodeIgniter\CodeIgniter->handleRequest(null, Object(Config\Cache), false)
 9 FCPATH\index.php(67): CodeIgniter\CodeIgniter->run()
10 SYSTEMPATH\Commands\Server\rewrite.php(47): require_once('C:\\xampp\\htdocs\\kelompok4-main\\public\\index.php')
CRITICAL - 2023-06-08 05:11:00 --> Undefined variable $tracking
in APPPATH\Views\karyawan.php on line 252.
 1 APPPATH\Views\karyawan.php(252): CodeIgniter\Debug\Exceptions->errorHandler(2, 'Undefined variable $tracking', 'C:\\xampp\\htdocs\\kelompok4-main\\app\\Views\\karyawan.php', 252)
 2 SYSTEMPATH\View\View.php(213): include('C:\\xampp\\htdocs\\kelompok4-main\\app\\Views\\karyawan.php')
 3 SYSTEMPATH\View\View.php(216): CodeIgniter\View\View->CodeIgniter\View\{closure}()
 4 SYSTEMPATH\Common.php(1184): CodeIgniter\View\View->render('karyawan', [], true)
 5 APPPATH\Controllers\KaryawanController.php(305): view('karyawan', [...])
 6 SYSTEMPATH\CodeIgniter.php(934): App\Controllers\KaryawanController->editInvestasi('1')
 7 SYSTEMPATH\CodeIgniter.php(499): CodeIgniter\CodeIgniter->runController(Object(App\Controllers\KaryawanController))
 8 SYSTEMPATH\CodeIgniter.php(368): CodeIgniter\CodeIgniter->handleRequest(null, Object(Config\Cache), false)
 9 FCPATH\index.php(67): CodeIgniter\CodeIgniter->run()
10 SYSTEMPATH\Commands\Server\rewrite.php(47): require_once('C:\\xampp\\htdocs\\kelompok4-main\\public\\index.php')
CRITICAL - 2023-06-08 05:13:56 --> Undefined variable $tracking
in APPPATH\Views\karyawan.php on line 252.
 1 APPPATH\Views\karyawan.php(252): CodeIgniter\Debug\Exceptions->errorHandler(2, 'Undefined variable $tracking', 'C:\\xampp\\htdocs\\kelompok4-main\\app\\Views\\karyawan.php', 252)
 2 SYSTEMPATH\View\View.php(213): include('C:\\xampp\\htdocs\\kelompok4-main\\app\\Views\\karyawan.php')
 3 SYSTEMPATH\View\View.php(216): CodeIgniter\View\View->CodeIgniter\View\{closure}()
 4 SYSTEMPATH\Common.php(1184): CodeIgniter\View\View->render('karyawan', [], true)
 5 APPPATH\Controllers\KaryawanController.php(305): view('karyawan', [...])
 6 SYSTEMPATH\CodeIgniter.php(934): App\Controllers\KaryawanController->editInvestasi('sasa')
 7 SYSTEMPATH\CodeIgniter.php(499): CodeIgniter\CodeIgniter->runController(Object(App\Controllers\KaryawanController))
 8 SYSTEMPATH\CodeIgniter.php(368): CodeIgniter\CodeIgniter->handleRequest(null, Object(Config\Cache), false)
 9 FCPATH\index.php(67): CodeIgniter\CodeIgniter->run()
10 SYSTEMPATH\Commands\Server\rewrite.php(47): require_once('C:\\xampp\\htdocs\\kelompok4-main\\public\\index.php')
CRITICAL - 2023-06-08 05:15:22 --> Undefined variable $tracking
in APPPATH\Views\karyawan.php on line 252.
 1 APPPATH\Views\karyawan.php(252): CodeIgniter\Debug\Exceptions->errorHandler(2, 'Undefined variable $tracking', 'C:\\xampp\\htdocs\\kelompok4-main\\app\\Views\\karyawan.php', 252)
 2 SYSTEMPATH\View\View.php(213): include('C:\\xampp\\htdocs\\kelompok4-main\\app\\Views\\karyawan.php')
 3 SYSTEMPATH\View\View.php(216): CodeIgniter\View\View->CodeIgniter\View\{closure}()
 4 SYSTEMPATH\Common.php(1184): CodeIgniter\View\View->render('karyawan', [], true)
 5 APPPATH\Controllers\KaryawanController.php(305): view('karyawan', [...])
 6 SYSTEMPATH\CodeIgniter.php(934): App\Controllers\KaryawanController->editInvestasi('1')
 7 SYSTEMPATH\CodeIgniter.php(499): CodeIgniter\CodeIgniter->runController(Object(App\Controllers\KaryawanController))
 8 SYSTEMPATH\CodeIgniter.php(368): CodeIgniter\CodeIgniter->handleRequest(null, Object(Config\Cache), false)
 9 FCPATH\index.php(67): CodeIgniter\CodeIgniter->run()
10 SYSTEMPATH\Commands\Server\rewrite.php(47): require_once('C:\\xampp\\htdocs\\kelompok4-main\\public\\index.php')
CRITICAL - 2023-06-08 05:22:21 --> Undefined array key "nama_investasi"
in APPPATH\Views\karyawan.php on line 338.
 1 APPPATH\Views\karyawan.php(338): CodeIgniter\Debug\Exceptions->errorHandler(2, 'Undefined array key "nama_investasi"', 'C:\\xampp\\htdocs\\kelompok4-main\\app\\Views\\karyawan.php', 338)
 2 SYSTEMPATH\View\View.php(213): include('C:\\xampp\\htdocs\\kelompok4-main\\app\\Views\\karyawan.php')
 3 SYSTEMPATH\View\View.php(216): CodeIgniter\View\View->CodeIgniter\View\{closure}()
 4 SYSTEMPATH\Common.php(1184): CodeIgniter\View\View->render('karyawan', [], true)
 5 APPPATH\Controllers\KaryawanController.php(27): view('karyawan', [...])
 6 SYSTEMPATH\CodeIgniter.php(934): App\Controllers\KaryawanController->index()
 7 SYSTEMPATH\CodeIgniter.php(499): CodeIgniter\CodeIgniter->runController(Object(App\Controllers\KaryawanController))
 8 SYSTEMPATH\CodeIgniter.php(368): CodeIgniter\CodeIgniter->handleRequest(null, Object(Config\Cache), false)
 9 FCPATH\index.php(67): CodeIgniter\CodeIgniter->run()
10 SYSTEMPATH\Commands\Server\rewrite.php(47): require_once('C:\\xampp\\htdocs\\kelompok4-main\\public\\index.php')
CRITICAL - 2023-06-08 05:32:46 --> Undefined variable $tracking
in APPPATH\Views\karyawan.php on line 252.
 1 APPPATH\Views\karyawan.php(252): CodeIgniter\Debug\Exceptions->errorHandler(2, 'Undefined variable $tracking', 'C:\\xampp\\htdocs\\kelompok4-main\\app\\Views\\karyawan.php', 252)
 2 SYSTEMPATH\View\View.php(213): include('C:\\xampp\\htdocs\\kelompok4-main\\app\\Views\\karyawan.php')
 3 SYSTEMPATH\View\View.php(216): CodeIgniter\View\View->CodeIgniter\View\{closure}()
 4 SYSTEMPATH\Common.php(1184): CodeIgniter\View\View->render('karyawan', [], true)
 5 APPPATH\Controllers\KaryawanController.php(305): view('karyawan', [...])
 6 SYSTEMPATH\CodeIgniter.php(934): App\Controllers\KaryawanController->editInvestasi('1')
 7 SYSTEMPATH\CodeIgniter.php(499): CodeIgniter\CodeIgniter->runController(Object(App\Controllers\KaryawanController))
 8 SYSTEMPATH\CodeIgniter.php(368): CodeIgniter\CodeIgniter->handleRequest(null, Object(Config\Cache), false)
 9 FCPATH\index.php(67): CodeIgniter\CodeIgniter->run()
10 SYSTEMPATH\Commands\Server\rewrite.php(47): require_once('C:\\xampp\\htdocs\\kelompok4-main\\public\\index.php')
CRITICAL - 2023-06-08 05:35:28 --> Undefined variable $tracking
in APPPATH\Views\karyawan.php on line 252.
 1 APPPATH\Views\karyawan.php(252): CodeIgniter\Debug\Exceptions->errorHandler(2, 'Undefined variable $tracking', 'C:\\xampp\\htdocs\\kelompok4-main\\app\\Views\\karyawan.php', 252)
 2 SYSTEMPATH\View\View.php(213): include('C:\\xampp\\htdocs\\kelompok4-main\\app\\Views\\karyawan.php')
 3 SYSTEMPATH\View\View.php(216): CodeIgniter\View\View->CodeIgniter\View\{closure}()
 4 SYSTEMPATH\Common.php(1184): CodeIgniter\View\View->render('karyawan', [], true)
 5 APPPATH\Controllers\KaryawanController.php(303): view('karyawan', [...])
 6 SYSTEMPATH\CodeIgniter.php(934): App\Controllers\KaryawanController->editInvestasi('1')
 7 SYSTEMPATH\CodeIgniter.php(499): CodeIgniter\CodeIgniter->runController(Object(App\Controllers\KaryawanController))
 8 SYSTEMPATH\CodeIgniter.php(368): CodeIgniter\CodeIgniter->handleRequest(null, Object(Config\Cache), false)
 9 FCPATH\index.php(67): CodeIgniter\CodeIgniter->run()
10 SYSTEMPATH\Commands\Server\rewrite.php(47): require_once('C:\\xampp\\htdocs\\kelompok4-main\\public\\index.php')
CRITICAL - 2023-06-08 05:46:11 --> Undefined array key "id"
in APPPATH\Views\karyawan.php on line 359.
 1 APPPATH\Views\karyawan.php(359): CodeIgniter\Debug\Exceptions->errorHandler(2, 'Undefined array key "id"', 'C:\\xampp\\htdocs\\kelompok4-main\\app\\Views\\karyawan.php', 359)
 2 SYSTEMPATH\View\View.php(213): include('C:\\xampp\\htdocs\\kelompok4-main\\app\\Views\\karyawan.php')
 3 SYSTEMPATH\View\View.php(216): CodeIgniter\View\View->CodeIgniter\View\{closure}()
 4 SYSTEMPATH\Common.php(1184): CodeIgniter\View\View->render('karyawan', [], true)
 5 APPPATH\Controllers\KaryawanController.php(27): view('karyawan', [...])
 6 SYSTEMPATH\CodeIgniter.php(934): App\Controllers\KaryawanController->index()
 7 SYSTEMPATH\CodeIgniter.php(499): CodeIgniter\CodeIgniter->runController(Object(App\Controllers\KaryawanController))
 8 SYSTEMPATH\CodeIgniter.php(368): CodeIgniter\CodeIgniter->handleRequest(null, Object(Config\Cache), false)
 9 FCPATH\index.php(67): CodeIgniter\CodeIgniter->run()
10 SYSTEMPATH\Commands\Server\rewrite.php(47): require_once('C:\\xampp\\htdocs\\kelompok4-main\\public\\index.php')
CRITICAL - 2023-06-08 05:47:16 --> Undefined variable $date
in APPPATH\Views\karyawan.php on line 372.
 1 APPPATH\Views\karyawan.php(372): CodeIgniter\Debug\Exceptions->errorHandler(2, 'Undefined variable $date', 'C:\\xampp\\htdocs\\kelompok4-main\\app\\Views\\karyawan.php', 372)
 2 SYSTEMPATH\View\View.php(213): include('C:\\xampp\\htdocs\\kelompok4-main\\app\\Views\\karyawan.php')
 3 SYSTEMPATH\View\View.php(216): CodeIgniter\View\View->CodeIgniter\View\{closure}()
 4 SYSTEMPATH\Common.php(1184): CodeIgniter\View\View->render('karyawan', [], true)
 5 APPPATH\Controllers\KaryawanController.php(27): view('karyawan', [...])
 6 SYSTEMPATH\CodeIgniter.php(934): App\Controllers\KaryawanController->index()
 7 SYSTEMPATH\CodeIgniter.php(499): CodeIgniter\CodeIgniter->runController(Object(App\Controllers\KaryawanController))
 8 SYSTEMPATH\CodeIgniter.php(368): CodeIgniter\CodeIgniter->handleRequest(null, Object(Config\Cache), false)
 9 FCPATH\index.php(67): CodeIgniter\CodeIgniter->run()
10 SYSTEMPATH\Commands\Server\rewrite.php(47): require_once('C:\\xampp\\htdocs\\kelompok4-main\\public\\index.php')
CRITICAL - 2023-06-08 05:47:37 --> Undefined array key "id"
in APPPATH\Views\karyawan.php on line 372.
 1 APPPATH\Views\karyawan.php(372): CodeIgniter\Debug\Exceptions->errorHandler(2, 'Undefined array key "id"', 'C:\\xampp\\htdocs\\kelompok4-main\\app\\Views\\karyawan.php', 372)
 2 SYSTEMPATH\View\View.php(213): include('C:\\xampp\\htdocs\\kelompok4-main\\app\\Views\\karyawan.php')
 3 SYSTEMPATH\View\View.php(216): CodeIgniter\View\View->CodeIgniter\View\{closure}()
 4 SYSTEMPATH\Common.php(1184): CodeIgniter\View\View->render('karyawan', [], true)
 5 APPPATH\Controllers\KaryawanController.php(27): view('karyawan', [...])
 6 SYSTEMPATH\CodeIgniter.php(934): App\Controllers\KaryawanController->index()
 7 SYSTEMPATH\CodeIgniter.php(499): CodeIgniter\CodeIgniter->runController(Object(App\Controllers\KaryawanController))
 8 SYSTEMPATH\CodeIgniter.php(368): CodeIgniter\CodeIgniter->handleRequest(null, Object(Config\Cache), false)
 9 FCPATH\index.php(67): CodeIgniter\CodeIgniter->run()
10 SYSTEMPATH\Commands\Server\rewrite.php(47): require_once('C:\\xampp\\htdocs\\kelompok4-main\\public\\index.php')
CRITICAL - 2023-06-08 07:20:39 --> Unsupported operand types: string - string
in APPPATH\Views\karyawan.php on line 352.
 1 SYSTEMPATH\View\View.php(213): include()
 2 SYSTEMPATH\View\View.php(216): CodeIgniter\View\View->CodeIgniter\View\{closure}()
 3 SYSTEMPATH\Common.php(1184): CodeIgniter\View\View->render('karyawan', [], true)
 4 APPPATH\Controllers\KaryawanController.php(27): view('karyawan', [...])
 5 SYSTEMPATH\CodeIgniter.php(934): App\Controllers\KaryawanController->index()
 6 SYSTEMPATH\CodeIgniter.php(499): CodeIgniter\CodeIgniter->runController(Object(App\Controllers\KaryawanController))
 7 SYSTEMPATH\CodeIgniter.php(368): CodeIgniter\CodeIgniter->handleRequest(null, Object(Config\Cache), false)
 8 FCPATH\index.php(67): CodeIgniter\CodeIgniter->run()
 9 SYSTEMPATH\Commands\Server\rewrite.php(47): require_once('C:\\xampp\\htdocs\\kelompok4-main\\public\\index.php')
CRITICAL - 2023-06-08 07:21:02 --> Unsupported operand types: string - string
in APPPATH\Views\karyawan.php on line 352.
 1 SYSTEMPATH\View\View.php(213): include()
 2 SYSTEMPATH\View\View.php(216): CodeIgniter\View\View->CodeIgniter\View\{closure}()
 3 SYSTEMPATH\Common.php(1184): CodeIgniter\View\View->render('karyawan', [], true)
 4 APPPATH\Controllers\KaryawanController.php(27): view('karyawan', [...])
 5 SYSTEMPATH\CodeIgniter.php(934): App\Controllers\KaryawanController->index()
 6 SYSTEMPATH\CodeIgniter.php(499): CodeIgniter\CodeIgniter->runController(Object(App\Controllers\KaryawanController))
 7 SYSTEMPATH\CodeIgniter.php(368): CodeIgniter\CodeIgniter->handleRequest(null, Object(Config\Cache), false)
 8 FCPATH\index.php(67): CodeIgniter\CodeIgniter->run()
 9 SYSTEMPATH\Commands\Server\rewrite.php(47): require_once('C:\\xampp\\htdocs\\kelompok4-main\\public\\index.php')
CRITICAL - 2023-06-08 07:21:11 --> Unsupported operand types: string - string
in APPPATH\Views\karyawan.php on line 352.
 1 SYSTEMPATH\View\View.php(213): include()
 2 SYSTEMPATH\View\View.php(216): CodeIgniter\View\View->CodeIgniter\View\{closure}()
 3 SYSTEMPATH\Common.php(1184): CodeIgniter\View\View->render('karyawan', [], true)
 4 APPPATH\Controllers\KaryawanController.php(27): view('karyawan', [...])
 5 SYSTEMPATH\CodeIgniter.php(934): App\Controllers\KaryawanController->index()
 6 SYSTEMPATH\CodeIgniter.php(499): CodeIgniter\CodeIgniter->runController(Object(App\Controllers\KaryawanController))
 7 SYSTEMPATH\CodeIgniter.php(368): CodeIgniter\CodeIgniter->handleRequest(null, Object(Config\Cache), false)
 8 FCPATH\index.php(67): CodeIgniter\CodeIgniter->run()
 9 SYSTEMPATH\Commands\Server\rewrite.php(47): require_once('C:\\xampp\\htdocs\\kelompok4-main\\public\\index.php')
CRITICAL - 2023-06-08 07:21:14 --> Unsupported operand types: string - string
in APPPATH\Views\karyawan.php on line 352.
 1 SYSTEMPATH\View\View.php(213): include()
 2 SYSTEMPATH\View\View.php(216): CodeIgniter\View\View->CodeIgniter\View\{closure}()
 3 SYSTEMPATH\Common.php(1184): CodeIgniter\View\View->render('karyawan', [], true)
 4 APPPATH\Controllers\KaryawanController.php(27): view('karyawan', [...])
 5 SYSTEMPATH\CodeIgniter.php(934): App\Controllers\KaryawanController->index()
 6 SYSTEMPATH\CodeIgniter.php(499): CodeIgniter\CodeIgniter->runController(Object(App\Controllers\KaryawanController))
 7 SYSTEMPATH\CodeIgniter.php(368): CodeIgniter\CodeIgniter->handleRequest(null, Object(Config\Cache), false)
 8 FCPATH\index.php(67): CodeIgniter\CodeIgniter->run()
 9 SYSTEMPATH\Commands\Server\rewrite.php(47): require_once('C:\\xampp\\htdocs\\kelompok4-main\\public\\index.php')
CRITICAL - 2023-06-08 07:26:16 --> Undefined array key "nama_peminjam"
in APPPATH\Views\karyawan.php on line 362.
 1 APPPATH\Views\karyawan.php(362): CodeIgniter\Debug\Exceptions->errorHandler(2, 'Undefined array key "nama_peminjam"', 'C:\\xampp\\htdocs\\kelompok4-main\\app\\Views\\karyawan.php', 362)
 2 SYSTEMPATH\View\View.php(213): include('C:\\xampp\\htdocs\\kelompok4-main\\app\\Views\\karyawan.php')
 3 SYSTEMPATH\View\View.php(216): CodeIgniter\View\View->CodeIgniter\View\{closure}()
 4 SYSTEMPATH\Common.php(1184): CodeIgniter\View\View->render('karyawan', [], true)
 5 APPPATH\Controllers\KaryawanController.php(27): view('karyawan', [...])
 6 SYSTEMPATH\CodeIgniter.php(934): App\Controllers\KaryawanController->index()
 7 SYSTEMPATH\CodeIgniter.php(499): CodeIgniter\CodeIgniter->runController(Object(App\Controllers\KaryawanController))
 8 SYSTEMPATH\CodeIgniter.php(368): CodeIgniter\CodeIgniter->handleRequest(null, Object(Config\Cache), false)
 9 FCPATH\index.php(67): CodeIgniter\CodeIgniter->run()
10 SYSTEMPATH\Commands\Server\rewrite.php(47): require_once('C:\\xampp\\htdocs\\kelompok4-main\\public\\index.php')
CRITICAL - 2023-06-08 07:28:39 --> Undefined array key "nama_investasi"
in APPPATH\Views\karyawan.php on line 362.
 1 APPPATH\Views\karyawan.php(362): CodeIgniter\Debug\Exceptions->errorHandler(2, 'Undefined array key "nama_investasi"', 'C:\\xampp\\htdocs\\kelompok4-main\\app\\Views\\karyawan.php', 362)
 2 SYSTEMPATH\View\View.php(213): include('C:\\xampp\\htdocs\\kelompok4-main\\app\\Views\\karyawan.php')
 3 SYSTEMPATH\View\View.php(216): CodeIgniter\View\View->CodeIgniter\View\{closure}()
 4 SYSTEMPATH\Common.php(1184): CodeIgniter\View\View->render('karyawan', [], true)
 5 APPPATH\Controllers\KaryawanController.php(27): view('karyawan', [...])
 6 SYSTEMPATH\CodeIgniter.php(934): App\Controllers\KaryawanController->index()
 7 SYSTEMPATH\CodeIgniter.php(499): CodeIgniter\CodeIgniter->runController(Object(App\Controllers\KaryawanController))
 8 SYSTEMPATH\CodeIgniter.php(368): CodeIgniter\CodeIgniter->handleRequest(null, Object(Config\Cache), false)
 9 FCPATH\index.php(67): CodeIgniter\CodeIgniter->run()
10 SYSTEMPATH\Commands\Server\rewrite.php(47): require_once('C:\\xampp\\htdocs\\kelompok4-main\\public\\index.php')
CRITICAL - 2023-06-08 07:32:31 --> Too few arguments to function App\Controllers\KaryawanController::updateInvestasi(), 0 passed in C:\xampp\htdocs\kelompok4-main\vendor\codeigniter4\framework\system\CodeIgniter.php on line 934 and exactly 1 expected
in APPPATH\Controllers\KaryawanController.php on line 306.
 1 SYSTEMPATH\CodeIgniter.php(934): App\Controllers\KaryawanController->updateInvestasi()
 2 SYSTEMPATH\CodeIgniter.php(499): CodeIgniter\CodeIgniter->runController(Object(App\Controllers\KaryawanController))
 3 SYSTEMPATH\CodeIgniter.php(368): CodeIgniter\CodeIgniter->handleRequest(null, Object(Config\Cache), false)
 4 FCPATH\index.php(67): CodeIgniter\CodeIgniter->run()
 5 SYSTEMPATH\Commands\Server\rewrite.php(47): require_once('C:\\xampp\\htdocs\\kelompok4-main\\public\\index.php')
CRITICAL - 2023-06-08 07:32:38 --> Too few arguments to function App\Controllers\KaryawanController::updateInvestasi(), 0 passed in C:\xampp\htdocs\kelompok4-main\vendor\codeigniter4\framework\system\CodeIgniter.php on line 934 and exactly 1 expected
in APPPATH\Controllers\KaryawanController.php on line 306.
 1 SYSTEMPATH\CodeIgniter.php(934): App\Controllers\KaryawanController->updateInvestasi()
 2 SYSTEMPATH\CodeIgniter.php(499): CodeIgniter\CodeIgniter->runController(Object(App\Controllers\KaryawanController))
 3 SYSTEMPATH\CodeIgniter.php(368): CodeIgniter\CodeIgniter->handleRequest(null, Object(Config\Cache), false)
 4 FCPATH\index.php(67): CodeIgniter\CodeIgniter->run()
 5 SYSTEMPATH\Commands\Server\rewrite.php(47): require_once('C:\\xampp\\htdocs\\kelompok4-main\\public\\index.php')
CRITICAL - 2023-06-08 07:32:41 --> Too few arguments to function App\Controllers\KaryawanController::updateInvestasi(), 0 passed in C:\xampp\htdocs\kelompok4-main\vendor\codeigniter4\framework\system\CodeIgniter.php on line 934 and exactly 1 expected
in APPPATH\Controllers\KaryawanController.php on line 306.
 1 SYSTEMPATH\CodeIgniter.php(934): App\Controllers\KaryawanController->updateInvestasi()
 2 SYSTEMPATH\CodeIgniter.php(499): CodeIgniter\CodeIgniter->runController(Object(App\Controllers\KaryawanController))
 3 SYSTEMPATH\CodeIgniter.php(368): CodeIgniter\CodeIgniter->handleRequest(null, Object(Config\Cache), false)
 4 FCPATH\index.php(67): CodeIgniter\CodeIgniter->run()
 5 SYSTEMPATH\Commands\Server\rewrite.php(47): require_once('C:\\xampp\\htdocs\\kelompok4-main\\public\\index.php')
CRITICAL - 2023-06-08 07:52:21 --> Too few arguments to function App\Controllers\KaryawanController::updateInvestasi(), 0 passed in C:\xampp\htdocs\kelompok4-main\vendor\codeigniter4\framework\system\CodeIgniter.php on line 934 and exactly 1 expected
in APPPATH\Controllers\KaryawanController.php on line 306.
 1 SYSTEMPATH\CodeIgniter.php(934): App\Controllers\KaryawanController->updateInvestasi()
 2 SYSTEMPATH\CodeIgniter.php(499): CodeIgniter\CodeIgniter->runController(Object(App\Controllers\KaryawanController))
 3 SYSTEMPATH\CodeIgniter.php(368): CodeIgniter\CodeIgniter->handleRequest(null, Object(Config\Cache), false)
 4 FCPATH\index.php(67): CodeIgniter\CodeIgniter->run()
 5 SYSTEMPATH\Commands\Server\rewrite.php(47): require_once('C:\\xampp\\htdocs\\kelompok4-main\\public\\index.php')
CRITICAL - 2023-06-08 08:02:02 --> Too few arguments to function App\Controllers\KaryawanController::updateInvestasi(), 0 passed in C:\xampp\htdocs\kelompok4-main\vendor\codeigniter4\framework\system\CodeIgniter.php on line 934 and exactly 1 expected
in APPPATH\Controllers\KaryawanController.php on line 306.
 1 SYSTEMPATH\CodeIgniter.php(934): App\Controllers\KaryawanController->updateInvestasi()
 2 SYSTEMPATH\CodeIgniter.php(499): CodeIgniter\CodeIgniter->runController(Object(App\Controllers\KaryawanController))
 3 SYSTEMPATH\CodeIgniter.php(368): CodeIgniter\CodeIgniter->handleRequest(null, Object(Config\Cache), false)
 4 FCPATH\index.php(67): CodeIgniter\CodeIgniter->run()
 5 SYSTEMPATH\Commands\Server\rewrite.php(47): require_once('C:\\xampp\\htdocs\\kelompok4-main\\public\\index.php')
CRITICAL - 2023-06-08 08:05:01 --> Too few arguments to function App\Controllers\KaryawanController::updateInvestasi(), 0 passed in C:\xampp\htdocs\kelompok4-main\vendor\codeigniter4\framework\system\CodeIgniter.php on line 934 and exactly 1 expected
in APPPATH\Controllers\KaryawanController.php on line 306.
 1 SYSTEMPATH\CodeIgniter.php(934): App\Controllers\KaryawanController->updateInvestasi()
 2 SYSTEMPATH\CodeIgniter.php(499): CodeIgniter\CodeIgniter->runController(Object(App\Controllers\KaryawanController))
 3 SYSTEMPATH\CodeIgniter.php(368): CodeIgniter\CodeIgniter->handleRequest(null, Object(Config\Cache), false)
 4 FCPATH\index.php(67): CodeIgniter\CodeIgniter->run()
 5 SYSTEMPATH\Commands\Server\rewrite.php(47): require_once('C:\\xampp\\htdocs\\kelompok4-main\\public\\index.php')
CRITICAL - 2023-06-08 08:07:44 --> Too few arguments to function App\Controllers\KaryawanController::updateInvestasi(), 0 passed in C:\xampp\htdocs\kelompok4-main\vendor\codeigniter4\framework\system\CodeIgniter.php on line 934 and exactly 1 expected
in APPPATH\Controllers\KaryawanController.php on line 306.
 1 SYSTEMPATH\CodeIgniter.php(934): App\Controllers\KaryawanController->updateInvestasi()
 2 SYSTEMPATH\CodeIgniter.php(499): CodeIgniter\CodeIgniter->runController(Object(App\Controllers\KaryawanController))
 3 SYSTEMPATH\CodeIgniter.php(368): CodeIgniter\CodeIgniter->handleRequest(null, Object(Config\Cache), false)
 4 FCPATH\index.php(67): CodeIgniter\CodeIgniter->run()
 5 SYSTEMPATH\Commands\Server\rewrite.php(47): require_once('C:\\xampp\\htdocs\\kelompok4-main\\public\\index.php')
CRITICAL - 2023-06-08 08:23:11 --> Too few arguments to function App\Controllers\KaryawanController::updateInvestasi(), 0 passed in C:\xampp\htdocs\kelompok4-main\vendor\codeigniter4\framework\system\CodeIgniter.php on line 934 and exactly 1 expected
in APPPATH\Controllers\KaryawanController.php on line 306.
 1 SYSTEMPATH\CodeIgniter.php(934): App\Controllers\KaryawanController->updateInvestasi()
 2 SYSTEMPATH\CodeIgniter.php(499): CodeIgniter\CodeIgniter->runController(Object(App\Controllers\KaryawanController))
 3 SYSTEMPATH\CodeIgniter.php(368): CodeIgniter\CodeIgniter->handleRequest(null, Object(Config\Cache), false)
 4 FCPATH\index.php(67): CodeIgniter\CodeIgniter->run()
 5 SYSTEMPATH\Commands\Server\rewrite.php(47): require_once('C:\\xampp\\htdocs\\kelompok4-main\\public\\index.php')
CRITICAL - 2023-06-08 08:27:45 --> Too few arguments to function App\Controllers\KaryawanController::updateInvestasi(), 0 passed in C:\xampp\htdocs\kelompok4-main\vendor\codeigniter4\framework\system\CodeIgniter.php on line 934 and exactly 1 expected
in APPPATH\Controllers\KaryawanController.php on line 306.
 1 SYSTEMPATH\CodeIgniter.php(934): App\Controllers\KaryawanController->updateInvestasi()
 2 SYSTEMPATH\CodeIgniter.php(499): CodeIgniter\CodeIgniter->runController(Object(App\Controllers\KaryawanController))
 3 SYSTEMPATH\CodeIgniter.php(368): CodeIgniter\CodeIgniter->handleRequest(null, Object(Config\Cache), false)
 4 FCPATH\index.php(67): CodeIgniter\CodeIgniter->run()
 5 SYSTEMPATH\Commands\Server\rewrite.php(47): require_once('C:\\xampp\\htdocs\\kelompok4-main\\public\\index.php')
CRITICAL - 2023-06-08 08:36:00 --> Too few arguments to function App\Controllers\KaryawanController::updateInvestasi(), 0 passed in C:\xampp\htdocs\kelompok4-main\vendor\codeigniter4\framework\system\CodeIgniter.php on line 934 and exactly 1 expected
in APPPATH\Controllers\KaryawanController.php on line 306.
 1 SYSTEMPATH\CodeIgniter.php(934): App\Controllers\KaryawanController->updateInvestasi()
 2 SYSTEMPATH\CodeIgniter.php(499): CodeIgniter\CodeIgniter->runController(Object(App\Controllers\KaryawanController))
 3 SYSTEMPATH\CodeIgniter.php(368): CodeIgniter\CodeIgniter->handleRequest(null, Object(Config\Cache), false)
 4 FCPATH\index.php(67): CodeIgniter\CodeIgniter->run()
 5 SYSTEMPATH\Commands\Server\rewrite.php(47): require_once('C:\\xampp\\htdocs\\kelompok4-main\\public\\index.php')
ERROR - 2023-06-08 09:09:54 --> mysqli_sql_exception: Unknown column 'id' in 'where clause' in C:\xampp\htdocs\kelompok4-main\vendor\codeigniter4\framework\system\Database\MySQLi\Connection.php:295
Stack trace:
#0 C:\xampp\htdocs\kelompok4-main\vendor\codeigniter4\framework\system\Database\MySQLi\Connection.php(295): mysqli->query('DELETE FROM `in...', 0)
#1 C:\xampp\htdocs\kelompok4-main\vendor\codeigniter4\framework\system\Database\BaseConnection.php(691): CodeIgniter\Database\MySQLi\Connection->execute('DELETE FROM `in...')
#2 C:\xampp\htdocs\kelompok4-main\vendor\codeigniter4\framework\system\Database\BaseConnection.php(605): CodeIgniter\Database\BaseConnection->simpleQuery('DELETE FROM `in...')
#3 C:\xampp\htdocs\kelompok4-main\vendor\codeigniter4\framework\system\Database\BaseBuilder.php(2791): CodeIgniter\Database\BaseConnection->query('DELETE FROM `in...', Array, false)
#4 C:\xampp\htdocs\kelompok4-main\vendor\codeigniter4\framework\system\Model.php(456): CodeIgniter\Database\BaseBuilder->delete()
#5 C:\xampp\htdocs\kelompok4-main\vendor\codeigniter4\framework\system\BaseModel.php(1065): CodeIgniter\Model->doDelete(Array, false)
#6 C:\xampp\htdocs\kelompok4-main\app\Controllers\KaryawanController.php(341): CodeIgniter\BaseModel->delete(Array)
#7 C:\xampp\htdocs\kelompok4-main\vendor\codeigniter4\framework\system\CodeIgniter.php(934): App\Controllers\KaryawanController->deleteInvestasi('slot')
#8 C:\xampp\htdocs\kelompok4-main\vendor\codeigniter4\framework\system\CodeIgniter.php(499): CodeIgniter\CodeIgniter->runController(Object(App\Controllers\KaryawanController))
#9 C:\xampp\htdocs\kelompok4-main\vendor\codeigniter4\framework\system\CodeIgniter.php(368): CodeIgniter\CodeIgniter->handleRequest(NULL, Object(Config\Cache), false)
#10 C:\xampp\htdocs\kelompok4-main\public\index.php(67): CodeIgniter\CodeIgniter->run()
#11 C:\xampp\htdocs\kelompok4-main\vendor\codeigniter4\framework\system\Commands\Server\rewrite.php(47): require_once('C:\\xampp\\htdocs...')
#12 {main}
CRITICAL - 2023-06-08 09:09:54 --> Unknown column 'id' in 'where clause'
in SYSTEMPATH\Database\MySQLi\Connection.php on line 295.
 1 SYSTEMPATH\Database\MySQLi\Connection.php(295): mysqli->query('DELETE FROM `investasi`
WHERE `id` IN (\'slot\')', 0)
 2 SYSTEMPATH\Database\BaseConnection.php(691): CodeIgniter\Database\MySQLi\Connection->execute('DELETE FROM `investasi`
WHERE `id` IN (\'slot\')')
 3 SYSTEMPATH\Database\BaseConnection.php(605): CodeIgniter\Database\BaseConnection->simpleQuery('DELETE FROM `investasi`
WHERE `id` IN (\'slot\')')
 4 SYSTEMPATH\Database\BaseBuilder.php(2791): CodeIgniter\Database\BaseConnection->query('DELETE FROM `investasi`
WHERE `id` IN :id:', [...], false)
 5 SYSTEMPATH\Model.php(456): CodeIgniter\Database\BaseBuilder->delete()
 6 SYSTEMPATH\BaseModel.php(1065): CodeIgniter\Model->doDelete([...], false)
 7 APPPATH\Controllers\KaryawanController.php(341): CodeIgniter\BaseModel->delete([...])
 8 SYSTEMPATH\CodeIgniter.php(934): App\Controllers\KaryawanController->deleteInvestasi('slot')
 9 SYSTEMPATH\CodeIgniter.php(499): CodeIgniter\CodeIgniter->runController(Object(App\Controllers\KaryawanController))
10 SYSTEMPATH\CodeIgniter.php(368): CodeIgniter\CodeIgniter->handleRequest(null, Object(Config\Cache), false)
11 FCPATH\index.php(67): CodeIgniter\CodeIgniter->run()
12 SYSTEMPATH\Commands\Server\rewrite.php(47): require_once('C:\\xampp\\htdocs\\kelompok4-main\\public\\index.php')
CRITICAL - 2023-06-08 11:01:06 --> Class "App\Controllers\Decimal" not found
in APPPATH\Controllers\KaryawanController.php on line 296.
 1 SYSTEMPATH\CodeIgniter.php(934): App\Controllers\KaryawanController->simpanInvestasi()
 2 SYSTEMPATH\CodeIgniter.php(499): CodeIgniter\CodeIgniter->runController(Object(App\Controllers\KaryawanController))
 3 SYSTEMPATH\CodeIgniter.php(368): CodeIgniter\CodeIgniter->handleRequest(null, Object(Config\Cache), false)
 4 FCPATH\index.php(67): CodeIgniter\CodeIgniter->run()
 5 SYSTEMPATH\Commands\Server\rewrite.php(47): require_once('C:\\xampp\\htdocs\\kelompok4-main\\public\\index.php')
CRITICAL - 2023-06-08 11:02:22 --> Class "App\Controllers\Decimal" not found
in APPPATH\Controllers\KaryawanController.php on line 291.
 1 SYSTEMPATH\CodeIgniter.php(934): App\Controllers\KaryawanController->simpanInvestasi()
 2 SYSTEMPATH\CodeIgniter.php(499): CodeIgniter\CodeIgniter->runController(Object(App\Controllers\KaryawanController))
 3 SYSTEMPATH\CodeIgniter.php(368): CodeIgniter\CodeIgniter->handleRequest(null, Object(Config\Cache), false)
 4 FCPATH\index.php(67): CodeIgniter\CodeIgniter->run()
 5 SYSTEMPATH\Commands\Server\rewrite.php(47): require_once('C:\\xampp\\htdocs\\kelompok4-main\\public\\index.php')
CRITICAL - 2023-06-08 11:03:26 --> A non-numeric value encountered
in APPPATH\Controllers\KaryawanController.php on line 291.
 1 APPPATH\Controllers\KaryawanController.php(291): CodeIgniter\Debug\Exceptions->errorHandler(2, 'A non-numeric value encountered', 'C:\\xampp\\htdocs\\kelompok4-main\\app\\Controllers\\KaryawanController.php', 291)
 2 SYSTEMPATH\CodeIgniter.php(934): App\Controllers\KaryawanController->simpanInvestasi()
 3 SYSTEMPATH\CodeIgniter.php(499): CodeIgniter\CodeIgniter->runController(Object(App\Controllers\KaryawanController))
 4 SYSTEMPATH\CodeIgniter.php(368): CodeIgniter\CodeIgniter->handleRequest(null, Object(Config\Cache), false)
 5 FCPATH\index.php(67): CodeIgniter\CodeIgniter->run()
 6 SYSTEMPATH\Commands\Server\rewrite.php(47): require_once('C:\\xampp\\htdocs\\kelompok4-main\\public\\index.php')
CRITICAL - 2023-06-08 11:03:47 --> A non-numeric value encountered
in APPPATH\Controllers\KaryawanController.php on line 291.
 1 APPPATH\Controllers\KaryawanController.php(291): CodeIgniter\Debug\Exceptions->errorHandler(2, 'A non-numeric value encountered', 'C:\\xampp\\htdocs\\kelompok4-main\\app\\Controllers\\KaryawanController.php', 291)
 2 SYSTEMPATH\CodeIgniter.php(934): App\Controllers\KaryawanController->simpanInvestasi()
 3 SYSTEMPATH\CodeIgniter.php(499): CodeIgniter\CodeIgniter->runController(Object(App\Controllers\KaryawanController))
 4 SYSTEMPATH\CodeIgniter.php(368): CodeIgniter\CodeIgniter->handleRequest(null, Object(Config\Cache), false)
 5 FCPATH\index.php(67): CodeIgniter\CodeIgniter->run()
 6 SYSTEMPATH\Commands\Server\rewrite.php(47): require_once('C:\\xampp\\htdocs\\kelompok4-main\\public\\index.php')
CRITICAL - 2023-06-08 11:11:10 --> Class "App\Controllers\Decimal" not found
in APPPATH\Controllers\KaryawanController.php on line 296.
 1 SYSTEMPATH\CodeIgniter.php(934): App\Controllers\KaryawanController->simpanInvestasi()
 2 SYSTEMPATH\CodeIgniter.php(499): CodeIgniter\CodeIgniter->runController(Object(App\Controllers\KaryawanController))
 3 SYSTEMPATH\CodeIgniter.php(368): CodeIgniter\CodeIgniter->handleRequest(null, Object(Config\Cache), false)
 4 FCPATH\index.php(67): CodeIgniter\CodeIgniter->run()
 5 SYSTEMPATH\Commands\Server\rewrite.php(47): require_once('C:\\xampp\\htdocs\\kelompok4-main\\public\\index.php')
CRITICAL - 2023-06-08 14:14:49 --> Undefined variable $formattedRoi
in APPPATH\Views\karyawan.php on line 353.
 1 APPPATH\Views\karyawan.php(353): CodeIgniter\Debug\Exceptions->errorHandler(2, 'Undefined variable $formattedRoi', 'C:\\xampp\\htdocs\\kelompok4-main\\app\\Views\\karyawan.php', 353)
 2 SYSTEMPATH\View\View.php(213): include('C:\\xampp\\htdocs\\kelompok4-main\\app\\Views\\karyawan.php')
 3 SYSTEMPATH\View\View.php(216): CodeIgniter\View\View->CodeIgniter\View\{closure}()
 4 SYSTEMPATH\Common.php(1184): CodeIgniter\View\View->render('karyawan', [], true)
 5 APPPATH\Controllers\KaryawanController.php(27): view('karyawan', [...])
 6 SYSTEMPATH\CodeIgniter.php(934): App\Controllers\KaryawanController->index()
 7 SYSTEMPATH\CodeIgniter.php(499): CodeIgniter\CodeIgniter->runController(Object(App\Controllers\KaryawanController))
 8 SYSTEMPATH\CodeIgniter.php(368): CodeIgniter\CodeIgniter->handleRequest(null, Object(Config\Cache), false)
 9 FCPATH\index.php(67): CodeIgniter\CodeIgniter->run()
10 SYSTEMPATH\Commands\Server\rewrite.php(47): require_once('C:\\xampp\\htdocs\\kelompok4-main\\public\\index.php')
INFO - 2023-06-08 15:05:08 --> Session: Class initialized using 'CodeIgniter\Session\Handlers\FileHandler' driver.
INFO - 2023-06-08 15:05:13 --> Session: Class initialized using 'CodeIgniter\Session\Handlers\FileHandler' driver.
INFO - 2023-06-08 15:05:15 --> Session: Class initialized using 'CodeIgniter\Session\Handlers\FileHandler' driver.
INFO - 2023-06-08 15:05:15 --> Session: Class initialized using 'CodeIgniter\Session\Handlers\FileHandler' driver.
INFO - 2023-06-08 15:05:19 --> Session: Class initialized using 'CodeIgniter\Session\Handlers\FileHandler' driver.
INFO - 2023-06-08 15:29:42 --> Session: Class initialized using 'CodeIgniter\Session\Handlers\FileHandler' driver.
INFO - 2023-06-08 15:29:45 --> Session: Class initialized using 'CodeIgniter\Session\Handlers\FileHandler' driver.
INFO - 2023-06-08 15:46:08 --> Session: Class initialized using 'CodeIgniter\Session\Handlers\FileHandler' driver.
INFO - 2023-06-08 15:46:24 --> Session: Class initialized using 'CodeIgniter\Session\Handlers\FileHandler' driver.
INFO - 2023-06-08 15:47:11 --> Session: Class initialized using 'CodeIgniter\Session\Handlers\FileHandler' driver.
INFO - 2023-06-08 15:50:00 --> Session: Class initialized using 'CodeIgniter\Session\Handlers\FileHandler' driver.
INFO - 2023-06-08 15:50:25 --> Session: Class initialized using 'CodeIgniter\Session\Handlers\FileHandler' driver.
INFO - 2023-06-08 15:52:19 --> Session: Class initialized using 'CodeIgniter\Session\Handlers\FileHandler' driver.
INFO - 2023-06-08 15:52:40 --> Session: Class initialized using 'CodeIgniter\Session\Handlers\FileHandler' driver.
INFO - 2023-06-08 15:53:01 --> Session: Class initialized using 'CodeIgniter\Session\Handlers\FileHandler' driver.
CRITICAL - 2023-06-08 15:57:00 --> Undefined variable $imageModel
in APPPATH\Controllers\KaryawanController.php on line 28.
 1 APPPATH\Controllers\KaryawanController.php(28): CodeIgniter\Debug\Exceptions->errorHandler(2, 'Undefined variable $imageModel', 'C:\\xampp\\htdocs\\kelompok4-main\\app\\Controllers\\KaryawanController.php', 28)
 2 SYSTEMPATH\CodeIgniter.php(934): App\Controllers\KaryawanController->index()
 3 SYSTEMPATH\CodeIgniter.php(499): CodeIgniter\CodeIgniter->runController(Object(App\Controllers\KaryawanController))
 4 SYSTEMPATH\CodeIgniter.php(368): CodeIgniter\CodeIgniter->handleRequest(null, Object(Config\Cache), false)
 5 FCPATH\index.php(67): CodeIgniter\CodeIgniter->run()
 6 SYSTEMPATH\Commands\Server\rewrite.php(47): require_once('C:\\xampp\\htdocs\\kelompok4-main\\public\\index.php')
CRITICAL - 2023-06-08 15:59:20 --> Undefined variable $imageModel
in APPPATH\Controllers\KaryawanController.php on line 28.
 1 APPPATH\Controllers\KaryawanController.php(28): CodeIgniter\Debug\Exceptions->errorHandler(2, 'Undefined variable $imageModel', 'C:\\xampp\\htdocs\\kelompok4-main\\app\\Controllers\\KaryawanController.php', 28)
 2 SYSTEMPATH\CodeIgniter.php(934): App\Controllers\KaryawanController->index()
 3 SYSTEMPATH\CodeIgniter.php(499): CodeIgniter\CodeIgniter->runController(Object(App\Controllers\KaryawanController))
 4 SYSTEMPATH\CodeIgniter.php(368): CodeIgniter\CodeIgniter->handleRequest(null, Object(Config\Cache), false)
 5 FCPATH\index.php(67): CodeIgniter\CodeIgniter->run()
 6 SYSTEMPATH\Commands\Server\rewrite.php(47): require_once('C:\\xampp\\htdocs\\kelompok4-main\\public\\index.php')
CRITICAL - 2023-06-08 15:59:22 --> Undefined variable $imageModel
in APPPATH\Controllers\KaryawanController.php on line 28.
 1 APPPATH\Controllers\KaryawanController.php(28): CodeIgniter\Debug\Exceptions->errorHandler(2, 'Undefined variable $imageModel', 'C:\\xampp\\htdocs\\kelompok4-main\\app\\Controllers\\KaryawanController.php', 28)
 2 SYSTEMPATH\CodeIgniter.php(934): App\Controllers\KaryawanController->index()
 3 SYSTEMPATH\CodeIgniter.php(499): CodeIgniter\CodeIgniter->runController(Object(App\Controllers\KaryawanController))
 4 SYSTEMPATH\CodeIgniter.php(368): CodeIgniter\CodeIgniter->handleRequest(null, Object(Config\Cache), false)
 5 FCPATH\index.php(67): CodeIgniter\CodeIgniter->run()
 6 SYSTEMPATH\Commands\Server\rewrite.php(47): require_once('C:\\xampp\\htdocs\\kelompok4-main\\public\\index.php')
CRITICAL - 2023-06-08 15:59:23 --> Undefined variable $imageModel
in APPPATH\Controllers\KaryawanController.php on line 28.
 1 APPPATH\Controllers\KaryawanController.php(28): CodeIgniter\Debug\Exceptions->errorHandler(2, 'Undefined variable $imageModel', 'C:\\xampp\\htdocs\\kelompok4-main\\app\\Controllers\\KaryawanController.php', 28)
 2 SYSTEMPATH\CodeIgniter.php(934): App\Controllers\KaryawanController->index()
 3 SYSTEMPATH\CodeIgniter.php(499): CodeIgniter\CodeIgniter->runController(Object(App\Controllers\KaryawanController))
 4 SYSTEMPATH\CodeIgniter.php(368): CodeIgniter\CodeIgniter->handleRequest(null, Object(Config\Cache), false)
 5 FCPATH\index.php(67): CodeIgniter\CodeIgniter->run()
 6 SYSTEMPATH\Commands\Server\rewrite.php(47): require_once('C:\\xampp\\htdocs\\kelompok4-main\\public\\index.php')
CRITICAL - 2023-06-08 15:59:24 --> Undefined variable $imageModel
in APPPATH\Controllers\KaryawanController.php on line 28.
 1 APPPATH\Controllers\KaryawanController.php(28): CodeIgniter\Debug\Exceptions->errorHandler(2, 'Undefined variable $imageModel', 'C:\\xampp\\htdocs\\kelompok4-main\\app\\Controllers\\KaryawanController.php', 28)
 2 SYSTEMPATH\CodeIgniter.php(934): App\Controllers\KaryawanController->index()
 3 SYSTEMPATH\CodeIgniter.php(499): CodeIgniter\CodeIgniter->runController(Object(App\Controllers\KaryawanController))
 4 SYSTEMPATH\CodeIgniter.php(368): CodeIgniter\CodeIgniter->handleRequest(null, Object(Config\Cache), false)
 5 FCPATH\index.php(67): CodeIgniter\CodeIgniter->run()
 6 SYSTEMPATH\Commands\Server\rewrite.php(47): require_once('C:\\xampp\\htdocs\\kelompok4-main\\public\\index.php')
CRITICAL - 2023-06-08 15:59:25 --> Undefined variable $imageModel
in APPPATH\Controllers\KaryawanController.php on line 28.
 1 APPPATH\Controllers\KaryawanController.php(28): CodeIgniter\Debug\Exceptions->errorHandler(2, 'Undefined variable $imageModel', 'C:\\xampp\\htdocs\\kelompok4-main\\app\\Controllers\\KaryawanController.php', 28)
 2 SYSTEMPATH\CodeIgniter.php(934): App\Controllers\KaryawanController->index()
 3 SYSTEMPATH\CodeIgniter.php(499): CodeIgniter\CodeIgniter->runController(Object(App\Controllers\KaryawanController))
 4 SYSTEMPATH\CodeIgniter.php(368): CodeIgniter\CodeIgniter->handleRequest(null, Object(Config\Cache), false)
 5 FCPATH\index.php(67): CodeIgniter\CodeIgniter->run()
 6 SYSTEMPATH\Commands\Server\rewrite.php(47): require_once('C:\\xampp\\htdocs\\kelompok4-main\\public\\index.php')
CRITICAL - 2023-06-08 16:02:23 --> Undefined variable $imageModel
in APPPATH\Controllers\KaryawanController.php on line 28.
 1 APPPATH\Controllers\KaryawanController.php(28): CodeIgniter\Debug\Exceptions->errorHandler(2, 'Undefined variable $imageModel', 'C:\\xampp\\htdocs\\kelompok4-main\\app\\Controllers\\KaryawanController.php', 28)
 2 SYSTEMPATH\CodeIgniter.php(934): App\Controllers\KaryawanController->index()
 3 SYSTEMPATH\CodeIgniter.php(499): CodeIgniter\CodeIgniter->runController(Object(App\Controllers\KaryawanController))
 4 SYSTEMPATH\CodeIgniter.php(368): CodeIgniter\CodeIgniter->handleRequest(null, Object(Config\Cache), false)
 5 FCPATH\index.php(67): CodeIgniter\CodeIgniter->run()
 6 SYSTEMPATH\Commands\Server\rewrite.php(47): require_once('C:\\xampp\\htdocs\\kelompok4-main\\public\\index.php')
CRITICAL - 2023-06-08 16:02:24 --> Undefined variable $imageModel
in APPPATH\Controllers\KaryawanController.php on line 28.
 1 APPPATH\Controllers\KaryawanController.php(28): CodeIgniter\Debug\Exceptions->errorHandler(2, 'Undefined variable $imageModel', 'C:\\xampp\\htdocs\\kelompok4-main\\app\\Controllers\\KaryawanController.php', 28)
 2 SYSTEMPATH\CodeIgniter.php(934): App\Controllers\KaryawanController->index()
 3 SYSTEMPATH\CodeIgniter.php(499): CodeIgniter\CodeIgniter->runController(Object(App\Controllers\KaryawanController))
 4 SYSTEMPATH\CodeIgniter.php(368): CodeIgniter\CodeIgniter->handleRequest(null, Object(Config\Cache), false)
 5 FCPATH\index.php(67): CodeIgniter\CodeIgniter->run()
 6 SYSTEMPATH\Commands\Server\rewrite.php(47): require_once('C:\\xampp\\htdocs\\kelompok4-main\\public\\index.php')
CRITICAL - 2023-06-08 16:02:25 --> Undefined variable $imageModel
in APPPATH\Controllers\KaryawanController.php on line 28.
 1 APPPATH\Controllers\KaryawanController.php(28): CodeIgniter\Debug\Exceptions->errorHandler(2, 'Undefined variable $imageModel', 'C:\\xampp\\htdocs\\kelompok4-main\\app\\Controllers\\KaryawanController.php', 28)
 2 SYSTEMPATH\CodeIgniter.php(934): App\Controllers\KaryawanController->index()
 3 SYSTEMPATH\CodeIgniter.php(499): CodeIgniter\CodeIgniter->runController(Object(App\Controllers\KaryawanController))
 4 SYSTEMPATH\CodeIgniter.php(368): CodeIgniter\CodeIgniter->handleRequest(null, Object(Config\Cache), false)
 5 FCPATH\index.php(67): CodeIgniter\CodeIgniter->run()
 6 SYSTEMPATH\Commands\Server\rewrite.php(47): require_once('C:\\xampp\\htdocs\\kelompok4-main\\public\\index.php')
CRITICAL - 2023-06-08 16:04:27 --> Undefined variable $imageModel
in APPPATH\Controllers\KaryawanController.php on line 28.
 1 APPPATH\Controllers\KaryawanController.php(28): CodeIgniter\Debug\Exceptions->errorHandler(2, 'Undefined variable $imageModel', 'C:\\xampp\\htdocs\\kelompok4-main\\app\\Controllers\\KaryawanController.php', 28)
 2 SYSTEMPATH\CodeIgniter.php(934): App\Controllers\KaryawanController->index()
 3 SYSTEMPATH\CodeIgniter.php(499): CodeIgniter\CodeIgniter->runController(Object(App\Controllers\KaryawanController))
 4 SYSTEMPATH\CodeIgniter.php(368): CodeIgniter\CodeIgniter->handleRequest(null, Object(Config\Cache), false)
 5 FCPATH\index.php(67): CodeIgniter\CodeIgniter->run()
 6 SYSTEMPATH\Commands\Server\rewrite.php(47): require_once('C:\\xampp\\htdocs\\kelompok4-main\\public\\index.php')
CRITICAL - 2023-06-08 16:04:29 --> Undefined variable $imageModel
in APPPATH\Controllers\KaryawanController.php on line 28.
 1 APPPATH\Controllers\KaryawanController.php(28): CodeIgniter\Debug\Exceptions->errorHandler(2, 'Undefined variable $imageModel', 'C:\\xampp\\htdocs\\kelompok4-main\\app\\Controllers\\KaryawanController.php', 28)
 2 SYSTEMPATH\CodeIgniter.php(934): App\Controllers\KaryawanController->index()
 3 SYSTEMPATH\CodeIgniter.php(499): CodeIgniter\CodeIgniter->runController(Object(App\Controllers\KaryawanController))
 4 SYSTEMPATH\CodeIgniter.php(368): CodeIgniter\CodeIgniter->handleRequest(null, Object(Config\Cache), false)
 5 FCPATH\index.php(67): CodeIgniter\CodeIgniter->run()
 6 SYSTEMPATH\Commands\Server\rewrite.php(47): require_once('C:\\xampp\\htdocs\\kelompok4-main\\public\\index.php')
CRITICAL - 2023-06-08 16:07:39 --> Undefined variable $imageModel
in APPPATH\Controllers\KaryawanController.php on line 28.
 1 APPPATH\Controllers\KaryawanController.php(28): CodeIgniter\Debug\Exceptions->errorHandler(2, 'Undefined variable $imageModel', 'C:\\xampp\\htdocs\\kelompok4-main\\app\\Controllers\\KaryawanController.php', 28)
 2 SYSTEMPATH\CodeIgniter.php(934): App\Controllers\KaryawanController->index()
 3 SYSTEMPATH\CodeIgniter.php(499): CodeIgniter\CodeIgniter->runController(Object(App\Controllers\KaryawanController))
 4 SYSTEMPATH\CodeIgniter.php(368): CodeIgniter\CodeIgniter->handleRequest(null, Object(Config\Cache), false)
 5 FCPATH\index.php(67): CodeIgniter\CodeIgniter->run()
 6 SYSTEMPATH\Commands\Server\rewrite.php(47): require_once('C:\\xampp\\htdocs\\kelompok4-main\\public\\index.php')
CRITICAL - 2023-06-08 16:07:40 --> Undefined variable $imageModel
in APPPATH\Controllers\KaryawanController.php on line 28.
 1 APPPATH\Controllers\KaryawanController.php(28): CodeIgniter\Debug\Exceptions->errorHandler(2, 'Undefined variable $imageModel', 'C:\\xampp\\htdocs\\kelompok4-main\\app\\Controllers\\KaryawanController.php', 28)
 2 SYSTEMPATH\CodeIgniter.php(934): App\Controllers\KaryawanController->index()
 3 SYSTEMPATH\CodeIgniter.php(499): CodeIgniter\CodeIgniter->runController(Object(App\Controllers\KaryawanController))
 4 SYSTEMPATH\CodeIgniter.php(368): CodeIgniter\CodeIgniter->handleRequest(null, Object(Config\Cache), false)
 5 FCPATH\index.php(67): CodeIgniter\CodeIgniter->run()
 6 SYSTEMPATH\Commands\Server\rewrite.php(47): require_once('C:\\xampp\\htdocs\\kelompok4-main\\public\\index.php')
CRITICAL - 2023-06-08 16:07:41 --> Undefined variable $imageModel
in APPPATH\Controllers\KaryawanController.php on line 28.
 1 APPPATH\Controllers\KaryawanController.php(28): CodeIgniter\Debug\Exceptions->errorHandler(2, 'Undefined variable $imageModel', 'C:\\xampp\\htdocs\\kelompok4-main\\app\\Controllers\\KaryawanController.php', 28)
 2 SYSTEMPATH\CodeIgniter.php(934): App\Controllers\KaryawanController->index()
 3 SYSTEMPATH\CodeIgniter.php(499): CodeIgniter\CodeIgniter->runController(Object(App\Controllers\KaryawanController))
 4 SYSTEMPATH\CodeIgniter.php(368): CodeIgniter\CodeIgniter->handleRequest(null, Object(Config\Cache), false)
 5 FCPATH\index.php(67): CodeIgniter\CodeIgniter->run()
 6 SYSTEMPATH\Commands\Server\rewrite.php(47): require_once('C:\\xampp\\htdocs\\kelompok4-main\\public\\index.php')
CRITICAL - 2023-06-08 16:07:41 --> Undefined variable $imageModel
in APPPATH\Controllers\KaryawanController.php on line 28.
 1 APPPATH\Controllers\KaryawanController.php(28): CodeIgniter\Debug\Exceptions->errorHandler(2, 'Undefined variable $imageModel', 'C:\\xampp\\htdocs\\kelompok4-main\\app\\Controllers\\KaryawanController.php', 28)
 2 SYSTEMPATH\CodeIgniter.php(934): App\Controllers\KaryawanController->index()
 3 SYSTEMPATH\CodeIgniter.php(499): CodeIgniter\CodeIgniter->runController(Object(App\Controllers\KaryawanController))
 4 SYSTEMPATH\CodeIgniter.php(368): CodeIgniter\CodeIgniter->handleRequest(null, Object(Config\Cache), false)
 5 FCPATH\index.php(67): CodeIgniter\CodeIgniter->run()
 6 SYSTEMPATH\Commands\Server\rewrite.php(47): require_once('C:\\xampp\\htdocs\\kelompok4-main\\public\\index.php')
CRITICAL - 2023-06-08 16:07:42 --> Undefined variable $imageModel
in APPPATH\Controllers\KaryawanController.php on line 28.
 1 APPPATH\Controllers\KaryawanController.php(28): CodeIgniter\Debug\Exceptions->errorHandler(2, 'Undefined variable $imageModel', 'C:\\xampp\\htdocs\\kelompok4-main\\app\\Controllers\\KaryawanController.php', 28)
 2 SYSTEMPATH\CodeIgniter.php(934): App\Controllers\KaryawanController->index()
 3 SYSTEMPATH\CodeIgniter.php(499): CodeIgniter\CodeIgniter->runController(Object(App\Controllers\KaryawanController))
 4 SYSTEMPATH\CodeIgniter.php(368): CodeIgniter\CodeIgniter->handleRequest(null, Object(Config\Cache), false)
 5 FCPATH\index.php(67): CodeIgniter\CodeIgniter->run()
 6 SYSTEMPATH\Commands\Server\rewrite.php(47): require_once('C:\\xampp\\htdocs\\kelompok4-main\\public\\index.php')
CRITICAL - 2023-06-08 16:08:13 --> Undefined variable $imageModel
in APPPATH\Controllers\KaryawanController.php on line 28.
 1 APPPATH\Controllers\KaryawanController.php(28): CodeIgniter\Debug\Exceptions->errorHandler(2, 'Undefined variable $imageModel', 'C:\\xampp\\htdocs\\kelompok4-main\\app\\Controllers\\KaryawanController.php', 28)
 2 SYSTEMPATH\CodeIgniter.php(934): App\Controllers\KaryawanController->index()
 3 SYSTEMPATH\CodeIgniter.php(499): CodeIgniter\CodeIgniter->runController(Object(App\Controllers\KaryawanController))
 4 SYSTEMPATH\CodeIgniter.php(368): CodeIgniter\CodeIgniter->handleRequest(null, Object(Config\Cache), false)
 5 FCPATH\index.php(67): CodeIgniter\CodeIgniter->run()
 6 SYSTEMPATH\Commands\Server\rewrite.php(47): require_once('C:\\xampp\\htdocs\\kelompok4-main\\public\\index.php')
CRITICAL - 2023-06-08 16:08:14 --> Undefined variable $imageModel
in APPPATH\Controllers\KaryawanController.php on line 28.
 1 APPPATH\Controllers\KaryawanController.php(28): CodeIgniter\Debug\Exceptions->errorHandler(2, 'Undefined variable $imageModel', 'C:\\xampp\\htdocs\\kelompok4-main\\app\\Controllers\\KaryawanController.php', 28)
 2 SYSTEMPATH\CodeIgniter.php(934): App\Controllers\KaryawanController->index()
 3 SYSTEMPATH\CodeIgniter.php(499): CodeIgniter\CodeIgniter->runController(Object(App\Controllers\KaryawanController))
 4 SYSTEMPATH\CodeIgniter.php(368): CodeIgniter\CodeIgniter->handleRequest(null, Object(Config\Cache), false)
 5 FCPATH\index.php(67): CodeIgniter\CodeIgniter->run()
 6 SYSTEMPATH\Commands\Server\rewrite.php(47): require_once('C:\\xampp\\htdocs\\kelompok4-main\\public\\index.php')
CRITICAL - 2023-06-08 16:08:22 --> Undefined variable $imageModel
in APPPATH\Controllers\KaryawanController.php on line 28.
 1 APPPATH\Controllers\KaryawanController.php(28): CodeIgniter\Debug\Exceptions->errorHandler(2, 'Undefined variable $imageModel', 'C:\\xampp\\htdocs\\kelompok4-main\\app\\Controllers\\KaryawanController.php', 28)
 2 SYSTEMPATH\CodeIgniter.php(934): App\Controllers\KaryawanController->index()
 3 SYSTEMPATH\CodeIgniter.php(499): CodeIgniter\CodeIgniter->runController(Object(App\Controllers\KaryawanController))
 4 SYSTEMPATH\CodeIgniter.php(368): CodeIgniter\CodeIgniter->handleRequest(null, Object(Config\Cache), false)
 5 FCPATH\index.php(67): CodeIgniter\CodeIgniter->run()
 6 SYSTEMPATH\Commands\Server\rewrite.php(47): require_once('C:\\xampp\\htdocs\\kelompok4-main\\public\\index.php')
INFO - 2023-06-08 16:09:07 --> Session: Class initialized using 'CodeIgniter\Session\Handlers\FileHandler' driver.
INFO - 2023-06-08 16:10:58 --> Session: Class initialized using 'CodeIgniter\Session\Handlers\FileHandler' driver.
INFO - 2023-06-08 16:13:13 --> Session: Class initialized using 'CodeIgniter\Session\Handlers\FileHandler' driver.
INFO - 2023-06-08 16:16:25 --> Session: Class initialized using 'CodeIgniter\Session\Handlers\FileHandler' driver.
INFO - 2023-06-08 16:19:02 --> Session: Class initialized using 'CodeIgniter\Session\Handlers\FileHandler' driver.
INFO - 2023-06-08 16:36:04 --> Session: Class initialized using 'CodeIgniter\Session\Handlers\FileHandler' driver.
INFO - 2023-06-08 16:39:05 --> Session: Class initialized using 'CodeIgniter\Session\Handlers\FileHandler' driver.
INFO - 2023-06-08 16:41:41 --> Session: Class initialized using 'CodeIgniter\Session\Handlers\FileHandler' driver.
INFO - 2023-06-08 16:43:57 --> Session: Class initialized using 'CodeIgniter\Session\Handlers\FileHandler' driver.
INFO - 2023-06-08 16:45:22 --> Session: Class initialized using 'CodeIgniter\Session\Handlers\FileHandler' driver.
INFO - 2023-06-08 16:47:51 --> Session: Class initialized using 'CodeIgniter\Session\Handlers\FileHandler' driver.
INFO - 2023-06-08 16:48:28 --> Session: Class initialized using 'CodeIgniter\Session\Handlers\FileHandler' driver.
INFO - 2023-06-08 16:52:37 --> Session: Class initialized using 'CodeIgniter\Session\Handlers\FileHandler' driver.
INFO - 2023-06-08 16:53:47 --> Session: Class initialized using 'CodeIgniter\Session\Handlers\FileHandler' driver.
INFO - 2023-06-08 16:56:18 --> Session: Class initialized using 'CodeIgniter\Session\Handlers\FileHandler' driver.
INFO - 2023-06-08 16:57:34 --> Session: Class initialized using 'CodeIgniter\Session\Handlers\FileHandler' driver.
INFO - 2023-06-08 16:57:34 --> Session: Class initialized using 'CodeIgniter\Session\Handlers\FileHandler' driver.
INFO - 2023-06-08 16:59:21 --> Session: Class initialized using 'CodeIgniter\Session\Handlers\FileHandler' driver.
INFO - 2023-06-08 17:02:39 --> Session: Class initialized using 'CodeIgniter\Session\Handlers\FileHandler' driver.
INFO - 2023-06-08 17:06:42 --> Session: Class initialized using 'CodeIgniter\Session\Handlers\FileHandler' driver.
INFO - 2023-06-08 17:10:45 --> Session: Class initialized using 'CodeIgniter\Session\Handlers\FileHandler' driver.
INFO - 2023-06-08 17:12:56 --> Session: Class initialized using 'CodeIgniter\Session\Handlers\FileHandler' driver.
INFO - 2023-06-08 17:18:09 --> Session: Class initialized using 'CodeIgniter\Session\Handlers\FileHandler' driver.
INFO - 2023-06-08 17:21:19 --> Session: Class initialized using 'CodeIgniter\Session\Handlers\FileHandler' driver.
INFO - 2023-06-08 17:24:33 --> Session: Class initialized using 'CodeIgniter\Session\Handlers\FileHandler' driver.
INFO - 2023-06-08 17:25:26 --> Session: Class initialized using 'CodeIgniter\Session\Handlers\FileHandler' driver.
INFO - 2023-06-08 17:28:11 --> Session: Class initialized using 'CodeIgniter\Session\Handlers\FileHandler' driver.
INFO - 2023-06-08 17:32:19 --> Session: Class initialized using 'CodeIgniter\Session\Handlers\FileHandler' driver.
INFO - 2023-06-08 17:32:38 --> Session: Class initialized using 'CodeIgniter\Session\Handlers\FileHandler' driver.
INFO - 2023-06-08 17:34:23 --> Session: Class initialized using 'CodeIgniter\Session\Handlers\FileHandler' driver.
INFO - 2023-06-08 17:35:03 --> Session: Class initialized using 'CodeIgniter\Session\Handlers\FileHandler' driver.
INFO - 2023-06-08 17:36:59 --> Session: Class initialized using 'CodeIgniter\Session\Handlers\FileHandler' driver.
INFO - 2023-06-08 17:38:03 --> Session: Class initialized using 'CodeIgniter\Session\Handlers\FileHandler' driver.
INFO - 2023-06-08 17:40:00 --> Session: Class initialized using 'CodeIgniter\Session\Handlers\FileHandler' driver.
INFO - 2023-06-08 17:40:06 --> Session: Class initialized using 'CodeIgniter\Session\Handlers\FileHandler' driver.
INFO - 2023-06-08 17:40:08 --> Session: Class initialized using 'CodeIgniter\Session\Handlers\FileHandler' driver.
INFO - 2023-06-08 17:40:08 --> Session: Class initialized using 'CodeIgniter\Session\Handlers\FileHandler' driver.
INFO - 2023-06-08 17:40:26 --> Session: Class initialized using 'CodeIgniter\Session\Handlers\FileHandler' driver.
INFO - 2023-06-08 17:42:55 --> Session: Class initialized using 'CodeIgniter\Session\Handlers\FileHandler' driver.
INFO - 2023-06-08 17:44:44 --> Session: Class initialized using 'CodeIgniter\Session\Handlers\FileHandler' driver.
INFO - 2023-06-08 17:50:09 --> Session: Class initialized using 'CodeIgniter\Session\Handlers\FileHandler' driver.
INFO - 2023-06-08 17:50:58 --> Session: Class initialized using 'CodeIgniter\Session\Handlers\FileHandler' driver.
INFO - 2023-06-08 17:51:19 --> Session: Class initialized using 'CodeIgniter\Session\Handlers\FileHandler' driver.
INFO - 2023-06-08 17:51:37 --> Session: Class initialized using 'CodeIgniter\Session\Handlers\FileHandler' driver.
INFO - 2023-06-08 17:52:52 --> Session: Class initialized using 'CodeIgniter\Session\Handlers\FileHandler' driver.
INFO - 2023-06-08 17:53:19 --> Session: Class initialized using 'CodeIgniter\Session\Handlers\FileHandler' driver.
INFO - 2023-06-08 17:56:26 --> Session: Class initialized using 'CodeIgniter\Session\Handlers\FileHandler' driver.
INFO - 2023-06-08 17:58:10 --> Session: Class initialized using 'CodeIgniter\Session\Handlers\FileHandler' driver.
INFO - 2023-06-08 17:59:50 --> Session: Class initialized using 'CodeIgniter\Session\Handlers\FileHandler' driver.
INFO - 2023-06-08 18:00:16 --> Session: Class initialized using 'CodeIgniter\Session\Handlers\FileHandler' driver.
INFO - 2023-06-08 18:08:16 --> Session: Class initialized using 'CodeIgniter\Session\Handlers\FileHandler' driver.
INFO - 2023-06-08 18:09:39 --> Session: Class initialized using 'CodeIgniter\Session\Handlers\FileHandler' driver.
INFO - 2023-06-08 18:11:28 --> Session: Class initialized using 'CodeIgniter\Session\Handlers\FileHandler' driver.
INFO - 2023-06-08 18:14:01 --> Session: Class initialized using 'CodeIgniter\Session\Handlers\FileHandler' driver.
INFO - 2023-06-08 18:14:59 --> Session: Class initialized using 'CodeIgniter\Session\Handlers\FileHandler' driver.
INFO - 2023-06-08 18:15:18 --> Session: Class initialized using 'CodeIgniter\Session\Handlers\FileHandler' driver.
INFO - 2023-06-08 18:16:10 --> Session: Class initialized using 'CodeIgniter\Session\Handlers\FileHandler' driver.
INFO - 2023-06-08 18:16:33 --> Session: Class initialized using 'CodeIgniter\Session\Handlers\FileHandler' driver.
INFO - 2023-06-08 18:18:59 --> Session: Class initialized using 'CodeIgniter\Session\Handlers\FileHandler' driver.
INFO - 2023-06-08 18:19:24 --> Session: Class initialized using 'CodeIgniter\Session\Handlers\FileHandler' driver.
INFO - 2023-06-08 18:28:51 --> Session: Class initialized using 'CodeIgniter\Session\Handlers\FileHandler' driver.
INFO - 2023-06-08 18:34:11 --> Session: Class initialized using 'CodeIgniter\Session\Handlers\FileHandler' driver.
INFO - 2023-06-08 18:37:16 --> Session: Class initialized using 'CodeIgniter\Session\Handlers\FileHandler' driver.
INFO - 2023-06-08 18:37:41 --> Session: Class initialized using 'CodeIgniter\Session\Handlers\FileHandler' driver.
INFO - 2023-06-08 18:37:44 --> Session: Class initialized using 'CodeIgniter\Session\Handlers\FileHandler' driver.
INFO - 2023-06-08 18:38:04 --> Session: Class initialized using 'CodeIgniter\Session\Handlers\FileHandler' driver.
INFO - 2023-06-08 18:40:26 --> Session: Class initialized using 'CodeIgniter\Session\Handlers\FileHandler' driver.
INFO - 2023-06-08 18:42:52 --> Session: Class initialized using 'CodeIgniter\Session\Handlers\FileHandler' driver.
INFO - 2023-06-08 18:43:13 --> Session: Class initialized using 'CodeIgniter\Session\Handlers\FileHandler' driver.
INFO - 2023-06-08 18:44:36 --> Session: Class initialized using 'CodeIgniter\Session\Handlers\FileHandler' driver.
INFO - 2023-06-08 18:45:34 --> Session: Class initialized using 'CodeIgniter\Session\Handlers\FileHandler' driver.
INFO - 2023-06-08 18:45:44 --> Session: Class initialized using 'CodeIgniter\Session\Handlers\FileHandler' driver.
INFO - 2023-06-08 18:47:15 --> Session: Class initialized using 'CodeIgniter\Session\Handlers\FileHandler' driver.
INFO - 2023-06-08 18:49:44 --> Session: Class initialized using 'CodeIgniter\Session\Handlers\FileHandler' driver.
INFO - 2023-06-08 18:52:25 --> Session: Class initialized using 'CodeIgniter\Session\Handlers\FileHandler' driver.
INFO - 2023-06-08 18:54:09 --> Session: Class initialized using 'CodeIgniter\Session\Handlers\FileHandler' driver.
INFO - 2023-06-08 18:55:03 --> Session: Class initialized using 'CodeIgniter\Session\Handlers\FileHandler' driver.
INFO - 2023-06-08 18:56:43 --> Session: Class initialized using 'CodeIgniter\Session\Handlers\FileHandler' driver.
INFO - 2023-06-08 18:57:26 --> Session: Class initialized using 'CodeIgniter\Session\Handlers\FileHandler' driver.
INFO - 2023-06-08 19:02:49 --> Session: Class initialized using 'CodeIgniter\Session\Handlers\FileHandler' driver.
INFO - 2023-06-08 19:02:49 --> Session: Class initialized using 'CodeIgniter\Session\Handlers\FileHandler' driver.
INFO - 2023-06-08 19:03:01 --> Session: Class initialized using 'CodeIgniter\Session\Handlers\FileHandler' driver.
INFO - 2023-06-08 19:03:01 --> Session: Class initialized using 'CodeIgniter\Session\Handlers\FileHandler' driver.
INFO - 2023-06-08 19:03:11 --> Session: Class initialized using 'CodeIgniter\Session\Handlers\FileHandler' driver.
INFO - 2023-06-08 19:03:12 --> Session: Class initialized using 'CodeIgniter\Session\Handlers\FileHandler' driver.
INFO - 2023-06-08 19:03:20 --> Session: Class initialized using 'CodeIgniter\Session\Handlers\FileHandler' driver.
INFO - 2023-06-08 19:03:20 --> Session: Class initialized using 'CodeIgniter\Session\Handlers\FileHandler' driver.
INFO - 2023-06-08 19:03:26 --> Session: Class initialized using 'CodeIgniter\Session\Handlers\FileHandler' driver.
INFO - 2023-06-08 19:03:26 --> Session: Class initialized using 'CodeIgniter\Session\Handlers\FileHandler' driver.
INFO - 2023-06-08 19:03:32 --> Session: Class initialized using 'CodeIgniter\Session\Handlers\FileHandler' driver.
INFO - 2023-06-08 19:03:32 --> Session: Class initialized using 'CodeIgniter\Session\Handlers\FileHandler' driver.
INFO - 2023-06-08 19:07:17 --> Session: Class initialized using 'CodeIgniter\Session\Handlers\FileHandler' driver.
INFO - 2023-06-08 19:07:17 --> Session: Class initialized using 'CodeIgniter\Session\Handlers\FileHandler' driver.
INFO - 2023-06-08 19:07:30 --> Session: Class initialized using 'CodeIgniter\Session\Handlers\FileHandler' driver.
INFO - 2023-06-08 19:07:30 --> Session: Class initialized using 'CodeIgniter\Session\Handlers\FileHandler' driver.
INFO - 2023-06-08 19:09:38 --> Session: Class initialized using 'CodeIgniter\Session\Handlers\FileHandler' driver.
INFO - 2023-06-08 19:10:06 --> Session: Class initialized using 'CodeIgniter\Session\Handlers\FileHandler' driver.
INFO - 2023-06-08 19:11:04 --> Session: Class initialized using 'CodeIgniter\Session\Handlers\FileHandler' driver.
INFO - 2023-06-08 19:11:04 --> Session: Class initialized using 'CodeIgniter\Session\Handlers\FileHandler' driver.
INFO - 2023-06-08 19:18:13 --> Session: Class initialized using 'CodeIgniter\Session\Handlers\FileHandler' driver.
INFO - 2023-06-08 19:19:58 --> Session: Class initialized using 'CodeIgniter\Session\Handlers\FileHandler' driver.
INFO - 2023-06-08 19:20:36 --> Session: Class initialized using 'CodeIgniter\Session\Handlers\FileHandler' driver.
INFO - 2023-06-08 19:20:52 --> Session: Class initialized using 'CodeIgniter\Session\Handlers\FileHandler' driver.
INFO - 2023-06-08 19:22:48 --> Session: Class initialized using 'CodeIgniter\Session\Handlers\FileHandler' driver.
INFO - 2023-06-08 19:22:57 --> Session: Class initialized using 'CodeIgniter\Session\Handlers\FileHandler' driver.
INFO - 2023-06-08 19:25:36 --> Session: Class initialized using 'CodeIgniter\Session\Handlers\FileHandler' driver.
INFO - 2023-06-08 19:26:13 --> Session: Class initialized using 'CodeIgniter\Session\Handlers\FileHandler' driver.
INFO - 2023-06-08 19:26:27 --> Session: Class initialized using 'CodeIgniter\Session\Handlers\FileHandler' driver.
INFO - 2023-06-08 19:26:27 --> Session: Class initialized using 'CodeIgniter\Session\Handlers\FileHandler' driver.
INFO - 2023-06-08 19:27:01 --> Session: Class initialized using 'CodeIgniter\Session\Handlers\FileHandler' driver.
INFO - 2023-06-08 19:27:14 --> Session: Class initialized using 'CodeIgniter\Session\Handlers\FileHandler' driver.
INFO - 2023-06-08 19:27:14 --> Session: Class initialized using 'CodeIgniter\Session\Handlers\FileHandler' driver.
INFO - 2023-06-08 19:27:24 --> Session: Class initialized using 'CodeIgniter\Session\Handlers\FileHandler' driver.
INFO - 2023-06-08 19:27:25 --> Session: Class initialized using 'CodeIgniter\Session\Handlers\FileHandler' driver.
INFO - 2023-06-08 20:21:20 --> Session: Class initialized using 'CodeIgniter\Session\Handlers\FileHandler' driver.
INFO - 2023-06-08 20:34:11 --> Session: Class initialized using 'CodeIgniter\Session\Handlers\FileHandler' driver.
INFO - 2023-06-08 20:34:23 --> Session: Class initialized using 'CodeIgniter\Session\Handlers\FileHandler' driver.
