INFO - 2023-05-26 00:47:21 --> Session: Class initialized using 'CodeIgniter\Session\Handlers\FileHandler' driver.
INFO - 2023-05-26 05:04:20 --> Session: Class initialized using 'CodeIgniter\Session\Handlers\FileHandler' driver.
CRITICAL - 2023-05-26 06:39:48 --> preg_match(): Unknown modifier 'h'
in SYSTEMPATH\Router\Router.php on line 419.
 1 [internal function]: CodeIgniter\Debug\Exceptions->errorHandler(2, 'preg_match(): Unknown modifier \'h\'', 'C:\\xampp\\htdocs\\kelompok4-main\\vendor\\codeigniter4\\framework\\system\\Router\\Router.php', 419)
 2 SYSTEMPATH\Router\Router.php(419): preg_match('#^karyawan/#hero/asset/save$#u', 'KaryawanController/saveAsset', null)
 3 SYSTEMPATH\Router\Router.php(182): CodeIgniter\Router\Router->checkRoutes('KaryawanController/saveAsset')
 4 SYSTEMPATH\CodeIgniter.php(815): CodeIgniter\Router\Router->handle('KaryawanController/saveAsset')
 5 SYSTEMPATH\CodeIgniter.php(449): CodeIgniter\CodeIgniter->tryToRouteIt(Object(CodeIgniter\Router\RouteCollection))
 6 SYSTEMPATH\CodeIgniter.php(368): CodeIgniter\CodeIgniter->handleRequest(null, Object(Config\Cache), false)
 7 FCPATH\index.php(67): CodeIgniter\CodeIgniter->run()
 8 SYSTEMPATH\Commands\Server\rewrite.php(47): require_once('C:\\xampp\\htdocs\\kelompok4-main\\public\\index.php')
CRITICAL - 2023-05-26 06:45:39 --> Undefined array key "kondisi_beli"
in APPPATH\Libraries\Excel.php on line 34.
 1 APPPATH\Libraries\Excel.php(34): CodeIgniter\Debug\Exceptions->errorHandler(2, 'Undefined array key "kondisi_beli"', 'C:\\xampp\\htdocs\\kelompok4-main\\app\\Libraries\\Excel.php', 34)
 2 APPPATH\Controllers\AssetController.php(29): App\Libraries\Excel->exportDataToExcel([...], 'assetskelompok4.xlsx')
 3 SYSTEMPATH\CodeIgniter.php(934): App\Controllers\AssetController->exportToExcel()
 4 SYSTEMPATH\CodeIgniter.php(499): CodeIgniter\CodeIgniter->runController(Object(App\Controllers\AssetController))
 5 SYSTEMPATH\CodeIgniter.php(368): CodeIgniter\CodeIgniter->handleRequest(null, Object(Config\Cache), false)
 6 FCPATH\index.php(67): CodeIgniter\CodeIgniter->run()
 7 SYSTEMPATH\Commands\Server\rewrite.php(47): require_once('C:\\xampp\\htdocs\\kelompok4-main\\public\\index.php')
CRITICAL - 2023-05-26 06:47:06 --> Undefined array key "kondisi_beli"
in APPPATH\Libraries\Excel.php on line 34.
 1 APPPATH\Libraries\Excel.php(34): CodeIgniter\Debug\Exceptions->errorHandler(2, 'Undefined array key "kondisi_beli"', 'C:\\xampp\\htdocs\\kelompok4-main\\app\\Libraries\\Excel.php', 34)
 2 APPPATH\Controllers\AssetController.php(29): App\Libraries\Excel->exportDataToExcel([...], 'assetskelompok4.xlsx')
 3 SYSTEMPATH\CodeIgniter.php(934): App\Controllers\AssetController->exportToExcel()
 4 SYSTEMPATH\CodeIgniter.php(499): CodeIgniter\CodeIgniter->runController(Object(App\Controllers\AssetController))
 5 SYSTEMPATH\CodeIgniter.php(368): CodeIgniter\CodeIgniter->handleRequest(null, Object(Config\Cache), false)
 6 FCPATH\index.php(67): CodeIgniter\CodeIgniter->run()
 7 SYSTEMPATH\Commands\Server\rewrite.php(47): require_once('C:\\xampp\\htdocs\\kelompok4-main\\public\\index.php')
INFO - 2023-05-26 06:48:05 --> Session: Class initialized using 'CodeIgniter\Session\Handlers\FileHandler' driver.
INFO - 2023-05-26 06:48:07 --> Session: Class initialized using 'CodeIgniter\Session\Handlers\FileHandler' driver.
INFO - 2023-05-26 08:32:51 --> Session: Class initialized using 'CodeIgniter\Session\Handlers\FileHandler' driver.
INFO - 2023-05-26 08:32:54 --> Session: Class initialized using 'CodeIgniter\Session\Handlers\FileHandler' driver.
INFO - 2023-05-26 08:40:14 --> Session: Class initialized using 'CodeIgniter\Session\Handlers\FileHandler' driver.
INFO - 2023-05-26 08:40:17 --> Session: Class initialized using 'CodeIgniter\Session\Handlers\FileHandler' driver.
CRITICAL - 2023-05-26 08:51:54 --> Undefined variable $asset
in APPPATH\Views\karyawan.php on line 183.
 1 APPPATH\Views\karyawan.php(183): CodeIgniter\Debug\Exceptions->errorHandler(2, 'Undefined variable $asset', 'C:\\xampp\\htdocs\\kelompok4-main\\app\\Views\\karyawan.php', 183)
 2 SYSTEMPATH\View\View.php(213): include('C:\\xampp\\htdocs\\kelompok4-main\\app\\Views\\karyawan.php')
 3 SYSTEMPATH\View\View.php(216): CodeIgniter\View\View->CodeIgniter\View\{closure}()
 4 SYSTEMPATH\Common.php(1184): CodeIgniter\View\View->render('karyawan', [], true)
 5 APPPATH\Controllers\KaryawanController.php(129): view('karyawan', [...])
 6 SYSTEMPATH\CodeIgniter.php(934): App\Controllers\KaryawanController->editPeminjaman('1')
 7 SYSTEMPATH\CodeIgniter.php(499): CodeIgniter\CodeIgniter->runController(Object(App\Controllers\KaryawanController))
 8 SYSTEMPATH\CodeIgniter.php(368): CodeIgniter\CodeIgniter->handleRequest(null, Object(Config\Cache), false)
 9 FCPATH\index.php(67): CodeIgniter\CodeIgniter->run()
10 SYSTEMPATH\Commands\Server\rewrite.php(47): require_once('C:\\xampp\\htdocs\\kelompok4-main\\public\\index.php')
CRITICAL - 2023-05-26 08:52:31 --> Undefined array key "id"
in APPPATH\Views\karyawan.php on line 183.
 1 APPPATH\Views\karyawan.php(183): CodeIgniter\Debug\Exceptions->errorHandler(2, 'Undefined array key "id"', 'C:\\xampp\\htdocs\\kelompok4-main\\app\\Views\\karyawan.php', 183)
 2 SYSTEMPATH\View\View.php(213): include('C:\\xampp\\htdocs\\kelompok4-main\\app\\Views\\karyawan.php')
 3 SYSTEMPATH\View\View.php(216): CodeIgniter\View\View->CodeIgniter\View\{closure}()
 4 SYSTEMPATH\Common.php(1184): CodeIgniter\View\View->render('karyawan', [], true)
 5 APPPATH\Controllers\KaryawanController.php(27): view('karyawan', [...])
 6 SYSTEMPATH\CodeIgniter.php(934): App\Controllers\KaryawanController->index()
 7 SYSTEMPATH\CodeIgniter.php(499): CodeIgniter\CodeIgniter->runController(Object(App\Controllers\KaryawanController))
 8 SYSTEMPATH\CodeIgniter.php(368): CodeIgniter\CodeIgniter->handleRequest(null, Object(Config\Cache), false)
 9 FCPATH\index.php(67): CodeIgniter\CodeIgniter->run()
10 SYSTEMPATH\Commands\Server\rewrite.php(47): require_once('C:\\xampp\\htdocs\\kelompok4-main\\public\\index.php')
