INFO - 2023-05-23 01:55:31 --> Session: Class initialized using 'CodeIgniter\Session\Handlers\FileHandler' driver.
INFO - 2023-05-23 01:55:40 --> Session: Class initialized using 'CodeIgniter\Session\Handlers\FileHandler' driver.
INFO - 2023-05-23 01:55:40 --> Session: Class initialized using 'CodeIgniter\Session\Handlers\FileHandler' driver.
INFO - 2023-05-23 01:55:49 --> Session: Class initialized using 'CodeIgniter\Session\Handlers\FileHandler' driver.
INFO - 2023-05-23 02:20:11 --> Session: Class initialized using 'CodeIgniter\Session\Handlers\FileHandler' driver.
INFO - 2023-05-23 02:20:29 --> Session: Class initialized using 'CodeIgniter\Session\Handlers\FileHandler' driver.
INFO - 2023-05-23 02:20:56 --> Session: Class initialized using 'CodeIgniter\Session\Handlers\FileHandler' driver.
INFO - 2023-05-23 02:21:07 --> Session: Class initialized using 'CodeIgniter\Session\Handlers\FileHandler' driver.
INFO - 2023-05-23 02:21:07 --> Session: Class initialized using 'CodeIgniter\Session\Handlers\FileHandler' driver.
INFO - 2023-05-23 02:55:51 --> Session: Class initialized using 'CodeIgniter\Session\Handlers\FileHandler' driver.
INFO - 2023-05-23 02:56:04 --> Session: Class initialized using 'CodeIgniter\Session\Handlers\FileHandler' driver.
INFO - 2023-05-23 02:56:04 --> Session: Class initialized using 'CodeIgniter\Session\Handlers\FileHandler' driver.
INFO - 2023-05-23 02:56:28 --> Session: Class initialized using 'CodeIgniter\Session\Handlers\FileHandler' driver.
CRITICAL - 2023-05-23 03:54:40 --> Undefined property: App\Controllers\KaryawanController::$input
in APPPATH\Controllers\KaryawanController.php on line 242.
 1 APPPATH\Controllers\KaryawanController.php(242): CodeIgniter\Debug\Exceptions->errorHandler(2, 'Undefined property: App\\Controllers\\KaryawanController::$input', 'C:\\xampp\\htdocs\\kelompok4-main\\app\\Controllers\\KaryawanController.php', 242)
 2 SYSTEMPATH\CodeIgniter.php(934): App\Controllers\KaryawanController->saveInvestasi()
 3 SYSTEMPATH\CodeIgniter.php(499): CodeIgniter\CodeIgniter->runController(Object(App\Controllers\KaryawanController))
 4 SYSTEMPATH\CodeIgniter.php(368): CodeIgniter\CodeIgniter->handleRequest(null, Object(Config\Cache), false)
 5 FCPATH\index.php(67): CodeIgniter\CodeIgniter->run()
 6 SYSTEMPATH\Commands\Server\rewrite.php(47): require_once('C:\\xampp\\htdocs\\kelompok4-main\\public\\index.php')
CRITICAL - 2023-05-23 03:57:54 --> Undefined property: App\Controllers\KaryawanController::$input
in APPPATH\Controllers\KaryawanController.php on line 243.
 1 APPPATH\Controllers\KaryawanController.php(243): CodeIgniter\Debug\Exceptions->errorHandler(2, 'Undefined property: App\\Controllers\\KaryawanController::$input', 'C:\\xampp\\htdocs\\kelompok4-main\\app\\Controllers\\KaryawanController.php', 243)
 2 SYSTEMPATH\CodeIgniter.php(934): App\Controllers\KaryawanController->saveInvestasi()
 3 SYSTEMPATH\CodeIgniter.php(499): CodeIgniter\CodeIgniter->runController(Object(App\Controllers\KaryawanController))
 4 SYSTEMPATH\CodeIgniter.php(368): CodeIgniter\CodeIgniter->handleRequest(null, Object(Config\Cache), false)
 5 FCPATH\index.php(67): CodeIgniter\CodeIgniter->run()
 6 SYSTEMPATH\Commands\Server\rewrite.php(47): require_once('C:\\xampp\\htdocs\\kelompok4-main\\public\\index.php')
CRITICAL - 2023-05-23 04:00:01 --> Cannot call constructor
in APPPATH\Controllers\KaryawanController.php on line 242.
 1 SYSTEMPATH\CodeIgniter.php(906): App\Controllers\KaryawanController->__construct()
 2 SYSTEMPATH\CodeIgniter.php(490): CodeIgniter\CodeIgniter->createController()
 3 SYSTEMPATH\CodeIgniter.php(368): CodeIgniter\CodeIgniter->handleRequest(null, Object(Config\Cache), false)
 4 FCPATH\index.php(67): CodeIgniter\CodeIgniter->run()
 5 SYSTEMPATH\Commands\Server\rewrite.php(47): require_once('C:\\xampp\\htdocs\\kelompok4-main\\public\\index.php')
CRITICAL - 2023-05-23 04:00:23 --> Undefined property: App\Controllers\KaryawanController::$input
in APPPATH\Controllers\KaryawanController.php on line 243.
 1 APPPATH\Controllers\KaryawanController.php(243): CodeIgniter\Debug\Exceptions->errorHandler(2, 'Undefined property: App\\Controllers\\KaryawanController::$input', 'C:\\xampp\\htdocs\\kelompok4-main\\app\\Controllers\\KaryawanController.php', 243)
 2 SYSTEMPATH\CodeIgniter.php(934): App\Controllers\KaryawanController->saveInvestasi()
 3 SYSTEMPATH\CodeIgniter.php(499): CodeIgniter\CodeIgniter->runController(Object(App\Controllers\KaryawanController))
 4 SYSTEMPATH\CodeIgniter.php(368): CodeIgniter\CodeIgniter->handleRequest(null, Object(Config\Cache), false)
 5 FCPATH\index.php(67): CodeIgniter\CodeIgniter->run()
 6 SYSTEMPATH\Commands\Server\rewrite.php(47): require_once('C:\\xampp\\htdocs\\kelompok4-main\\public\\index.php')
CRITICAL - 2023-05-23 04:05:20 --> Undefined variable $tableModel
in APPPATH\Controllers\KaryawanController.php on line 259.
 1 APPPATH\Controllers\KaryawanController.php(259): CodeIgniter\Debug\Exceptions->errorHandler(2, 'Undefined variable $tableModel', 'C:\\xampp\\htdocs\\kelompok4-main\\app\\Controllers\\KaryawanController.php', 259)
 2 SYSTEMPATH\CodeIgniter.php(934): App\Controllers\KaryawanController->saveInvestasi()
 3 SYSTEMPATH\CodeIgniter.php(499): CodeIgniter\CodeIgniter->runController(Object(App\Controllers\KaryawanController))
 4 SYSTEMPATH\CodeIgniter.php(368): CodeIgniter\CodeIgniter->handleRequest(null, Object(Config\Cache), false)
 5 FCPATH\index.php(67): CodeIgniter\CodeIgniter->run()
 6 SYSTEMPATH\Commands\Server\rewrite.php(47): require_once('C:\\xampp\\htdocs\\kelompok4-main\\public\\index.php')
CRITICAL - 2023-05-23 04:06:33 --> Undefined variable $tableModel
in APPPATH\Controllers\KaryawanController.php on line 259.
 1 APPPATH\Controllers\KaryawanController.php(259): CodeIgniter\Debug\Exceptions->errorHandler(2, 'Undefined variable $tableModel', 'C:\\xampp\\htdocs\\kelompok4-main\\app\\Controllers\\KaryawanController.php', 259)
 2 SYSTEMPATH\CodeIgniter.php(934): App\Controllers\KaryawanController->saveInvestasi()
 3 SYSTEMPATH\CodeIgniter.php(499): CodeIgniter\CodeIgniter->runController(Object(App\Controllers\KaryawanController))
 4 SYSTEMPATH\CodeIgniter.php(368): CodeIgniter\CodeIgniter->handleRequest(null, Object(Config\Cache), false)
 5 FCPATH\index.php(67): CodeIgniter\CodeIgniter->run()
 6 SYSTEMPATH\Commands\Server\rewrite.php(47): require_once('C:\\xampp\\htdocs\\kelompok4-main\\public\\index.php')
ERROR - 2023-05-23 04:17:16 --> mysqli_sql_exception: Unknown column 'tahun' in 'field list' in C:\xampp\htdocs\kelompok4-main\vendor\codeigniter4\framework\system\Database\MySQLi\Connection.php:295
Stack trace:
#0 C:\xampp\htdocs\kelompok4-main\vendor\codeigniter4\framework\system\Database\MySQLi\Connection.php(295): mysqli->query('INSERT INTO `in...', 0)
#1 C:\xampp\htdocs\kelompok4-main\vendor\codeigniter4\framework\system\Database\BaseConnection.php(691): CodeIgniter\Database\MySQLi\Connection->execute('INSERT INTO `in...')
#2 C:\xampp\htdocs\kelompok4-main\vendor\codeigniter4\framework\system\Database\BaseConnection.php(605): CodeIgniter\Database\BaseConnection->simpleQuery('INSERT INTO `in...')
#3 C:\xampp\htdocs\kelompok4-main\vendor\codeigniter4\framework\system\Database\BaseBuilder.php(2309): CodeIgniter\Database\BaseConnection->query('INSERT INTO `in...', Array, false)
#4 C:\xampp\htdocs\kelompok4-main\vendor\codeigniter4\framework\system\Model.php(330): CodeIgniter\Database\BaseBuilder->insert()
#5 C:\xampp\htdocs\kelompok4-main\vendor\codeigniter4\framework\system\BaseModel.php(782): CodeIgniter\Model->doInsert(Array)
#6 C:\xampp\htdocs\kelompok4-main\vendor\codeigniter4\framework\system\Model.php(730): CodeIgniter\BaseModel->insert(Array, false)
#7 C:\xampp\htdocs\kelompok4-main\vendor\codeigniter4\framework\system\BaseModel.php(692): CodeIgniter\Model->insert(Array, false)
#8 C:\xampp\htdocs\kelompok4-main\app\Controllers\KaryawanController.php(259): CodeIgniter\BaseModel->save(Array)
#9 C:\xampp\htdocs\kelompok4-main\vendor\codeigniter4\framework\system\CodeIgniter.php(934): App\Controllers\KaryawanController->saveInvestasi()
#10 C:\xampp\htdocs\kelompok4-main\vendor\codeigniter4\framework\system\CodeIgniter.php(499): CodeIgniter\CodeIgniter->runController(Object(App\Controllers\KaryawanController))
#11 C:\xampp\htdocs\kelompok4-main\vendor\codeigniter4\framework\system\CodeIgniter.php(368): CodeIgniter\CodeIgniter->handleRequest(NULL, Object(Config\Cache), false)
#12 C:\xampp\htdocs\kelompok4-main\public\index.php(67): CodeIgniter\CodeIgniter->run()
#13 C:\xampp\htdocs\kelompok4-main\vendor\codeigniter4\framework\system\Commands\Server\rewrite.php(47): require_once('C:\\xampp\\htdocs...')
#14 {main}
CRITICAL - 2023-05-23 04:17:16 --> Unknown column 'tahun' in 'field list'
in SYSTEMPATH\Database\MySQLi\Connection.php on line 295.
 1 SYSTEMPATH\Database\MySQLi\Connection.php(295): mysqli->query('INSERT INTO `investasi` (`tanggal`, `tahun`, `keuntungan`, `biaya`) VALUES (\'17-11-2023\', \'2023\', \'1000000\', \'20000\')', 0)
 2 SYSTEMPATH\Database\BaseConnection.php(691): CodeIgniter\Database\MySQLi\Connection->execute('INSERT INTO `investasi` (`tanggal`, `tahun`, `keuntungan`, `biaya`) VALUES (\'17-11-2023\', \'2023\', \'1000000\', \'20000\')')
 3 SYSTEMPATH\Database\BaseConnection.php(605): CodeIgniter\Database\BaseConnection->simpleQuery('INSERT INTO `investasi` (`tanggal`, `tahun`, `keuntungan`, `biaya`) VALUES (\'17-11-2023\', \'2023\', \'1000000\', \'20000\')')
 4 SYSTEMPATH\Database\BaseBuilder.php(2309): CodeIgniter\Database\BaseConnection->query('INSERT INTO `investasi` (`tanggal`, `tahun`, `keuntungan`, `biaya`) VALUES (:tanggal:, :tahun:, :keuntungan:, :biaya:)', [...], false)
 5 SYSTEMPATH\Model.php(330): CodeIgniter\Database\BaseBuilder->insert()
 6 SYSTEMPATH\BaseModel.php(782): CodeIgniter\Model->doInsert([...])
 7 SYSTEMPATH\Model.php(730): CodeIgniter\BaseModel->insert([...], false)
 8 SYSTEMPATH\BaseModel.php(692): CodeIgniter\Model->insert([...], false)
 9 APPPATH\Controllers\KaryawanController.php(259): CodeIgniter\BaseModel->save([...])
10 SYSTEMPATH\CodeIgniter.php(934): App\Controllers\KaryawanController->saveInvestasi()
11 SYSTEMPATH\CodeIgniter.php(499): CodeIgniter\CodeIgniter->runController(Object(App\Controllers\KaryawanController))
12 SYSTEMPATH\CodeIgniter.php(368): CodeIgniter\CodeIgniter->handleRequest(null, Object(Config\Cache), false)
13 FCPATH\index.php(67): CodeIgniter\CodeIgniter->run()
14 SYSTEMPATH\Commands\Server\rewrite.php(47): require_once('C:\\xampp\\htdocs\\kelompok4-main\\public\\index.php')
CRITICAL - 2023-05-23 04:40:07 --> Undefined variable $InvestasiModel
in APPPATH\Controllers\KaryawanController.php on line 25.
 1 APPPATH\Controllers\KaryawanController.php(25): CodeIgniter\Debug\Exceptions->errorHandler(2, 'Undefined variable $InvestasiModel', 'C:\\xampp\\htdocs\\kelompok4-main\\app\\Controllers\\KaryawanController.php', 25)
 2 SYSTEMPATH\CodeIgniter.php(934): App\Controllers\KaryawanController->index()
 3 SYSTEMPATH\CodeIgniter.php(499): CodeIgniter\CodeIgniter->runController(Object(App\Controllers\KaryawanController))
 4 SYSTEMPATH\CodeIgniter.php(368): CodeIgniter\CodeIgniter->handleRequest(null, Object(Config\Cache), false)
 5 FCPATH\index.php(67): CodeIgniter\CodeIgniter->run()
 6 SYSTEMPATH\Commands\Server\rewrite.php(47): require_once('C:\\xampp\\htdocs\\kelompok4-main\\public\\index.php')
CRITICAL - 2023-05-23 06:53:08 --> Undefined property: App\Controllers\KaryawanController::$investasiModel
in APPPATH\Controllers\KaryawanController.php on line 268.
 1 APPPATH\Controllers\KaryawanController.php(268): CodeIgniter\Debug\Exceptions->errorHandler(2, 'Undefined property: App\\Controllers\\KaryawanController::$investasiModel', 'C:\\xampp\\htdocs\\kelompok4-main\\app\\Controllers\\KaryawanController.php', 268)
 2 SYSTEMPATH\CodeIgniter.php(934): App\Controllers\KaryawanController->editInvestasi('slot')
 3 SYSTEMPATH\CodeIgniter.php(499): CodeIgniter\CodeIgniter->runController(Object(App\Controllers\KaryawanController))
 4 SYSTEMPATH\CodeIgniter.php(368): CodeIgniter\CodeIgniter->handleRequest(null, Object(Config\Cache), false)
 5 FCPATH\index.php(67): CodeIgniter\CodeIgniter->run()
 6 SYSTEMPATH\Commands\Server\rewrite.php(47): require_once('C:\\xampp\\htdocs\\kelompok4-main\\public\\index.php')
CRITICAL - 2023-05-23 06:55:50 --> Undefined property: App\Controllers\KaryawanController::$InvestasiModel
in APPPATH\Controllers\KaryawanController.php on line 268.
 1 APPPATH\Controllers\KaryawanController.php(268): CodeIgniter\Debug\Exceptions->errorHandler(2, 'Undefined property: App\\Controllers\\KaryawanController::$InvestasiModel', 'C:\\xampp\\htdocs\\kelompok4-main\\app\\Controllers\\KaryawanController.php', 268)
 2 SYSTEMPATH\CodeIgniter.php(934): App\Controllers\KaryawanController->editInvestasi('slot')
 3 SYSTEMPATH\CodeIgniter.php(499): CodeIgniter\CodeIgniter->runController(Object(App\Controllers\KaryawanController))
 4 SYSTEMPATH\CodeIgniter.php(368): CodeIgniter\CodeIgniter->handleRequest(null, Object(Config\Cache), false)
 5 FCPATH\index.php(67): CodeIgniter\CodeIgniter->run()
 6 SYSTEMPATH\Commands\Server\rewrite.php(47): require_once('C:\\xampp\\htdocs\\kelompok4-main\\public\\index.php')
CRITICAL - 2023-05-23 06:57:59 --> Undefined property: App\Controllers\KaryawanController::$load
in APPPATH\Controllers\KaryawanController.php on line 268.
 1 APPPATH\Controllers\KaryawanController.php(268): CodeIgniter\Debug\Exceptions->errorHandler(2, 'Undefined property: App\\Controllers\\KaryawanController::$load', 'C:\\xampp\\htdocs\\kelompok4-main\\app\\Controllers\\KaryawanController.php', 268)
 2 SYSTEMPATH\CodeIgniter.php(934): App\Controllers\KaryawanController->editInvestasi('slot')
 3 SYSTEMPATH\CodeIgniter.php(499): CodeIgniter\CodeIgniter->runController(Object(App\Controllers\KaryawanController))
 4 SYSTEMPATH\CodeIgniter.php(368): CodeIgniter\CodeIgniter->handleRequest(null, Object(Config\Cache), false)
 5 FCPATH\index.php(67): CodeIgniter\CodeIgniter->run()
 6 SYSTEMPATH\Commands\Server\rewrite.php(47): require_once('C:\\xampp\\htdocs\\kelompok4-main\\public\\index.php')
CRITICAL - 2023-05-23 06:58:12 --> Undefined property: App\Controllers\KaryawanController::$load
in APPPATH\Controllers\KaryawanController.php on line 268.
 1 APPPATH\Controllers\KaryawanController.php(268): CodeIgniter\Debug\Exceptions->errorHandler(2, 'Undefined property: App\\Controllers\\KaryawanController::$load', 'C:\\xampp\\htdocs\\kelompok4-main\\app\\Controllers\\KaryawanController.php', 268)
 2 SYSTEMPATH\CodeIgniter.php(934): App\Controllers\KaryawanController->editInvestasi('slot')
 3 SYSTEMPATH\CodeIgniter.php(499): CodeIgniter\CodeIgniter->runController(Object(App\Controllers\KaryawanController))
 4 SYSTEMPATH\CodeIgniter.php(368): CodeIgniter\CodeIgniter->handleRequest(null, Object(Config\Cache), false)
 5 FCPATH\index.php(67): CodeIgniter\CodeIgniter->run()
 6 SYSTEMPATH\Commands\Server\rewrite.php(47): require_once('C:\\xampp\\htdocs\\kelompok4-main\\public\\index.php')
CRITICAL - 2023-05-23 06:58:13 --> Undefined property: App\Controllers\KaryawanController::$load
in APPPATH\Controllers\KaryawanController.php on line 268.
 1 APPPATH\Controllers\KaryawanController.php(268): CodeIgniter\Debug\Exceptions->errorHandler(2, 'Undefined property: App\\Controllers\\KaryawanController::$load', 'C:\\xampp\\htdocs\\kelompok4-main\\app\\Controllers\\KaryawanController.php', 268)
 2 SYSTEMPATH\CodeIgniter.php(934): App\Controllers\KaryawanController->editInvestasi('slot')
 3 SYSTEMPATH\CodeIgniter.php(499): CodeIgniter\CodeIgniter->runController(Object(App\Controllers\KaryawanController))
 4 SYSTEMPATH\CodeIgniter.php(368): CodeIgniter\CodeIgniter->handleRequest(null, Object(Config\Cache), false)
 5 FCPATH\index.php(67): CodeIgniter\CodeIgniter->run()
 6 SYSTEMPATH\Commands\Server\rewrite.php(47): require_once('C:\\xampp\\htdocs\\kelompok4-main\\public\\index.php')
ERROR - 2023-05-23 07:00:28 --> mysqli_sql_exception: Unknown column 'investasi.id' in 'where clause' in C:\xampp\htdocs\kelompok4-main\vendor\codeigniter4\framework\system\Database\MySQLi\Connection.php:295
Stack trace:
#0 C:\xampp\htdocs\kelompok4-main\vendor\codeigniter4\framework\system\Database\MySQLi\Connection.php(295): mysqli->query('SELECT *\nFROM `...', 0)
#1 C:\xampp\htdocs\kelompok4-main\vendor\codeigniter4\framework\system\Database\BaseConnection.php(691): CodeIgniter\Database\MySQLi\Connection->execute('SELECT *\nFROM `...')
#2 C:\xampp\htdocs\kelompok4-main\vendor\codeigniter4\framework\system\Database\BaseConnection.php(605): CodeIgniter\Database\BaseConnection->simpleQuery('SELECT *\nFROM `...')
#3 C:\xampp\htdocs\kelompok4-main\vendor\codeigniter4\framework\system\Database\BaseBuilder.php(1616): CodeIgniter\Database\BaseConnection->query('SELECT *\nFROM `...', Array, false)
#4 C:\xampp\htdocs\kelompok4-main\vendor\codeigniter4\framework\system\Model.php(200): CodeIgniter\Database\BaseBuilder->get()
#5 C:\xampp\htdocs\kelompok4-main\vendor\codeigniter4\framework\system\BaseModel.php(557): CodeIgniter\Model->doFind(true, 'slot')
#6 C:\xampp\htdocs\kelompok4-main\app\Controllers\KaryawanController.php(270): CodeIgniter\BaseModel->find('slot')
#7 C:\xampp\htdocs\kelompok4-main\vendor\codeigniter4\framework\system\CodeIgniter.php(934): App\Controllers\KaryawanController->editInvestasi('slot')
#8 C:\xampp\htdocs\kelompok4-main\vendor\codeigniter4\framework\system\CodeIgniter.php(499): CodeIgniter\CodeIgniter->runController(Object(App\Controllers\KaryawanController))
#9 C:\xampp\htdocs\kelompok4-main\vendor\codeigniter4\framework\system\CodeIgniter.php(368): CodeIgniter\CodeIgniter->handleRequest(NULL, Object(Config\Cache), false)
#10 C:\xampp\htdocs\kelompok4-main\public\index.php(67): CodeIgniter\CodeIgniter->run()
#11 C:\xampp\htdocs\kelompok4-main\vendor\codeigniter4\framework\system\Commands\Server\rewrite.php(47): require_once('C:\\xampp\\htdocs...')
#12 {main}
CRITICAL - 2023-05-23 07:00:28 --> Unknown column 'investasi.id' in 'where clause'
in SYSTEMPATH\Database\MySQLi\Connection.php on line 295.
 1 SYSTEMPATH\Database\MySQLi\Connection.php(295): mysqli->query('SELECT *
FROM `investasi`
WHERE `investasi`.`id` = \'slot\'', 0)
 2 SYSTEMPATH\Database\BaseConnection.php(691): CodeIgniter\Database\MySQLi\Connection->execute('SELECT *
FROM `investasi`
WHERE `investasi`.`id` = \'slot\'')
 3 SYSTEMPATH\Database\BaseConnection.php(605): CodeIgniter\Database\BaseConnection->simpleQuery('SELECT *
FROM `investasi`
WHERE `investasi`.`id` = \'slot\'')
 4 SYSTEMPATH\Database\BaseBuilder.php(1616): CodeIgniter\Database\BaseConnection->query('SELECT *
FROM `investasi`
WHERE `investasi`.`id` = :investasi.id:', [...], false)
 5 SYSTEMPATH\Model.php(200): CodeIgniter\Database\BaseBuilder->get()
 6 SYSTEMPATH\BaseModel.php(557): CodeIgniter\Model->doFind(true, 'slot')
 7 APPPATH\Controllers\KaryawanController.php(270): CodeIgniter\BaseModel->find('slot')
 8 SYSTEMPATH\CodeIgniter.php(934): App\Controllers\KaryawanController->editInvestasi('slot')
 9 SYSTEMPATH\CodeIgniter.php(499): CodeIgniter\CodeIgniter->runController(Object(App\Controllers\KaryawanController))
10 SYSTEMPATH\CodeIgniter.php(368): CodeIgniter\CodeIgniter->handleRequest(null, Object(Config\Cache), false)
11 FCPATH\index.php(67): CodeIgniter\CodeIgniter->run()
12 SYSTEMPATH\Commands\Server\rewrite.php(47): require_once('C:\\xampp\\htdocs\\kelompok4-main\\public\\index.php')
CRITICAL - 2023-05-23 07:15:27 --> Division by zero
in APPPATH\Views\karyawan.php on line 282.
 1 SYSTEMPATH\View\View.php(213): include()
 2 SYSTEMPATH\View\View.php(216): CodeIgniter\View\View->CodeIgniter\View\{closure}()
 3 SYSTEMPATH\Common.php(1184): CodeIgniter\View\View->render('karyawan', [], true)
 4 APPPATH\Controllers\KaryawanController.php(272): view('karyawan', [...])
 5 SYSTEMPATH\CodeIgniter.php(934): App\Controllers\KaryawanController->editInvestasi('slot')
 6 SYSTEMPATH\CodeIgniter.php(499): CodeIgniter\CodeIgniter->runController(Object(App\Controllers\KaryawanController))
 7 SYSTEMPATH\CodeIgniter.php(368): CodeIgniter\CodeIgniter->handleRequest(null, Object(Config\Cache), false)
 8 FCPATH\index.php(67): CodeIgniter\CodeIgniter->run()
 9 SYSTEMPATH\Commands\Server\rewrite.php(47): require_once('C:\\xampp\\htdocs\\kelompok4-main\\public\\index.php')
CRITICAL - 2023-05-23 07:19:55 --> Division by zero
in APPPATH\Views\karyawan.php on line 282.
 1 SYSTEMPATH\View\View.php(213): include()
 2 SYSTEMPATH\View\View.php(216): CodeIgniter\View\View->CodeIgniter\View\{closure}()
 3 SYSTEMPATH\Common.php(1184): CodeIgniter\View\View->render('karyawan', [], true)
 4 APPPATH\Controllers\KaryawanController.php(272): view('karyawan', [...])
 5 SYSTEMPATH\CodeIgniter.php(934): App\Controllers\KaryawanController->editInvestasi('slot')
 6 SYSTEMPATH\CodeIgniter.php(499): CodeIgniter\CodeIgniter->runController(Object(App\Controllers\KaryawanController))
 7 SYSTEMPATH\CodeIgniter.php(368): CodeIgniter\CodeIgniter->handleRequest(null, Object(Config\Cache), false)
 8 FCPATH\index.php(67): CodeIgniter\CodeIgniter->run()
 9 SYSTEMPATH\Commands\Server\rewrite.php(47): require_once('C:\\xampp\\htdocs\\kelompok4-main\\public\\index.php')
CRITICAL - 2023-05-23 07:23:04 --> Division by zero
in APPPATH\Views\karyawan.php on line 282.
 1 SYSTEMPATH\View\View.php(213): include()
 2 SYSTEMPATH\View\View.php(216): CodeIgniter\View\View->CodeIgniter\View\{closure}()
 3 SYSTEMPATH\Common.php(1184): CodeIgniter\View\View->render('karyawan', [], true)
 4 APPPATH\Controllers\KaryawanController.php(272): view('karyawan', [...])
 5 SYSTEMPATH\CodeIgniter.php(934): App\Controllers\KaryawanController->editInvestasi('slot')
 6 SYSTEMPATH\CodeIgniter.php(499): CodeIgniter\CodeIgniter->runController(Object(App\Controllers\KaryawanController))
 7 SYSTEMPATH\CodeIgniter.php(368): CodeIgniter\CodeIgniter->handleRequest(null, Object(Config\Cache), false)
 8 FCPATH\index.php(67): CodeIgniter\CodeIgniter->run()
 9 SYSTEMPATH\Commands\Server\rewrite.php(47): require_once('C:\\xampp\\htdocs\\kelompok4-main\\public\\index.php')
CRITICAL - 2023-05-23 07:23:12 --> Division by zero
in APPPATH\Views\karyawan.php on line 282.
 1 SYSTEMPATH\View\View.php(213): include()
 2 SYSTEMPATH\View\View.php(216): CodeIgniter\View\View->CodeIgniter\View\{closure}()
 3 SYSTEMPATH\Common.php(1184): CodeIgniter\View\View->render('karyawan', [], true)
 4 APPPATH\Controllers\KaryawanController.php(272): view('karyawan', [...])
 5 SYSTEMPATH\CodeIgniter.php(934): App\Controllers\KaryawanController->editInvestasi('slot')
 6 SYSTEMPATH\CodeIgniter.php(499): CodeIgniter\CodeIgniter->runController(Object(App\Controllers\KaryawanController))
 7 SYSTEMPATH\CodeIgniter.php(368): CodeIgniter\CodeIgniter->handleRequest(null, Object(Config\Cache), false)
 8 FCPATH\index.php(67): CodeIgniter\CodeIgniter->run()
 9 SYSTEMPATH\Commands\Server\rewrite.php(47): require_once('C:\\xampp\\htdocs\\kelompok4-main\\public\\index.php')
CRITICAL - 2023-05-23 07:25:40 --> Undefined property: App\Controllers\KaryawanController::$input
in APPPATH\Controllers\KaryawanController.php on line 278.
 1 APPPATH\Controllers\KaryawanController.php(278): CodeIgniter\Debug\Exceptions->errorHandler(2, 'Undefined property: App\\Controllers\\KaryawanController::$input', 'C:\\xampp\\htdocs\\kelompok4-main\\app\\Controllers\\KaryawanController.php', 278)
 2 SYSTEMPATH\CodeIgniter.php(934): App\Controllers\KaryawanController->updateInvestasi('slot')
 3 SYSTEMPATH\CodeIgniter.php(499): CodeIgniter\CodeIgniter->runController(Object(App\Controllers\KaryawanController))
 4 SYSTEMPATH\CodeIgniter.php(368): CodeIgniter\CodeIgniter->handleRequest(null, Object(Config\Cache), false)
 5 FCPATH\index.php(67): CodeIgniter\CodeIgniter->run()
 6 SYSTEMPATH\Commands\Server\rewrite.php(47): require_once('C:\\xampp\\htdocs\\kelompok4-main\\public\\index.php')
CRITICAL - 2023-05-23 07:31:24 --> Call to undefined function App\Controllers\update()
in APPPATH\Controllers\KaryawanController.php on line 285.
 1 SYSTEMPATH\CodeIgniter.php(934): App\Controllers\KaryawanController->updateInvestasi('slot')
 2 SYSTEMPATH\CodeIgniter.php(499): CodeIgniter\CodeIgniter->runController(Object(App\Controllers\KaryawanController))
 3 SYSTEMPATH\CodeIgniter.php(368): CodeIgniter\CodeIgniter->handleRequest(null, Object(Config\Cache), false)
 4 FCPATH\index.php(67): CodeIgniter\CodeIgniter->run()
 5 SYSTEMPATH\Commands\Server\rewrite.php(47): require_once('C:\\xampp\\htdocs\\kelompok4-main\\public\\index.php')
CRITICAL - 2023-05-23 07:32:18 --> Undefined variable $InvestasiModel
in APPPATH\Controllers\KaryawanController.php on line 285.
 1 APPPATH\Controllers\KaryawanController.php(285): CodeIgniter\Debug\Exceptions->errorHandler(2, 'Undefined variable $InvestasiModel', 'C:\\xampp\\htdocs\\kelompok4-main\\app\\Controllers\\KaryawanController.php', 285)
 2 SYSTEMPATH\CodeIgniter.php(934): App\Controllers\KaryawanController->updateInvestasi('slot')
 3 SYSTEMPATH\CodeIgniter.php(499): CodeIgniter\CodeIgniter->runController(Object(App\Controllers\KaryawanController))
 4 SYSTEMPATH\CodeIgniter.php(368): CodeIgniter\CodeIgniter->handleRequest(null, Object(Config\Cache), false)
 5 FCPATH\index.php(67): CodeIgniter\CodeIgniter->run()
 6 SYSTEMPATH\Commands\Server\rewrite.php(47): require_once('C:\\xampp\\htdocs\\kelompok4-main\\public\\index.php')
CRITICAL - 2023-05-23 07:34:02 --> Undefined property: App\Controllers\KaryawanController::$InvestasiModel
in APPPATH\Controllers\KaryawanController.php on line 294.
 1 APPPATH\Controllers\KaryawanController.php(294): CodeIgniter\Debug\Exceptions->errorHandler(2, 'Undefined property: App\\Controllers\\KaryawanController::$InvestasiModel', 'C:\\xampp\\htdocs\\kelompok4-main\\app\\Controllers\\KaryawanController.php', 294)
 2 SYSTEMPATH\CodeIgniter.php(934): App\Controllers\KaryawanController->updateInvestasi('slot')
 3 SYSTEMPATH\CodeIgniter.php(499): CodeIgniter\CodeIgniter->runController(Object(App\Controllers\KaryawanController))
 4 SYSTEMPATH\CodeIgniter.php(368): CodeIgniter\CodeIgniter->handleRequest(null, Object(Config\Cache), false)
 5 FCPATH\index.php(67): CodeIgniter\CodeIgniter->run()
 6 SYSTEMPATH\Commands\Server\rewrite.php(47): require_once('C:\\xampp\\htdocs\\kelompok4-main\\public\\index.php')
CRITICAL - 2023-05-23 07:35:44 --> Call to undefined method App\Models\InvestasiModel::updateInvestasi
in SYSTEMPATH\Model.php on line 842.
 1 APPPATH\Controllers\KaryawanController.php(297): CodeIgniter\Model->__call('updateInvestasi', [...])
 2 SYSTEMPATH\CodeIgniter.php(934): App\Controllers\KaryawanController->updateInvestasi('slot')
 3 SYSTEMPATH\CodeIgniter.php(499): CodeIgniter\CodeIgniter->runController(Object(App\Controllers\KaryawanController))
 4 SYSTEMPATH\CodeIgniter.php(368): CodeIgniter\CodeIgniter->handleRequest(null, Object(Config\Cache), false)
 5 FCPATH\index.php(67): CodeIgniter\CodeIgniter->run()
 6 SYSTEMPATH\Commands\Server\rewrite.php(47): require_once('C:\\xampp\\htdocs\\kelompok4-main\\public\\index.php')
CRITICAL - 2023-05-23 07:36:24 --> Call to undefined method App\Models\InvestasiModel::updateInvestasi
in SYSTEMPATH\Model.php on line 842.
 1 APPPATH\Controllers\KaryawanController.php(297): CodeIgniter\Model->__call('updateInvestasi', [...])
 2 SYSTEMPATH\CodeIgniter.php(934): App\Controllers\KaryawanController->updateInvestasi('slot')
 3 SYSTEMPATH\CodeIgniter.php(499): CodeIgniter\CodeIgniter->runController(Object(App\Controllers\KaryawanController))
 4 SYSTEMPATH\CodeIgniter.php(368): CodeIgniter\CodeIgniter->handleRequest(null, Object(Config\Cache), false)
 5 FCPATH\index.php(67): CodeIgniter\CodeIgniter->run()
 6 SYSTEMPATH\Commands\Server\rewrite.php(47): require_once('C:\\xampp\\htdocs\\kelompok4-main\\public\\index.php')
CRITICAL - 2023-05-23 07:36:30 --> Call to undefined method App\Models\InvestasiModel::updateInvestasi
in SYSTEMPATH\Model.php on line 842.
 1 APPPATH\Controllers\KaryawanController.php(297): CodeIgniter\Model->__call('updateInvestasi', [...])
 2 SYSTEMPATH\CodeIgniter.php(934): App\Controllers\KaryawanController->updateInvestasi('slot')
 3 SYSTEMPATH\CodeIgniter.php(499): CodeIgniter\CodeIgniter->runController(Object(App\Controllers\KaryawanController))
 4 SYSTEMPATH\CodeIgniter.php(368): CodeIgniter\CodeIgniter->handleRequest(null, Object(Config\Cache), false)
 5 FCPATH\index.php(67): CodeIgniter\CodeIgniter->run()
 6 SYSTEMPATH\Commands\Server\rewrite.php(47): require_once('C:\\xampp\\htdocs\\kelompok4-main\\public\\index.php')
ERROR - 2023-05-23 07:37:31 --> mysqli_sql_exception: Unknown column 'investasi.id' in 'where clause' in C:\xampp\htdocs\kelompok4-main\vendor\codeigniter4\framework\system\Database\MySQLi\Connection.php:295
Stack trace:
#0 C:\xampp\htdocs\kelompok4-main\vendor\codeigniter4\framework\system\Database\MySQLi\Connection.php(295): mysqli->query('UPDATE `investa...', 0)
#1 C:\xampp\htdocs\kelompok4-main\vendor\codeigniter4\framework\system\Database\BaseConnection.php(691): CodeIgniter\Database\MySQLi\Connection->execute('UPDATE `investa...')
#2 C:\xampp\htdocs\kelompok4-main\vendor\codeigniter4\framework\system\Database\BaseConnection.php(605): CodeIgniter\Database\BaseConnection->simpleQuery('UPDATE `investa...')
#3 C:\xampp\htdocs\kelompok4-main\vendor\codeigniter4\framework\system\Database\BaseBuilder.php(2476): CodeIgniter\Database\BaseConnection->query('UPDATE `investa...', Array, false)
#4 C:\xampp\htdocs\kelompok4-main\vendor\codeigniter4\framework\system\Model.php(396): CodeIgniter\Database\BaseBuilder->update()
#5 C:\xampp\htdocs\kelompok4-main\vendor\codeigniter4\framework\system\BaseModel.php(943): CodeIgniter\Model->doUpdate(Array, Array)
#6 C:\xampp\htdocs\kelompok4-main\vendor\codeigniter4\framework\system\Model.php(756): CodeIgniter\BaseModel->update(Array, Array)
#7 C:\xampp\htdocs\kelompok4-main\app\Controllers\KaryawanController.php(297): CodeIgniter\Model->update('slot', Array)
#8 C:\xampp\htdocs\kelompok4-main\vendor\codeigniter4\framework\system\CodeIgniter.php(934): App\Controllers\KaryawanController->updateInvestasi('slot')
#9 C:\xampp\htdocs\kelompok4-main\vendor\codeigniter4\framework\system\CodeIgniter.php(499): CodeIgniter\CodeIgniter->runController(Object(App\Controllers\KaryawanController))
#10 C:\xampp\htdocs\kelompok4-main\vendor\codeigniter4\framework\system\CodeIgniter.php(368): CodeIgniter\CodeIgniter->handleRequest(NULL, Object(Config\Cache), false)
#11 C:\xampp\htdocs\kelompok4-main\public\index.php(67): CodeIgniter\CodeIgniter->run()
#12 C:\xampp\htdocs\kelompok4-main\vendor\codeigniter4\framework\system\Commands\Server\rewrite.php(47): require_once('C:\\xampp\\htdocs...')
#13 {main}
CRITICAL - 2023-05-23 07:37:31 --> Unknown column 'investasi.id' in 'where clause'
in SYSTEMPATH\Database\MySQLi\Connection.php on line 295.
 1 SYSTEMPATH\Database\MySQLi\Connection.php(295): mysqli->query('UPDATE `investasi` SET `nama_investasi` = \'slot\', `tanggal` = \'0000-00-00\', `tahun` = \'2023\', `keuntungan` = \'10000000\', `biaya` = \'300000\'
WHERE `investasi`.`id` IN (\'slot\')', 0)
 2 SYSTEMPATH\Database\BaseConnection.php(691): CodeIgniter\Database\MySQLi\Connection->execute('UPDATE `investasi` SET `nama_investasi` = \'slot\', `tanggal` = \'0000-00-00\', `tahun` = \'2023\', `keuntungan` = \'10000000\', `biaya` = \'300000\'
WHERE `investasi`.`id` IN (\'slot\')')
 3 SYSTEMPATH\Database\BaseConnection.php(605): CodeIgniter\Database\BaseConnection->simpleQuery('UPDATE `investasi` SET `nama_investasi` = \'slot\', `tanggal` = \'0000-00-00\', `tahun` = \'2023\', `keuntungan` = \'10000000\', `biaya` = \'300000\'
WHERE `investasi`.`id` IN (\'slot\')')
 4 SYSTEMPATH\Database\BaseBuilder.php(2476): CodeIgniter\Database\BaseConnection->query('UPDATE `investasi` SET `nama_investasi` = :nama_investasi:, `tanggal` = :tanggal:, `tahun` = :tahun:, `keuntungan` = :keuntungan:, `biaya` = :biaya:
WHERE `investasi`.`id` IN :investasi.id:', [...], false)
 5 SYSTEMPATH\Model.php(396): CodeIgniter\Database\BaseBuilder->update()
 6 SYSTEMPATH\BaseModel.php(943): CodeIgniter\Model->doUpdate([...], [...])
 7 SYSTEMPATH\Model.php(756): CodeIgniter\BaseModel->update([...], [...])
 8 APPPATH\Controllers\KaryawanController.php(297): CodeIgniter\Model->update('slot', [...])
 9 SYSTEMPATH\CodeIgniter.php(934): App\Controllers\KaryawanController->updateInvestasi('slot')
10 SYSTEMPATH\CodeIgniter.php(499): CodeIgniter\CodeIgniter->runController(Object(App\Controllers\KaryawanController))
11 SYSTEMPATH\CodeIgniter.php(368): CodeIgniter\CodeIgniter->handleRequest(null, Object(Config\Cache), false)
12 FCPATH\index.php(67): CodeIgniter\CodeIgniter->run()
13 SYSTEMPATH\Commands\Server\rewrite.php(47): require_once('C:\\xampp\\htdocs\\kelompok4-main\\public\\index.php')
CRITICAL - 2023-05-23 07:49:01 --> Undefined property: App\Controllers\KaryawanController::$InvestasiModel
in APPPATH\Controllers\KaryawanController.php on line 305.
 1 APPPATH\Controllers\KaryawanController.php(305): CodeIgniter\Debug\Exceptions->errorHandler(2, 'Undefined property: App\\Controllers\\KaryawanController::$InvestasiModel', 'C:\\xampp\\htdocs\\kelompok4-main\\app\\Controllers\\KaryawanController.php', 305)
 2 SYSTEMPATH\CodeIgniter.php(934): App\Controllers\KaryawanController->deleteInvestasi('slot')
 3 SYSTEMPATH\CodeIgniter.php(499): CodeIgniter\CodeIgniter->runController(Object(App\Controllers\KaryawanController))
 4 SYSTEMPATH\CodeIgniter.php(368): CodeIgniter\CodeIgniter->handleRequest(null, Object(Config\Cache), false)
 5 FCPATH\index.php(67): CodeIgniter\CodeIgniter->run()
 6 SYSTEMPATH\Commands\Server\rewrite.php(47): require_once('C:\\xampp\\htdocs\\kelompok4-main\\public\\index.php')
INFO - 2023-05-23 10:15:30 --> Session: Class initialized using 'CodeIgniter\Session\Handlers\FileHandler' driver.
INFO - 2023-05-23 18:56:04 --> Session: Class initialized using 'CodeIgniter\Session\Handlers\FileHandler' driver.
INFO - 2023-05-23 18:56:14 --> Session: Class initialized using 'CodeIgniter\Session\Handlers\FileHandler' driver.
CRITICAL - 2023-05-23 19:07:29 --> Undefined array key "id"
in APPPATH\Views\karyawan.php on line 140.
 1 APPPATH\Views\karyawan.php(140): CodeIgniter\Debug\Exceptions->errorHandler(2, 'Undefined array key "id"', 'C:\\xampp\\htdocs\\kelompok4-main\\app\\Views\\karyawan.php', 140)
 2 SYSTEMPATH\View\View.php(213): include('C:\\xampp\\htdocs\\kelompok4-main\\app\\Views\\karyawan.php')
 3 SYSTEMPATH\View\View.php(216): CodeIgniter\View\View->CodeIgniter\View\{closure}()
 4 SYSTEMPATH\Common.php(1184): CodeIgniter\View\View->render('karyawan', [], true)
 5 APPPATH\Controllers\KaryawanController.php(27): view('karyawan', [...])
 6 SYSTEMPATH\CodeIgniter.php(934): App\Controllers\KaryawanController->index()
 7 SYSTEMPATH\CodeIgniter.php(499): CodeIgniter\CodeIgniter->runController(Object(App\Controllers\KaryawanController))
 8 SYSTEMPATH\CodeIgniter.php(368): CodeIgniter\CodeIgniter->handleRequest(null, Object(Config\Cache), false)
 9 FCPATH\index.php(67): CodeIgniter\CodeIgniter->run()
10 SYSTEMPATH\Commands\Server\rewrite.php(47): require_once('C:\\xampp\\htdocs\\kelompok4-main\\public\\index.php')
